Log file open, 05/27/21 10:29:29
LogWindows: Failed to load 'aqProf.dll' (GetLastError=126)
LogWindows: File 'aqProf.dll' does not exist
LogWindows: Failed to load 'VSPerf140.dll' (GetLastError=126)
LogWindows: File 'VSPerf140.dll' does not exist
LogWindows: Failed to load 'VtuneApi.dll' (GetLastError=126)
LogWindows: File 'VtuneApi.dll' does not exist
LogWindows: Failed to load 'VtuneApi32e.dll' (GetLastError=126)
LogWindows: File 'VtuneApi32e.dll' does not exist
LogInit: Display: Running engine for game: BallRunner
LogPlatformFile: Not using cached read wrapper
LogTaskGraph: Started task graph with 5 named threads and 35 total threads with 3 sets of task threads.
LogStats: Stats thread started at 0.553168
LogD3D11RHI: Loaded GFSDK_Aftermath_Lib.x64.dll
LogICUInternationalization: Display: ICU TimeZone Detection - Raw Offset: +1:00, Platform Override: ''
LogPluginManager: Mounting plugin Paper2D
LogPluginManager: Mounting plugin AISupport
LogPluginManager: Mounting plugin LightPropagationVolume
LogPluginManager: Mounting plugin CLionSourceCodeAccess
LogPluginManager: Mounting plugin CodeLiteSourceCodeAccess
LogPluginManager: Mounting plugin GitSourceControl
LogPluginManager: Mounting plugin KDevelopSourceCodeAccess
LogPluginManager: Mounting plugin NullSourceCodeAccess
LogPluginManager: Mounting plugin PerforceSourceControl
LogPluginManager: Mounting plugin SubversionSourceControl
LogPluginManager: Mounting plugin UObjectPlugin
LogPluginManager: Mounting plugin VisualStudioCodeSourceCodeAccess
LogPluginManager: Mounting plugin VisualStudioSourceCodeAccess
LogPluginManager: Mounting plugin XCodeSourceCodeAccess
LogPluginManager: Mounting plugin AssetManagerEditor
LogPluginManager: Mounting plugin CryptoKeys
LogPluginManager: Mounting plugin DataValidation
LogPluginManager: Mounting plugin FacialAnimation
LogPluginManager: Mounting plugin GameplayTagsEditor
LogPluginManager: Mounting plugin MacGraphicsSwitching
LogPluginManager: Mounting plugin MeshEditor
LogPluginManager: Mounting plugin MobileLauncherProfileWizard
LogPluginManager: Mounting plugin PluginBrowser
LogPluginManager: Mounting plugin SpeedTreeImporter
LogPluginManager: Mounting plugin DatasmithContent
LogPluginManager: Mounting plugin AlembicImporter
LogPluginManager: Mounting plugin AppleImageUtils
LogPluginManager: Mounting plugin AppleVision
LogPluginManager: Mounting plugin BackChannel
LogPluginManager: Mounting plugin CharacterAI
LogPluginManager: Mounting plugin GeometryCache
LogPluginManager: Mounting plugin HTML5Networking
LogPluginManager: Mounting plugin ProxyLODPlugin
LogPluginManager: Mounting plugin MagicLeap
LogPluginManager: Mounting plugin MagicLeapEmulator
LogPluginManager: Mounting plugin MagicLeapMedia
LogPluginManager: Mounting plugin AndroidMedia
LogPluginManager: Mounting plugin AvfMedia
LogPluginManager: Mounting plugin ImgMedia
LogPluginManager: Mounting plugin LinearTimecode
LogPluginManager: Mounting plugin MediaCompositing
LogPluginManager: Mounting plugin MediaPlayerEditor
LogPluginManager: Mounting plugin WmfMedia
LogPluginManager: Mounting plugin TcpMessaging
LogPluginManager: Mounting plugin UdpMessaging
LogPluginManager: Mounting plugin ActorSequence
LogPluginManager: Mounting plugin LevelSequenceEditor
LogPluginManager: Mounting plugin MatineeToLevelSequence
LogPluginManager: Mounting plugin NetcodeUnitTest
LogPluginManager: Mounting plugin NUTUnrealEngine4
LogPluginManager: Mounting plugin OnlineSubsystemGooglePlay
LogPluginManager: Mounting plugin OnlineSubsystemIOS
LogPluginManager: Mounting plugin OnlineSubsystem
LogPluginManager: Mounting plugin OnlineSubsystemNull
LogPluginManager: Mounting plugin OnlineSubsystemUtils
LogPluginManager: Mounting plugin LauncherChunkInstaller
LogPluginManager: Mounting plugin AndroidDeviceProfileSelector
LogPluginManager: Mounting plugin AndroidMoviePlayer
LogPluginManager: Mounting plugin AndroidPermission
LogPluginManager: Mounting plugin AppleMoviePlayer
LogPluginManager: Mounting plugin ArchVisCharacter
LogPluginManager: Mounting plugin AudioCapture
LogPluginManager: Mounting plugin CableComponent
LogPluginManager: Mounting plugin CustomMeshComponent
LogPluginManager: Mounting plugin EditableMesh
LogPluginManager: Mounting plugin ExampleDeviceProfileSelector
LogPluginManager: Mounting plugin GoogleCloudMessaging
LogPluginManager: Mounting plugin ImmediatePhysics
LogPluginManager: Mounting plugin IOSDeviceProfileSelector
LogPluginManager: Mounting plugin LinuxDeviceProfileSelector
LogPluginManager: Mounting plugin LocationServicesBPLibrary
LogPluginManager: Mounting plugin MobilePatchingUtils
LogPluginManager: Mounting plugin OculusVR
LogPluginManager: Plugin shader directory ../../../Engine/Plugins/Runtime/Oculus/OculusVR/Shaders found
LogPluginManager: Mapping shader source directory ../../../Engine/Plugins/Runtime/Oculus/OculusVR/Shaders to virtual directory /Plugin/OculusVR
LogPluginManager: Mounting plugin PhysXVehicles
LogPluginManager: Mounting plugin ProceduralMeshComponent
LogPluginManager: Mounting plugin RuntimePhysXCooking
LogPluginManager: Mounting plugin SteamVR
LogPluginManager: Mounting plugin WindowsMoviePlayer
LogStreaming: Display: Took  0.069s to configure plugins.
LogInit: Using libcurl 7.55.1-DEV
LogInit:  - built for x86_64-pc-win32
LogInit:  - supports SSL with OpenSSL/1.0.2h
LogInit:  - supports HTTP deflate (compression) using libz 1.2.8
LogInit:  - other features:
LogInit:      CURL_VERSION_SSL
LogInit:      CURL_VERSION_LIBZ
LogInit:      CURL_VERSION_IPV6
LogInit:      CURL_VERSION_ASYNCHDNS
LogInit:      CURL_VERSION_LARGEFILE
LogInit:      CURL_VERSION_IDN
LogInit:  CurlRequestOptions (configurable via config and command line):
LogInit:  - bVerifyPeer = false  - Libcurl will NOT verify peer certificate
LogInit:  - bUseHttpProxy = false  - Libcurl will NOT use HTTP proxy
LogInit:  - bDontReuseConnections = false  - Libcurl will reuse connections
LogInit:  - CertBundlePath = nullptr  - Libcurl will use whatever was configured at build time.
LogInit:  - MaxHostConnections = 16  - Libcurl will limit the number of connections to a host
LogInit:  - LocalHostAddr = Default
LogInit:  - BufferSize = 65536
LogInit: WinSock: version 1.1 (2.2), MaxSocks=32767, MaxUdp=65467
LogInit: Build: ++UE4+Release-4.20-CL-4369336
LogInit: Engine Version: 4.20.3-4369336+++UE4+Release-4.20
LogInit: Compatible Engine Version: 4.20.0-4212847+++UE4+Release-4.20
LogInit: Net CL: 4212847
LogInit: OS: Windows 10 (), CPU: Intel(R) Core(TM) i7-9750H CPU @ 2.60GHz, GPU: Intel(R) UHD Graphics 630
LogInit: Compiled (64-bit): Sep 17 2018 12:26:19
LogInit: Compiled with Visual C++: 19.13.26129.00
LogInit: Build Configuration: Development
LogInit: Branch Name: ++UE4+Release-4.20
LogInit: Command Line: -EpicPortal  -epicusername="LottieChar" -epicuserid=323b72e8b67847799dafc345eb1072de -epiclocale=pl
LogInit: Base Directory: P:/Unreal/UE_4.20/Engine/Binaries/Win64/
LogInit: Installed Engine Build: 1
LogDevObjectVersion: Number of dev versions registered: 20
LogDevObjectVersion:   Dev-Blueprints (B0D832E4-1F89-4F0D-ACCF-7EB736FD4AA2): 10
LogDevObjectVersion:   Dev-Build (E1C64328-A22C-4D53-A36C-8E866417BD8C): 0
LogDevObjectVersion:   Dev-Core (375EC13C-06E4-48FB-B500-84F0262A717E): 2
LogDevObjectVersion:   Dev-Editor (E4B068ED-F494-42E9-A231-DA0B2E46BB41): 24
LogDevObjectVersion:   Dev-Framework (CFFC743F-43B0-4480-9391-14DF171D2073): 34
LogDevObjectVersion:   Dev-Mobile (B02B49B5-BB20-44E9-A304-32B752E40360): 2
LogDevObjectVersion:   Dev-Networking (A4E4105C-59A1-49B5-A7C5-40C4547EDFEE): 0
LogDevObjectVersion:   Dev-Online (39C831C9-5AE6-47DC-9A44-9C173E1C8E7C): 0
LogDevObjectVersion:   Dev-Physics (78F01B33-EBEA-4F98-B9B4-84EACCB95AA2): 0
LogDevObjectVersion:   Dev-Platform (6631380F-2D4D-43E0-8009-CF276956A95A): 0
LogDevObjectVersion:   Dev-Rendering (12F88B9F-8875-4AFC-A67C-D90C383ABD29): 26
LogDevObjectVersion:   Dev-Sequencer (7B5AE74C-D270-4C10-A958-57980B212A5A): 9
LogDevObjectVersion:   Dev-VR (D7296918-1DD6-4BDD-9DE2-64A83CC13884): 2
LogDevObjectVersion:   Dev-LoadTimes (C2A15278-BFE7-4AFE-6C17-90FF531DF755): 1
LogDevObjectVersion:   Private-Geometry (6EACA3D4-40EC-4CC1-B786-8BED09428FC5): 3
LogDevObjectVersion:   Dev-AnimPhys (29E575DD-E0A3-4627-9D10-D276232CDCEA): 17
LogDevObjectVersion:   Dev-ReflectionCapture (6B266CEC-1EC7-4B8F-A30B-E4D90942FC07): 1
LogDevObjectVersion:   Dev-Automation (0DF73D61-A23F-47EA-B727-89E90C41499A): 1
LogDevObjectVersion:   FortniteMain (601D1886-AC64-4F84-AA16-D3DE0DEAC7D6): 12
LogDevObjectVersion:   Dev-Enterprise (9DFFBCD6-494F-0158-E221-12823C92A888): 1
LogStreaming: Display: Took  0.000s to delete old logs.
LogInit: Presizing for max 8388607 objects, including 0 objects not considered by GC, pre-allocating 0 bytes for permanent pool.
LogInit: Object subsystem initialized
[2021.05.27-08.29.30:155][  0]LogInit: Selected Device Profile: [Windows]
[2021.05.27-08.29.30:155][  0]LogInit: Applying CVar settings loaded from the selected device profile: [Windows]
[2021.05.27-08.29.30:162][  0]LogHAL: Display: Platform has ~ 16 GB [17023324160 / 17179869184 / 16], which maps to Larger [LargestMinGB=32, LargerMinGB=12, DefaultMinGB=8, SmallerMinGB=6, SmallestMinGB=0)
[2021.05.27-08.29.30:162][  0]LogInit: Setting Device Profile CVar: [[r.Vulkan.UseRealUBs:1]]
[2021.05.27-08.29.30:162][  0]LogInit: Going up to parent DeviceProfile []
[2021.05.27-08.29.30:162][  0]LogInit: Computer: LAPTOP-G3O3VCMT
[2021.05.27-08.29.30:162][  0]LogInit: User: Lotka
[2021.05.27-08.29.30:162][  0]LogInit: CPU Page size=4096, Cores=6
[2021.05.27-08.29.30:162][  0]LogInit: High frequency timer resolution =10.000000 MHz
[2021.05.27-08.29.30:162][  0]LogMemory: Memory total: Physical=15.9GB (16GB approx)
[2021.05.27-08.29.30:162][  0]LogMemory: Platform Memory Stats for Windows
[2021.05.27-08.29.30:162][  0]LogMemory: Process Physical Memory: 102.95 MB used, 102.96 MB peak
[2021.05.27-08.29.30:162][  0]LogMemory: Process Virtual Memory: 86.05 MB used, 86.05 MB peak
[2021.05.27-08.29.30:162][  0]LogMemory: Physical Memory: 8721.56 MB used,  7513.15 MB free, 16234.71 MB total
[2021.05.27-08.29.30:162][  0]LogMemory: Virtual Memory: 4641.50 MB used,  7513.15 MB free, 134217728.00 MB total
[2021.05.27-08.29.30:227][  0]LogInit: Using OS detected language (pl-PL).
[2021.05.27-08.29.30:227][  0]LogInit: Using OS detected locale (pl-PL).
[2021.05.27-08.29.30:228][  0]LogTextLocalizationManager: No specific localization for 'pl-PL' exists, so the 'pl' localization will be used.
[2021.05.27-08.29.30:229][  0]LogStreaming: Display: Took  0.002s to InitEngineTextLocalization.
[2021.05.27-08.29.30:229][  0]LogInit: Setting process to per monitor DPI aware
[2021.05.27-08.29.30:261][  0]LogSlate: New Slate User Created.  User Index 0, Is Virtual User: 0
[2021.05.27-08.29.30:261][  0]LogSlate: Slate User Registered.  User Index 0, Is Virtual User: 0
[2021.05.27-08.29.30:467][  0]LogHMD: Failed to initialize OpenVR with code 110
[2021.05.27-08.29.30:467][  0]LogD3D11RHI: D3D11 adapters:
[2021.05.27-08.29.30:578][  0]LogD3D11RHI:    0. 'NVIDIA GeForce RTX 2070' (Feature Level 11_0)
[2021.05.27-08.29.30:578][  0]LogD3D11RHI:       8031/0/8117 MB DedicatedVideo/DedicatedSystem/SharedSystem, Outputs:2, VendorId:0x10de
[2021.05.27-08.29.30:589][  0]LogD3D11RHI:    1. 'Intel(R) UHD Graphics 630' (Feature Level 11_0)
[2021.05.27-08.29.30:589][  0]LogD3D11RHI:       128/0/8117 MB DedicatedVideo/DedicatedSystem/SharedSystem, Outputs:0, VendorId:0x8086
[2021.05.27-08.29.30:591][  0]LogD3D11RHI:    2. 'Microsoft Basic Render Driver' (Feature Level 11_0)
[2021.05.27-08.29.30:591][  0]LogD3D11RHI:       0/0/8117 MB DedicatedVideo/DedicatedSystem/SharedSystem, Outputs:0, VendorId:0x1414
[2021.05.27-08.29.30:591][  0]LogD3D11RHI: Chosen D3D11 Adapter: 0
[2021.05.27-08.29.30:597][  0]LogD3D11RHI: Creating new Direct3DDevice
[2021.05.27-08.29.30:597][  0]LogD3D11RHI:     GPU DeviceId: 0x1f10 (for the marketing name, search the web for "GPU Device Id")
[2021.05.27-08.29.30:597][  0]LogWindows: EnumDisplayDevices:
[2021.05.27-08.29.30:597][  0]LogWindows:    0. 'Intel(R) UHD Graphics 630' (P:1 D:1)
[2021.05.27-08.29.30:597][  0]LogWindows:    1. 'Intel(R) UHD Graphics 630' (P:0 D:0)
[2021.05.27-08.29.30:598][  0]LogWindows:    2. 'Intel(R) UHD Graphics 630' (P:0 D:0)
[2021.05.27-08.29.30:598][  0]LogWindows:    3. 'NVIDIA GeForce RTX 2070' (P:0 D:1)
[2021.05.27-08.29.30:598][  0]LogWindows:    4. 'NVIDIA GeForce RTX 2070' (P:0 D:0)
[2021.05.27-08.29.30:598][  0]LogWindows:    5. 'NVIDIA GeForce RTX 2070' (P:0 D:0)
[2021.05.27-08.29.30:598][  0]LogWindows:    6. 'NVIDIA GeForce RTX 2070' (P:0 D:0)
[2021.05.27-08.29.30:598][  0]LogWindows: DebugString: PrimaryIsNotTheChoosenAdapter PrimaryIsNotTheChoosenAdapter PrimaryIsNotTheChoosenAdapter FoundDriverCount:4 
[2021.05.27-08.29.30:598][  0]LogD3D11RHI:     Adapter Name: NVIDIA GeForce RTX 2070
[2021.05.27-08.29.30:598][  0]LogD3D11RHI:   Driver Version: 466.27 (internal:27.21.14.6627, unified:466.27)
[2021.05.27-08.29.30:599][  0]LogD3D11RHI:      Driver Date: 4-23-2021
[2021.05.27-08.29.30:599][  0]LogRHI: Texture pool is 5621 MB (70% of 8031 MB)
[2021.05.27-08.29.30:686][  0]LogD3D11RHI: Async texture creation enabled
[2021.05.27-08.29.30:703][  0]LogD3D11RHI: GPU Timing Frequency: 1000.000000 (Debug: 2 1)
[2021.05.27-08.29.30:706][  0]LogD3D11RHI: HDR output is supported on display 1 (NvId: 0x80061081).
[2021.05.27-08.29.30:706][  0]LogShaderCompilers: Guid format shader working directory is -6 characters bigger than the processId version (../../../../Projekty/BallRunner_W.Gawlik/BallRunner/Intermediate/Shaders/WorkingDirectory/16360/).
[2021.05.27-08.29.30:707][  0]LogShaderCompilers: Cleaned the shader compiler working directory 'C:/Users/Lotka/AppData/Local/Temp/UnrealShaderWorkingDir/88CD99844D7AD649D3741EBEAE6439A9/'.
[2021.05.27-08.29.30:928][  0]LogTemp: Display: Loaded TP AllDesktopTargetPlatform
[2021.05.27-08.29.30:943][  0]LogTemp: Display: Loaded TP MacClientTargetPlatform
[2021.05.27-08.29.30:964][  0]LogTemp: Display: Loaded TP MacNoEditorTargetPlatform
[2021.05.27-08.29.30:982][  0]LogTemp: Display: Loaded TP MacServerTargetPlatform
[2021.05.27-08.29.31:000][  0]LogTemp: Display: Loaded TP MacTargetPlatform
[2021.05.27-08.29.31:016][  0]LogTemp: Display: Loaded TP WindowsClientTargetPlatform
[2021.05.27-08.29.31:028][  0]LogTemp: Display: Loaded TP WindowsNoEditorTargetPlatform
[2021.05.27-08.29.31:041][  0]LogTemp: Display: Loaded TP WindowsServerTargetPlatform
[2021.05.27-08.29.31:046][  0]LogTemp: Display: Loaded TP WindowsTargetPlatform
[2021.05.27-08.29.31:124][  0]LogTemp: Display: Loaded TP AndroidTargetPlatform
[2021.05.27-08.29.31:124][  0]LogTemp: Display: Loaded TP AndroidTargetPlatform
[2021.05.27-08.29.31:125][  0]LogTemp: Display: Loaded TP AndroidTargetPlatform
[2021.05.27-08.29.31:125][  0]LogTemp: Display: Loaded TP AndroidTargetPlatform
[2021.05.27-08.29.31:125][  0]LogTemp: Display: Loaded TP AndroidTargetPlatform
[2021.05.27-08.29.31:125][  0]LogTemp: Display: Loaded TP AndroidTargetPlatform
[2021.05.27-08.29.31:125][  0]LogTemp: Display: Loaded TP AndroidTargetPlatform
[2021.05.27-08.29.31:125][  0]LogTemp: Display: Loaded TP AndroidTargetPlatform
[2021.05.27-08.29.31:125][  0]LogTemp: Display: Loaded TP AndroidTargetPlatform
[2021.05.27-08.29.31:125][  0]LogTemp: Display: Loaded TP AndroidTargetPlatform
[2021.05.27-08.29.31:125][  0]LogTemp: Display: Loaded TP AndroidTargetPlatform
[2021.05.27-08.29.31:125][  0]LogTemp: Display: Loaded TP AndroidTargetPlatform
[2021.05.27-08.29.31:125][  0]LogTemp: Display: Loaded TP AndroidTargetPlatform
[2021.05.27-08.29.31:125][  0]LogTemp: Display: Loaded TP AndroidTargetPlatform
[2021.05.27-08.29.31:125][  0]LogTemp: Display: Loaded TP AndroidTargetPlatform
[2021.05.27-08.29.31:125][  0]LogTemp: Display: Loaded TP AndroidTargetPlatform
[2021.05.27-08.29.31:125][  0]LogTemp: Display: Loaded TP AndroidTargetPlatform
[2021.05.27-08.29.31:125][  0]LogTemp: Display: Loaded TP AndroidTargetPlatform
[2021.05.27-08.29.31:126][  0]LogTemp: Display: Loaded TP HTML5TargetPlatform
[2021.05.27-08.29.31:182][  0]LogTemp: Display: Loaded TP IOSTargetPlatform
[2021.05.27-08.29.31:182][  0]LogTemp: Display: Loaded TP IOSTargetPlatform
[2021.05.27-08.29.31:201][  0]LogTemp: Display: Loaded TP TVOSTargetPlatform
[2021.05.27-08.29.31:201][  0]LogTemp: Display: Loaded TP TVOSTargetPlatform
[2021.05.27-08.29.31:211][  0]LogTemp: Display: Loaded TP LinuxClientTargetPlatform
[2021.05.27-08.29.31:221][  0]LogTemp: Display: Loaded TP LinuxNoEditorTargetPlatform
[2021.05.27-08.29.31:231][  0]LogTemp: Display: Loaded TP LinuxServerTargetPlatform
[2021.05.27-08.29.31:242][  0]LogTemp: Display: Loaded TP LinuxTargetPlatform
[2021.05.27-08.29.31:249][  0]LogTemp: Display: Loaded TP LuminTargetPlatform
[2021.05.27-08.29.31:249][  0]LogTargetPlatformManager: Display: Building Assets For Windows
[2021.05.27-08.29.31:287][  0]LogXGEController: Cannot use XGE Controller as Incredibuild is not installed on this machine.
[2021.05.27-08.29.31:287][  0]LogShaderCompilers: Cannot use XGE Shader Compiler as Incredibuild is not installed on this machine.
[2021.05.27-08.29.31:287][  0]LogShaderCompilers: Display: Using Local Shader Compiler.
[2021.05.27-08.29.31:935][  0]LogDerivedDataCache: Display: Max Cache Size: 512 MB
[2021.05.27-08.29.31:988][  0]LogDerivedDataCache: Loaded boot cache 0.05s 71MB C:/Users/Lotka/AppData/Local/UnrealEngine/4.20/DerivedDataCache/Boot.ddc.
[2021.05.27-08.29.31:989][  0]LogDerivedDataCache: Display: Loaded Boot cache: C:/Users/Lotka/AppData/Local/UnrealEngine/4.20/DerivedDataCache/Boot.ddc
[2021.05.27-08.29.31:989][  0]LogDerivedDataCache: FDerivedDataBackendGraph:  Pak pak cache file ../../../../Projekty/BallRunner_W.Gawlik/BallRunner/DerivedDataCache/DDC.ddp not found, will not use a pak cache.
[2021.05.27-08.29.31:989][  0]LogDerivedDataCache: Unable to find inner node Pak for hierarchical cache Hierarchy.
[2021.05.27-08.29.31:989][  0]LogDerivedDataCache: FDerivedDataBackendGraph:  CompressedPak pak cache file ../../../../Projekty/BallRunner_W.Gawlik/BallRunner/DerivedDataCache/Compressed.ddp not found, will not use a pak cache.
[2021.05.27-08.29.31:989][  0]LogDerivedDataCache: Unable to find inner node CompressedPak for hierarchical cache Hierarchy.
[2021.05.27-08.29.32:002][  0]LogDerivedDataCache: Display: Pak cache opened for reading ../../../Engine/DerivedDataCache/Compressed.ddp.
[2021.05.27-08.29.32:014][  0]LogDerivedDataCache: Using Local data cache path C:/Users/Lotka/AppData/Local/UnrealEngine/Common/DerivedDataCache: Writable
[2021.05.27-08.29.32:014][  0]LogDerivedDataCache: Shared data cache path not found in *engine.ini, will not use an Shared cache.
[2021.05.27-08.29.32:014][  0]LogDerivedDataCache: Unable to find inner node Shared for hierarchical cache Hierarchy.
[2021.05.27-08.29.32:029][  0]LogMaterial: Verifying Global Shaders for PCD3D_SM5
[2021.05.27-08.29.32:030][  0]LogSlate: Using FreeType 2.6.0
[2021.05.27-08.29.32:030][  0]LogSlate: SlateFontServices - WITH_FREETYPE: 1, WITH_HARFBUZZ: 1
[2021.05.27-08.29.32:096][  0]LogAssetRegistry: FAssetRegistry took 0.0251 seconds to start up
[2021.05.27-08.29.32:354][  0]LogInit: Selected Device Profile: [Windows]
[2021.05.27-08.29.32:453][  0]LogSimplygon: Simplygon DLL not present - disabling.
[2021.05.27-08.29.32:454][  0]LogMeshReduction: Using SimplygonSwarm for distributed automatic mesh merging
[2021.05.27-08.29.32:454][  0]LogMeshReduction: Using ProxyLODMeshReduction for automatic mesh merging
[2021.05.27-08.29.32:454][  0]LogMeshReduction: Using QuadricMeshReduction for automatic static mesh reduction
[2021.05.27-08.29.32:454][  0]LogMeshReduction: No automatic skeletal mesh reduction module available
[2021.05.27-08.29.32:470][  0]LogNetVersion: BallRunner 1.0.0, NetCL: 4212847, EngineNetVer: 5, GameNetVer: 0 (Checksum: 346235534)
[2021.05.27-08.29.32:840][  0]LogPackageLocalizationCache: Processed 11 localized package path(s) for 2 prioritized culture(s) in 0.049110 seconds
[2021.05.27-08.29.32:845][  0]LogUObjectArray: 38425 objects as part of root set at end of initial load.
[2021.05.27-08.29.32:845][  0]LogUObjectAllocator: 6690864 out of 0 bytes used by permanent object pool.
[2021.05.27-08.29.32:845][  0]LogUObjectArray: CloseDisregardForGC: 0/0 objects in disregard for GC pool
[2021.05.27-08.29.33:523][  0]LogTcpMessaging: Initializing TcpMessaging bridge
[2021.05.27-08.29.33:535][  0]LogUdpMessaging: Initializing bridge on interface 0.0.0.0:0 to multicast group 230.0.0.1:6666.
[2021.05.27-08.29.33:654][  0]SourceControl: Source control is disabled
[2021.05.27-08.29.33:654][  0]SourceControl: Source control is disabled
[2021.05.27-08.29.33:655][  0]SourceControl: Source control is disabled
[2021.05.27-08.29.33:656][  0]SourceControl: Source control is disabled
[2021.05.27-08.29.33:790][  0]LogAndroidPermission: UAndroidPermissionCallbackProxy::GetInstance
[2021.05.27-08.29.34:328][  0]LogOcInput: OculusInput pre-init called
[2021.05.27-08.29.34:375][  0]LogEngine: Initializing Engine...
[2021.05.27-08.29.34:376][  0]LogHMD: Failed to initialize OpenVR with code 110
[2021.05.27-08.29.34:377][  0]LogStats: UGameplayTagsManager::ConstructGameplayTagTree: ImportINI prefixes -  0.000 s
[2021.05.27-08.29.34:377][  0]LogStats: UGameplayTagsManager::ConstructGameplayTagTree: Construct from data asset -  0.000 s
[2021.05.27-08.29.34:377][  0]LogStats: UGameplayTagsManager::ConstructGameplayTagTree: ImportINI -  0.000 s
[2021.05.27-08.29.34:377][  0]LogStats: UGameplayTagsManager::ConstructGameplayTagTree: GameplayTagTreeChangedEvent.Broadcast -  0.000 s
[2021.05.27-08.29.34:549][  0]LogInit: Initializing FReadOnlyCVARCache
[2021.05.27-08.29.34:556][  0]LogAIModule: Creating AISystem for world Untitled
[2021.05.27-08.29.34:579][  0]LogInit: XAudio2 using 'Głośniki (USB Audio Device)' : 2 channels at 48 kHz using 16 bits per sample (channel mask 0x3)
[2021.05.27-08.29.34:598][  0]LogInit: FAudioDevice initialized.
[2021.05.27-08.29.34:599][  0]LogNetVersion: Set ProjectVersion to 1.0.0.0. Version Checksum will be recalculated on next use.
[2021.05.27-08.29.34:644][  0]LogDerivedDataCache: Saved boot cache 0.04s 71MB C:/Users/Lotka/AppData/Local/UnrealEngine/4.20/DerivedDataCache/Boot.ddc.
[2021.05.27-08.29.34:650][  0]LogInit: Texture streaming: Enabled
[2021.05.27-08.29.34:660][  0]LogEngineSessionManager: EngineSessionManager initialized
[2021.05.27-08.29.34:668][  0]LogInit: Transaction tracking system initialized
[2021.05.27-08.29.34:678][  0]BlueprintLog: New page: Editor Load
[2021.05.27-08.29.34:720][  0]LocalizationService: Localization service is disabled
[2021.05.27-08.29.34:934][  0]LogCook: Display: Max memory allowance for cook 16384mb min free memory 0mb
[2021.05.27-08.29.34:934][  0]LogCook: Display: Mobile HDR setting 1
[2021.05.27-08.29.34:934][  0]LogGameplayTags: Display: UGameplayTagsManager::DoneAddingNativeTags. DelegateIsBound: 0
[2021.05.27-08.29.34:934][  0]LogStats: UGameplayTagsManager::ConstructGameplayTagTree: ImportINI prefixes -  0.000 s
[2021.05.27-08.29.34:934][  0]LogStats: UGameplayTagsManager::ConstructGameplayTagTree: Construct from data asset -  0.000 s
[2021.05.27-08.29.34:934][  0]LogStats: UGameplayTagsManager::ConstructGameplayTagTree: ImportINI -  0.000 s
[2021.05.27-08.29.34:934][  0]LogStats: UGameplayTagsManager::ConstructGameplayTagTree: GameplayTagTreeChangedEvent.Broadcast -  0.000 s
[2021.05.27-08.29.35:033][  0]LogFileCache: Scanning file cache for directory 'P:/Unreal/Projekty/BallRunner_W.Gawlik/BallRunner/Content/' took 0.01s
[2021.05.27-08.29.35:033][  0]SourceControl: Source control is disabled
[2021.05.27-08.29.35:033][  0]Cmd: MAP LOAD FILE="../../../../Projekty/BallRunner_W.Gawlik/BallRunner/Content/StarterContent/Maps/Minimal_Default.umap" TEMPLATE=0 SHOWPROGRESS=1 FEATURELEVEL=3
[2021.05.27-08.29.35:034][  0]LightingResults: New page: Lighting Build
[2021.05.27-08.29.35:036][  0]MapCheck: New page: Map Check
[2021.05.27-08.29.35:036][  0]LightingResults: New page: Lighting Build
[2021.05.27-08.29.35:341][  0]LogAIModule: Creating AISystem for world Minimal_Default
[2021.05.27-08.29.35:349][  0]LogEditorServer: Finished looking for orphan Actors (0.000 secs)
[2021.05.27-08.29.35:373][  0]Cmd: MAP CHECKDEP NOCLEARLOG
[2021.05.27-08.29.35:431][  0]MapCheck: Map check complete: 0 Error(s), 0 Warning(s), took 58,953ms to complete.
[2021.05.27-08.29.35:431][  0]LogFileHelpers: Loading map 'Minimal_Default' took 0.399
[2021.05.27-08.29.35:520][  0]LogSlate: Updating window title bar state: overlay mode, drag disabled, window buttons hidden, title bar hidden
[2021.05.27-08.29.35:526][  0]LogSlate: Updating window title bar state: overlay mode, drag disabled, window buttons hidden, title bar hidden
[2021.05.27-08.29.35:533][  0]LogSlate: Updating window title bar state: overlay mode, drag disabled, window buttons hidden, title bar hidden
[2021.05.27-08.29.35:541][  0]LogSlate: Updating window title bar state: overlay mode, drag disabled, window buttons hidden, title bar hidden
[2021.05.27-08.29.35:545][  0]LogCollectionManager: Loaded 0 collections in 0.000633 seconds
[2021.05.27-08.29.35:586][  0]LogFileCache: Scanning file cache for directory 'P:/Unreal/Projekty/BallRunner_W.Gawlik/BallRunner/Saved/Collections/' took 0.01s
[2021.05.27-08.29.35:586][  0]LogFileCache: Scanning file cache for directory 'P:/Unreal/Projekty/BallRunner_W.Gawlik/BallRunner/Content/Developers/Lotka/Collections/' took 0.01s
[2021.05.27-08.29.35:586][  0]LogFileCache: Scanning file cache for directory 'P:/Unreal/Projekty/BallRunner_W.Gawlik/BallRunner/Content/Collections/' took 0.01s
[2021.05.27-08.29.35:586][  0]LogCollectionManager: Rebuilt the GUID cache for 0 collections in 0.000000 seconds
[2021.05.27-08.29.35:595][  0]LogContentBrowser: Native class hierarchy populated in 0.0080 seconds. Added 2572 classes and 603 folders.
[2021.05.27-08.29.35:598][  0]LogContentBrowser: Native class hierarchy updated for 'WidgetCarousel' in 0.0002 seconds. Added 0 classes and 0 folders.
[2021.05.27-08.29.35:637][  0]LogContentBrowser: Native class hierarchy updated for 'AddContentDialog' in 0.0002 seconds. Added 0 classes and 0 folders.
[2021.05.27-08.29.35:641][  0]LogContentBrowser: Native class hierarchy updated for 'SceneOutliner' in 0.0003 seconds. Added 1 classes and 2 folders.
[2021.05.27-08.29.36:565][  0]LogSlate: Only BGRA pngs, bmps or icos are supported in by External Image Picker
[2021.05.27-08.29.36:595][  0]LogSlate: Took 0.000287 seconds to synchronously load lazily loaded font '../../../Engine/Content/Slate/Fonts/Roboto-Regular.ttf' (155K)
[2021.05.27-08.29.36:598][  0]LogSlate: Took 0.000406 seconds to synchronously load lazily loaded font '../../../Engine/Content/Slate/Fonts/Roboto-Bold.ttf' (160K)
[2021.05.27-08.29.36:604][  0]LogSlate: Took 0.000213 seconds to synchronously load lazily loaded font '../../../Engine/Content/Editor/Slate/Fonts/FontAwesome.ttf' (139K)
[2021.05.27-08.29.36:700][  0]LogTemp: Executing iPhonePackager certificates Engine -bundlename com.YourCompany.BallRunner
[2021.05.27-08.29.36:700][  0]LogTemp: CWD: P:\Unreal\UE_4.20\Engine\Binaries\DotNET\IOS
[2021.05.27-08.29.36:700][  0]LogTemp: Initial Dir: P:\Unreal\UE_4.20
[2021.05.27-08.29.36:700][  0]LogTemp: Env CWD: P:\Unreal\UE_4.20\Engine\Binaries\DotNET\IOS
[2021.05.27-08.29.36:700][  0]LogTemp: BranchPath = LAPTOP-G3O3VCMT/P/Unreal/UE_4.20/Engine/Binaries --- GameBranchPath = LAPTOP-G3O3VCMT/P/Unreal/UE_4.20/Engine/Binaries
[2021.05.27-08.29.36:700][  0]LogTemp: IPP ERROR: Could not find provision directory 'C:\Users\Lotka\AppData\Local/Apple Computer/MobileDevice/Provisioning Profiles/'.
[2021.05.27-08.29.36:700][  0]LogRenderer: Reallocating scene render targets to support 968x392 Format 10 NumSamples 1 (Frame:1).
[2021.05.27-08.29.36:933][  0]LogContentBrowser: Native class hierarchy updated for 'HierarchicalLODOutliner' in 0.0003 seconds. Added 0 classes and 0 folders.
[2021.05.27-08.29.36:933][  0]LogLoad: (Engine Initialization) Total time: 8.40 seconds
[2021.05.27-08.29.36:933][  0]LogLoad: (Engine Initialization) Total Blueprint compile time: 0.00 seconds
[2021.05.27-08.29.36:967][  0]LogContentStreaming: Texture pool size now 1000 MB
[2021.05.27-08.29.36:989][  0]LogSlate: Took 0.000169 seconds to synchronously load lazily loaded font '../../../Engine/Content/Slate/Fonts/Roboto-Light.ttf' (167K)
[2021.05.27-08.29.37:030][  1]LogAssetRegistry: Asset discovery search completed in 4.9567 seconds
[2021.05.27-08.29.37:032][  1]LogCollectionManager: Rebuilt the object cache for 0 collections in 0.000000 seconds (found 0 objects)
[2021.05.27-08.29.37:032][  1]LogCollectionManager: Fixed up redirectors for 0 collections in 0.000048 seconds (updated 0 objects)
[2021.05.27-08.29.38:857][213]LogSlate: FSceneViewport::OnFocusLost() reason 0
[2021.05.27-08.29.43:690][787]LogSlate: Took 0.000201 seconds to synchronously load lazily loaded font '../../../Engine/Content/Slate/Fonts/Roboto-Light.ttf' (167K)
[2021.05.27-08.29.43:698][787]LogAssetEditorManager: Opening Asset editor for Blueprint /Game/StarterContent/Blueprints/Pawns/BP_PlayerPawn.BP_PlayerPawn
[2021.05.27-08.29.44:072][787]LogContentBrowser: Native class hierarchy updated for 'BlueprintGraph' in 0.0005 seconds. Added 116 classes and 0 folders.
[2021.05.27-08.29.44:668][787]LogSlate: Took 0.000247 seconds to synchronously load lazily loaded font '../../../Engine/Content/Slate/Fonts/Roboto-BoldCondensed.ttf' (158K)
[2021.05.27-08.29.44:725][788]LogSlate: Took 0.000214 seconds to synchronously load lazily loaded font '../../../Engine/Content/Slate/Fonts/Roboto-Italic.ttf' (157K)
[2021.05.27-08.29.55:445][877]LogAssetEditorManager: Opening Asset editor for Blueprint /Game/StarterContent/Blueprints/Cannon/BP_Canon.BP_Canon
[2021.05.27-08.30.20:817][703]LogAssetEditorManager: Opening Asset editor for Blueprint /Game/StarterContent/Blueprints/Collectibles/BP_Monetka.BP_Monetka
[2021.05.27-08.30.47:166][423]LogRenderer: Reallocating scene render targets to support 968x552 Format 10 NumSamples 1 (Frame:1).
[2021.05.27-11.54.14:127][576]LogSlate: Window 'BP_Monetka' being destroyed
[2021.05.27-11.54.14:134][576]LogSlate: Window 'BP_Monetka' being destroyed
[2021.05.27-11.54.14:340][576]LogActorComponent: UnregisterComponent: (/Engine/Transient.EditorFloorComp) Not registered. Aborting.
[2021.05.27-11.54.14:440][576]LogActorComponent: UnregisterComponent: (/Engine/Transient.EditorFloorComp) Not registered. Aborting.
[2021.05.27-11.54.32:804][634]LogAIModule: Creating AISystem for world MainLevel
[2021.05.27-11.54.32:861][634]LogAssetEditorManager: Opening Asset editor for World /Game/StarterContent/Maps/Levels/MainLevel.MainLevel
[2021.05.27-11.54.32:905][634]Cmd: MAP LOAD FILE="../../../../Projekty/BallRunner_W.Gawlik/BallRunner/Content/StarterContent/Maps/Levels/MainLevel.umap" TEMPLATE=0 SHOWPROGRESS=1 FEATURELEVEL=3
[2021.05.27-11.54.32:906][634]LightingResults: New page: Lighting Build
[2021.05.27-11.54.32:906][634]LoadErrors: New page: Loading map: MainLevel.umap
[2021.05.27-11.54.32:907][634]MapCheck: New page: Map Check
[2021.05.27-11.54.32:907][634]LightingResults: New page: Lighting Build
[2021.05.27-11.54.33:044][634]LogEditorServer: Finished looking for orphan Actors (0.000 secs)
[2021.05.27-11.54.33:086][634]Cmd: MAP CHECKDEP NOCLEARLOG
[2021.05.27-11.54.33:154][634]MapCheck: Map check complete: 0 Error(s), 0 Warning(s), took 67,533ms to complete.
[2021.05.27-11.54.33:154][634]LogFileHelpers: Loading map 'MainLevel' took 0.249
[2021.05.27-11.54.34:900][736]LogSlate: FSceneViewport::OnFocusLost() reason 2
[2021.05.27-11.55.26:030][319]LogSlate: FSceneViewport::OnFocusLost() reason 0
[2021.05.27-12.05.39:049][152]LogInit: XAudio2 using 'Głośniki (USB Audio Device)' : 2 channels at 48 kHz using 16 bits per sample (channel mask 0x3)
[2021.05.27-12.05.56:832][205]LogInit: XAudio2 using 'Głośniki (USB Audio Device)' : 2 channels at 48 kHz using 16 bits per sample (channel mask 0x3)
[2021.05.27-12.13.44:007][821]LogTemp: Repeating last play command: Selected Viewport
[2021.05.27-12.13.44:021][821]LogBlueprintUserMessages: Early PlayInEditor Detection: Level '/Game/StarterContent/Maps/Levels/MainLevel.MainLevel:PersistentLevel' has LevelScriptBlueprint '/Game/StarterContent/Maps/Levels/MainLevel.MainLevel:PersistentLevel.MainLevel' with GeneratedClass '/Game/StarterContent/Maps/Levels/MainLevel.MainLevel_C' with ClassGeneratedBy '/Game/StarterContent/Maps/Levels/MainLevel.MainLevel:PersistentLevel.MainLevel'
[2021.05.27-12.13.44:022][821]LogPlayLevel: PlayLevel: No blueprints needed recompiling
[2021.05.27-12.13.44:035][821]PIE: New page: PIE session: MainLevel (27 maj 2021, 16:13:44)
[2021.05.27-12.13.44:035][821]LogPlayLevel: Creating play world package: /Game/StarterContent/Maps/Levels/UEDPIE_0_MainLevel
[2021.05.27-12.13.44:053][821]LogPlayLevel: PIE: StaticDuplicateObject took: (0.017384s)
[2021.05.27-12.13.44:054][821]LogAIModule: Creating AISystem for world MainLevel
[2021.05.27-12.13.44:054][821]LogPlayLevel: PIE: World Init took: (0.001168s)
[2021.05.27-12.13.44:054][821]LogPlayLevel: PIE: Created PIE world by copying editor world from /Game/StarterContent/Maps/Levels/MainLevel.MainLevel to /Game/StarterContent/Maps/Levels/UEDPIE_0_MainLevel.MainLevel (0.018715s)
[2021.05.27-12.13.44:089][821]LogInit: XAudio2 using 'Głośniki (USB Audio Device)' : 2 channels at 48 kHz using 16 bits per sample (channel mask 0x3)
[2021.05.27-12.13.44:098][821]LogInit: FAudioDevice initialized.
[2021.05.27-12.13.44:138][821]LogLoad: Game class is 'BP_GameMode_C'
[2021.05.27-12.13.44:147][821]LogWorld: Bringing World /Game/StarterContent/Maps/Levels/UEDPIE_0_MainLevel.MainLevel up for play (max tick rate 60) at 2021.05.27-14.13.44
[2021.05.27-12.13.44:148][821]LogWorld: Bringing up level for play took: 0.008381
[2021.05.27-12.13.44:163][821]LogContentBrowser: Native class hierarchy updated for 'MovieSceneCapture' in 0.0007 seconds. Added 10 classes and 0 folders.
[2021.05.27-12.13.44:165][821]PIE: Play in editor start time for /Game/StarterContent/Maps/Levels/UEDPIE_0_MainLevel -0,846
[2021.05.27-12.13.44:165][821]LogBlueprintUserMessages: Late PlayInEditor Detection: Level '/Game/StarterContent/Maps/Levels/MainLevel.MainLevel:PersistentLevel' has LevelScriptBlueprint '/Game/StarterContent/Maps/Levels/MainLevel.MainLevel:PersistentLevel.MainLevel' with GeneratedClass '/Game/StarterContent/Maps/Levels/MainLevel.MainLevel_C' with ClassGeneratedBy '/Game/StarterContent/Maps/Levels/MainLevel.MainLevel:PersistentLevel.MainLevel'
[2021.05.27-12.13.53:944][407]LogNet: Browse: /Game/StarterContent/Maps/Levels/MainLevel
[2021.05.27-12.13.53:944][407]LogLoad: LoadMap: /Game/StarterContent/Maps/Levels/MainLevel
[2021.05.27-12.13.53:973][407]LogPlayLevel: Creating play world package: /Game/StarterContent/Maps/Levels/UEDPIE_0_MainLevel
[2021.05.27-12.13.53:990][407]LogPlayLevel: PIE: StaticDuplicateObject took: (0.016624s)
[2021.05.27-12.13.53:991][407]LogAIModule: Creating AISystem for world MainLevel
[2021.05.27-12.13.53:991][407]LogPlayLevel: PIE: World Init took: (0.001109s)
[2021.05.27-12.13.53:991][407]LogPlayLevel: PIE: Created PIE world by copying editor world from /Game/StarterContent/Maps/Levels/MainLevel.MainLevel to /Game/StarterContent/Maps/Levels/UEDPIE_0_MainLevel.MainLevel (0.017912s)
[2021.05.27-12.13.53:991][407]LogLoad: Game class is 'BP_GameMode_C'
[2021.05.27-12.13.53:997][407]LogWorld: Bringing World /Game/StarterContent/Maps/Levels/UEDPIE_0_MainLevel.MainLevel up for play (max tick rate 60) at 2021.05.27-14.13.53
[2021.05.27-12.13.53:997][407]LogWorld: Bringing up level for play took: 0.004831
[2021.05.27-12.13.53:998][407]LogLoad: Took 0.053685 seconds to LoadMap(/Game/StarterContent/Maps/Levels/UEDPIE_0_MainLevel)
[2021.05.27-12.14.04:244][ 22]LogBlueprintUserMessages: [ActorWithDemage3] Obrazenia!
[2021.05.27-12.14.04:843][ 58]LogNet: Browse: /Game/StarterContent/Maps/Levels/MainLevel
[2021.05.27-12.14.04:844][ 58]LogLoad: LoadMap: /Game/StarterContent/Maps/Levels/MainLevel
[2021.05.27-12.14.04:870][ 58]LogPlayLevel: Creating play world package: /Game/StarterContent/Maps/Levels/UEDPIE_0_MainLevel
[2021.05.27-12.14.04:886][ 58]LogPlayLevel: PIE: StaticDuplicateObject took: (0.016392s)
[2021.05.27-12.14.04:887][ 58]LogAIModule: Creating AISystem for world MainLevel
[2021.05.27-12.14.04:887][ 58]LogPlayLevel: PIE: World Init took: (0.000546s)
[2021.05.27-12.14.04:887][ 58]LogPlayLevel: PIE: Created PIE world by copying editor world from /Game/StarterContent/Maps/Levels/MainLevel.MainLevel to /Game/StarterContent/Maps/Levels/UEDPIE_0_MainLevel.MainLevel (0.017107s)
[2021.05.27-12.14.04:887][ 58]LogLoad: Game class is 'BP_GameMode_C'
[2021.05.27-12.14.04:892][ 58]LogWorld: Bringing World /Game/StarterContent/Maps/Levels/UEDPIE_0_MainLevel.MainLevel up for play (max tick rate 60) at 2021.05.27-14.14.04
[2021.05.27-12.14.04:892][ 58]LogWorld: Bringing up level for play took: 0.004579
[2021.05.27-12.14.04:893][ 58]LogLoad: Took 0.049723 seconds to LoadMap(/Game/StarterContent/Maps/Levels/UEDPIE_0_MainLevel)
[2021.05.27-12.14.12:756][530]LogBlueprintUserMessages: [ActorWithDemage_2] Obrazenia!
[2021.05.27-12.14.13:489][574]LogBlueprintUserMessages: [ActorWithDemage_2] Obrazenia!
[2021.05.27-12.14.15:756][710]LogNet: Browse: /Game/StarterContent/Maps/Levels/MainLevel
[2021.05.27-12.14.15:756][710]LogLoad: LoadMap: /Game/StarterContent/Maps/Levels/MainLevel
[2021.05.27-12.14.15:781][710]LogPlayLevel: Creating play world package: /Game/StarterContent/Maps/Levels/UEDPIE_0_MainLevel
[2021.05.27-12.14.15:798][710]LogPlayLevel: PIE: StaticDuplicateObject took: (0.017028s)
[2021.05.27-12.14.15:798][710]LogAIModule: Creating AISystem for world MainLevel
[2021.05.27-12.14.15:798][710]LogPlayLevel: PIE: World Init took: (0.000540s)
[2021.05.27-12.14.15:798][710]LogPlayLevel: PIE: Created PIE world by copying editor world from /Game/StarterContent/Maps/Levels/MainLevel.MainLevel to /Game/StarterContent/Maps/Levels/UEDPIE_0_MainLevel.MainLevel (0.017757s)
[2021.05.27-12.14.15:798][710]LogLoad: Game class is 'BP_GameMode_C'
[2021.05.27-12.14.15:803][710]LogWorld: Bringing World /Game/StarterContent/Maps/Levels/UEDPIE_0_MainLevel.MainLevel up for play (max tick rate 60) at 2021.05.27-14.14.15
[2021.05.27-12.14.15:804][710]LogWorld: Bringing up level for play took: 0.004824
[2021.05.27-12.14.15:805][710]LogLoad: Took 0.049025 seconds to LoadMap(/Game/StarterContent/Maps/Levels/UEDPIE_0_MainLevel)
[2021.05.27-12.15.05:963][719]LogBlueprintUserMessages: [BP_Reset_5] Wypadłes!
[2021.05.27-12.15.08:962][899]LogNet: Browse: /Game/StarterContent/Maps/Levels/MainLevel
[2021.05.27-12.15.08:962][899]LogLoad: LoadMap: /Game/StarterContent/Maps/Levels/MainLevel
[2021.05.27-12.15.08:990][899]LogPlayLevel: Creating play world package: /Game/StarterContent/Maps/Levels/UEDPIE_0_MainLevel
[2021.05.27-12.15.09:007][899]LogPlayLevel: PIE: StaticDuplicateObject took: (0.016583s)
[2021.05.27-12.15.09:007][899]LogAIModule: Creating AISystem for world MainLevel
[2021.05.27-12.15.09:007][899]LogPlayLevel: PIE: World Init took: (0.000547s)
[2021.05.27-12.15.09:007][899]LogPlayLevel: PIE: Created PIE world by copying editor world from /Game/StarterContent/Maps/Levels/MainLevel.MainLevel to /Game/StarterContent/Maps/Levels/UEDPIE_0_MainLevel.MainLevel (0.017302s)
[2021.05.27-12.15.09:007][899]LogLoad: Game class is 'BP_GameMode_C'
[2021.05.27-12.15.09:012][899]LogWorld: Bringing World /Game/StarterContent/Maps/Levels/UEDPIE_0_MainLevel.MainLevel up for play (max tick rate 60) at 2021.05.27-14.15.09
[2021.05.27-12.15.09:013][899]LogWorld: Bringing up level for play took: 0.004748
[2021.05.27-12.15.09:014][899]LogLoad: Took 0.051521 seconds to LoadMap(/Game/StarterContent/Maps/Levels/UEDPIE_0_MainLevel)
[2021.05.27-12.15.09:027][900]LogBlueprintUserMessages: Early EndPlayMap Detection: Level '/Game/StarterContent/Maps/Levels/MainLevel.MainLevel:PersistentLevel' has LevelScriptBlueprint '/Game/StarterContent/Maps/Levels/MainLevel.MainLevel:PersistentLevel.MainLevel' with GeneratedClass '/Game/StarterContent/Maps/Levels/MainLevel.MainLevel_C' with ClassGeneratedBy '/Game/StarterContent/Maps/Levels/MainLevel.MainLevel:PersistentLevel.MainLevel'
[2021.05.27-12.15.09:027][900]LogSlate: Updating window title bar state: overlay mode, drag disabled, window buttons hidden, title bar hidden
[2021.05.27-12.15.09:061][900]LogPlayLevel: Display: Shutting down PIE online subsystems
[2021.05.27-12.15.09:062][900]LogBlueprintUserMessages: Late EndPlayMap Detection: Level '/Game/StarterContent/Maps/Levels/MainLevel.MainLevel:PersistentLevel' has LevelScriptBlueprint '/Game/StarterContent/Maps/Levels/MainLevel.MainLevel:PersistentLevel.MainLevel' with GeneratedClass '/Game/StarterContent/Maps/Levels/MainLevel.MainLevel_C' with ClassGeneratedBy '/Game/StarterContent/Maps/Levels/MainLevel.MainLevel:PersistentLevel.MainLevel'
[2021.05.27-12.15.09:083][900]LogSlate: Updating window title bar state: overlay mode, drag disabled, window buttons hidden, title bar hidden
[2021.05.27-12.15.09:137][903]LogPlayLevel: Display: Destroying online subsystem :Context_9
[2021.05.27-12.15.21:899][668]LogSlate: FSceneViewport::OnFocusLost() reason 0
[2021.05.27-12.15.22:331][673]LogSavePackage: Moving '../../../../Projekty/BallRunner_W.Gawlik/BallRunner/Saved/MainLevel952451334BEFFC5D5EAB5FB8EDE4EE9D.tmp' to '../../../../Projekty/BallRunner_W.Gawlik/BallRunner/Content/StarterContent/Maps/Levels/MainLevel.umap'
[2021.05.27-12.15.22:496][673]LogSavePackage: Moving '../../../../Projekty/BallRunner_W.Gawlik/BallRunner/Saved/MainLevel_BuiltDataA98D4FAB4E14652AE5215187D56FD803.tmp' to '../../../../Projekty/BallRunner_W.Gawlik/BallRunner/Content/StarterContent/Maps/Levels/MainLevel_BuiltData.uasset'
