Log file open, 05/26/21 18:36:10
LogWindows: Failed to load 'aqProf.dll' (GetLastError=126)
LogWindows: File 'aqProf.dll' does not exist
LogWindows: Failed to load 'VSPerf140.dll' (GetLastError=126)
LogWindows: File 'VSPerf140.dll' does not exist
LogWindows: Failed to load 'VtuneApi.dll' (GetLastError=126)
LogWindows: File 'VtuneApi.dll' does not exist
LogWindows: Failed to load 'VtuneApi32e.dll' (GetLastError=126)
LogWindows: File 'VtuneApi32e.dll' does not exist
LogInit: Display: Running engine for game: BallRunner
LogPlatformFile: Not using cached read wrapper
LogTaskGraph: Started task graph with 5 named threads and 35 total threads with 3 sets of task threads.
LogStats: Stats thread started at 0.616074
LogD3D11RHI: Loaded GFSDK_Aftermath_Lib.x64.dll
LogICUInternationalization: Display: ICU TimeZone Detection - Raw Offset: +1:00, Platform Override: ''
LogPluginManager: Mounting plugin Paper2D
LogPluginManager: Mounting plugin AISupport
LogPluginManager: Mounting plugin LightPropagationVolume
LogPluginManager: Mounting plugin CLionSourceCodeAccess
LogPluginManager: Mounting plugin CodeLiteSourceCodeAccess
LogPluginManager: Mounting plugin GitSourceControl
LogPluginManager: Mounting plugin KDevelopSourceCodeAccess
LogPluginManager: Mounting plugin NullSourceCodeAccess
LogPluginManager: Mounting plugin PerforceSourceControl
LogPluginManager: Mounting plugin SubversionSourceControl
LogPluginManager: Mounting plugin UObjectPlugin
LogPluginManager: Mounting plugin VisualStudioCodeSourceCodeAccess
LogPluginManager: Mounting plugin VisualStudioSourceCodeAccess
LogPluginManager: Mounting plugin XCodeSourceCodeAccess
LogPluginManager: Mounting plugin AssetManagerEditor
LogPluginManager: Mounting plugin CryptoKeys
LogPluginManager: Mounting plugin DataValidation
LogPluginManager: Mounting plugin FacialAnimation
LogPluginManager: Mounting plugin GameplayTagsEditor
LogPluginManager: Mounting plugin MacGraphicsSwitching
LogPluginManager: Mounting plugin MeshEditor
LogPluginManager: Mounting plugin MobileLauncherProfileWizard
LogPluginManager: Mounting plugin PluginBrowser
LogPluginManager: Mounting plugin SpeedTreeImporter
LogPluginManager: Mounting plugin DatasmithContent
LogPluginManager: Mounting plugin AlembicImporter
LogPluginManager: Mounting plugin AppleImageUtils
LogPluginManager: Mounting plugin AppleVision
LogPluginManager: Mounting plugin BackChannel
LogPluginManager: Mounting plugin CharacterAI
LogPluginManager: Mounting plugin GeometryCache
LogPluginManager: Mounting plugin HTML5Networking
LogPluginManager: Mounting plugin ProxyLODPlugin
LogPluginManager: Mounting plugin MagicLeap
LogPluginManager: Mounting plugin MagicLeapEmulator
LogPluginManager: Mounting plugin MagicLeapMedia
LogPluginManager: Mounting plugin AndroidMedia
LogPluginManager: Mounting plugin AvfMedia
LogPluginManager: Mounting plugin ImgMedia
LogPluginManager: Mounting plugin LinearTimecode
LogPluginManager: Mounting plugin MediaCompositing
LogPluginManager: Mounting plugin MediaPlayerEditor
LogPluginManager: Mounting plugin WmfMedia
LogPluginManager: Mounting plugin TcpMessaging
LogPluginManager: Mounting plugin UdpMessaging
LogPluginManager: Mounting plugin ActorSequence
LogPluginManager: Mounting plugin LevelSequenceEditor
LogPluginManager: Mounting plugin MatineeToLevelSequence
LogPluginManager: Mounting plugin NetcodeUnitTest
LogPluginManager: Mounting plugin NUTUnrealEngine4
LogPluginManager: Mounting plugin OnlineSubsystemGooglePlay
LogPluginManager: Mounting plugin OnlineSubsystemIOS
LogPluginManager: Mounting plugin OnlineSubsystem
LogPluginManager: Mounting plugin OnlineSubsystemNull
LogPluginManager: Mounting plugin OnlineSubsystemUtils
LogPluginManager: Mounting plugin LauncherChunkInstaller
LogPluginManager: Mounting plugin AndroidDeviceProfileSelector
LogPluginManager: Mounting plugin AndroidMoviePlayer
LogPluginManager: Mounting plugin AndroidPermission
LogPluginManager: Mounting plugin AppleMoviePlayer
LogPluginManager: Mounting plugin ArchVisCharacter
LogPluginManager: Mounting plugin AudioCapture
LogPluginManager: Mounting plugin CableComponent
LogPluginManager: Mounting plugin CustomMeshComponent
LogPluginManager: Mounting plugin EditableMesh
LogPluginManager: Mounting plugin ExampleDeviceProfileSelector
LogPluginManager: Mounting plugin GoogleCloudMessaging
LogPluginManager: Mounting plugin ImmediatePhysics
LogPluginManager: Mounting plugin IOSDeviceProfileSelector
LogPluginManager: Mounting plugin LinuxDeviceProfileSelector
LogPluginManager: Mounting plugin LocationServicesBPLibrary
LogPluginManager: Mounting plugin MobilePatchingUtils
LogPluginManager: Mounting plugin OculusVR
LogPluginManager: Plugin shader directory ../../../Engine/Plugins/Runtime/Oculus/OculusVR/Shaders found
LogPluginManager: Mapping shader source directory ../../../Engine/Plugins/Runtime/Oculus/OculusVR/Shaders to virtual directory /Plugin/OculusVR
LogPluginManager: Mounting plugin PhysXVehicles
LogPluginManager: Mounting plugin ProceduralMeshComponent
LogPluginManager: Mounting plugin RuntimePhysXCooking
LogPluginManager: Mounting plugin SteamVR
LogPluginManager: Mounting plugin WindowsMoviePlayer
LogStreaming: Display: Took  0.168s to configure plugins.
LogInit: Using libcurl 7.55.1-DEV
LogInit:  - built for x86_64-pc-win32
LogInit:  - supports SSL with OpenSSL/1.0.2h
LogInit:  - supports HTTP deflate (compression) using libz 1.2.8
LogInit:  - other features:
LogInit:      CURL_VERSION_SSL
LogInit:      CURL_VERSION_LIBZ
LogInit:      CURL_VERSION_IPV6
LogInit:      CURL_VERSION_ASYNCHDNS
LogInit:      CURL_VERSION_LARGEFILE
LogInit:      CURL_VERSION_IDN
LogInit:  CurlRequestOptions (configurable via config and command line):
LogInit:  - bVerifyPeer = false  - Libcurl will NOT verify peer certificate
LogInit:  - bUseHttpProxy = false  - Libcurl will NOT use HTTP proxy
LogInit:  - bDontReuseConnections = false  - Libcurl will reuse connections
LogInit:  - CertBundlePath = nullptr  - Libcurl will use whatever was configured at build time.
LogInit:  - MaxHostConnections = 16  - Libcurl will limit the number of connections to a host
LogInit:  - LocalHostAddr = Default
LogInit:  - BufferSize = 65536
LogInit: WinSock: version 1.1 (2.2), MaxSocks=32767, MaxUdp=65467
LogInit: Build: ++UE4+Release-4.20-CL-4369336
LogInit: Engine Version: 4.20.3-4369336+++UE4+Release-4.20
LogInit: Compatible Engine Version: 4.20.0-4212847+++UE4+Release-4.20
LogInit: Net CL: 4212847
LogInit: OS: Windows 10 (), CPU: Intel(R) Core(TM) i7-9750H CPU @ 2.60GHz, GPU: Intel(R) UHD Graphics 630
LogInit: Compiled (64-bit): Sep 17 2018 12:26:19
LogInit: Compiled with Visual C++: 19.13.26129.00
LogInit: Build Configuration: Development
LogInit: Branch Name: ++UE4+Release-4.20
LogInit: Command Line: -EpicPortal  -epicusername="LottieChar" -epicuserid=323b72e8b67847799dafc345eb1072de -epiclocale=pl
LogInit: Base Directory: P:/Unreal/UE_4.20/Engine/Binaries/Win64/
LogInit: Installed Engine Build: 1
LogDevObjectVersion: Number of dev versions registered: 20
LogDevObjectVersion:   Dev-Blueprints (B0D832E4-1F89-4F0D-ACCF-7EB736FD4AA2): 10
LogDevObjectVersion:   Dev-Build (E1C64328-A22C-4D53-A36C-8E866417BD8C): 0
LogDevObjectVersion:   Dev-Core (375EC13C-06E4-48FB-B500-84F0262A717E): 2
LogDevObjectVersion:   Dev-Editor (E4B068ED-F494-42E9-A231-DA0B2E46BB41): 24
LogDevObjectVersion:   Dev-Framework (CFFC743F-43B0-4480-9391-14DF171D2073): 34
LogDevObjectVersion:   Dev-Mobile (B02B49B5-BB20-44E9-A304-32B752E40360): 2
LogDevObjectVersion:   Dev-Networking (A4E4105C-59A1-49B5-A7C5-40C4547EDFEE): 0
LogDevObjectVersion:   Dev-Online (39C831C9-5AE6-47DC-9A44-9C173E1C8E7C): 0
LogDevObjectVersion:   Dev-Physics (78F01B33-EBEA-4F98-B9B4-84EACCB95AA2): 0
LogDevObjectVersion:   Dev-Platform (6631380F-2D4D-43E0-8009-CF276956A95A): 0
LogDevObjectVersion:   Dev-Rendering (12F88B9F-8875-4AFC-A67C-D90C383ABD29): 26
LogDevObjectVersion:   Dev-Sequencer (7B5AE74C-D270-4C10-A958-57980B212A5A): 9
LogDevObjectVersion:   Dev-VR (D7296918-1DD6-4BDD-9DE2-64A83CC13884): 2
LogDevObjectVersion:   Dev-LoadTimes (C2A15278-BFE7-4AFE-6C17-90FF531DF755): 1
LogDevObjectVersion:   Private-Geometry (6EACA3D4-40EC-4CC1-B786-8BED09428FC5): 3
LogDevObjectVersion:   Dev-AnimPhys (29E575DD-E0A3-4627-9D10-D276232CDCEA): 17
LogDevObjectVersion:   Dev-ReflectionCapture (6B266CEC-1EC7-4B8F-A30B-E4D90942FC07): 1
LogDevObjectVersion:   Dev-Automation (0DF73D61-A23F-47EA-B727-89E90C41499A): 1
LogDevObjectVersion:   FortniteMain (601D1886-AC64-4F84-AA16-D3DE0DEAC7D6): 12
LogDevObjectVersion:   Dev-Enterprise (9DFFBCD6-494F-0158-E221-12823C92A888): 1
LogStreaming: Display: Took  0.001s to delete old logs.
LogInit: Presizing for max 8388607 objects, including 0 objects not considered by GC, pre-allocating 0 bytes for permanent pool.
LogInit: Object subsystem initialized
[2021.05.26-16.36.10:679][  0]LogInit: Selected Device Profile: [Windows]
[2021.05.26-16.36.10:679][  0]LogInit: Applying CVar settings loaded from the selected device profile: [Windows]
[2021.05.26-16.36.10:692][  0]LogHAL: Display: Platform has ~ 16 GB [17023324160 / 17179869184 / 16], which maps to Larger [LargestMinGB=32, LargerMinGB=12, DefaultMinGB=8, SmallerMinGB=6, SmallestMinGB=0)
[2021.05.26-16.36.10:693][  0]LogInit: Setting Device Profile CVar: [[r.Vulkan.UseRealUBs:1]]
[2021.05.26-16.36.10:693][  0]LogInit: Going up to parent DeviceProfile []
[2021.05.26-16.36.10:693][  0]LogInit: Computer: LAPTOP-G3O3VCMT
[2021.05.26-16.36.10:693][  0]LogInit: User: Lotka
[2021.05.26-16.36.10:693][  0]LogInit: CPU Page size=4096, Cores=6
[2021.05.26-16.36.10:693][  0]LogInit: High frequency timer resolution =10.000000 MHz
[2021.05.26-16.36.10:694][  0]LogMemory: Memory total: Physical=15.9GB (16GB approx)
[2021.05.26-16.36.10:694][  0]LogMemory: Platform Memory Stats for Windows
[2021.05.26-16.36.10:694][  0]LogMemory: Process Physical Memory: 103.13 MB used, 103.13 MB peak
[2021.05.26-16.36.10:694][  0]LogMemory: Process Virtual Memory: 86.17 MB used, 86.17 MB peak
[2021.05.26-16.36.10:694][  0]LogMemory: Physical Memory: 7755.47 MB used,  8479.24 MB free, 16234.71 MB total
[2021.05.26-16.36.10:694][  0]LogMemory: Virtual Memory: 4641.50 MB used,  8479.24 MB free, 134217728.00 MB total
[2021.05.26-16.36.10:821][  0]LogInit: Using OS detected language (pl-PL).
[2021.05.26-16.36.10:821][  0]LogInit: Using OS detected locale (pl-PL).
[2021.05.26-16.36.10:822][  0]LogTextLocalizationManager: No specific localization for 'pl-PL' exists, so the 'pl' localization will be used.
[2021.05.26-16.36.10:824][  0]LogStreaming: Display: Took  0.003s to InitEngineTextLocalization.
[2021.05.26-16.36.10:824][  0]LogInit: Setting process to per monitor DPI aware
[2021.05.26-16.36.10:874][  0]LogSlate: New Slate User Created.  User Index 0, Is Virtual User: 0
[2021.05.26-16.36.10:874][  0]LogSlate: Slate User Registered.  User Index 0, Is Virtual User: 0
[2021.05.26-16.36.11:205][  0]LogHMD: Failed to initialize OpenVR with code 110
[2021.05.26-16.36.11:205][  0]LogD3D11RHI: D3D11 adapters:
[2021.05.26-16.36.11:228][  0]LogD3D11RHI:    0. 'Intel(R) UHD Graphics 630' (Feature Level 11_0)
[2021.05.26-16.36.11:228][  0]LogD3D11RHI:       128/0/8117 MB DedicatedVideo/DedicatedSystem/SharedSystem, Outputs:1, VendorId:0x8086
[2021.05.26-16.36.11:396][  0]LogD3D11RHI:    1. 'NVIDIA GeForce RTX 2070' (Feature Level 11_0)
[2021.05.26-16.36.11:396][  0]LogD3D11RHI:       8031/0/8117 MB DedicatedVideo/DedicatedSystem/SharedSystem, Outputs:1, VendorId:0x10de
[2021.05.26-16.36.11:399][  0]LogD3D11RHI:    2. 'Microsoft Basic Render Driver' (Feature Level 11_0)
[2021.05.26-16.36.11:399][  0]LogD3D11RHI:       0/0/8117 MB DedicatedVideo/DedicatedSystem/SharedSystem, Outputs:0, VendorId:0x1414
[2021.05.26-16.36.11:399][  0]LogD3D11RHI: Chosen D3D11 Adapter: 1
[2021.05.26-16.36.11:407][  0]LogD3D11RHI: Creating new Direct3DDevice
[2021.05.26-16.36.11:407][  0]LogD3D11RHI:     GPU DeviceId: 0x1f10 (for the marketing name, search the web for "GPU Device Id")
[2021.05.26-16.36.11:407][  0]LogWindows: EnumDisplayDevices:
[2021.05.26-16.36.11:407][  0]LogWindows:    0. 'Intel(R) UHD Graphics 630' (P:1 D:1)
[2021.05.26-16.36.11:408][  0]LogWindows:    1. 'Intel(R) UHD Graphics 630' (P:0 D:0)
[2021.05.26-16.36.11:408][  0]LogWindows:    2. 'Intel(R) UHD Graphics 630' (P:0 D:0)
[2021.05.26-16.36.11:409][  0]LogWindows:    3. 'NVIDIA GeForce RTX 2070' (P:0 D:1)
[2021.05.26-16.36.11:409][  0]LogWindows:    4. 'NVIDIA GeForce RTX 2070' (P:0 D:0)
[2021.05.26-16.36.11:409][  0]LogWindows:    5. 'NVIDIA GeForce RTX 2070' (P:0 D:0)
[2021.05.26-16.36.11:410][  0]LogWindows:    6. 'NVIDIA GeForce RTX 2070' (P:0 D:0)
[2021.05.26-16.36.11:410][  0]LogWindows: DebugString: PrimaryIsNotTheChoosenAdapter PrimaryIsNotTheChoosenAdapter PrimaryIsNotTheChoosenAdapter FoundDriverCount:4 
[2021.05.26-16.36.11:410][  0]LogD3D11RHI:     Adapter Name: NVIDIA GeForce RTX 2070
[2021.05.26-16.36.11:410][  0]LogD3D11RHI:   Driver Version: 466.27 (internal:27.21.14.6627, unified:466.27)
[2021.05.26-16.36.11:410][  0]LogD3D11RHI:      Driver Date: 4-23-2021
[2021.05.26-16.36.11:410][  0]LogRHI: Texture pool is 5621 MB (70% of 8031 MB)
[2021.05.26-16.36.11:546][  0]LogD3D11RHI: Async texture creation enabled
[2021.05.26-16.36.11:574][  0]LogD3D11RHI: GPU Timing Frequency: 1000.000000 (Debug: 2 2)
[2021.05.26-16.36.11:577][  0]LogD3D11RHI: HDR output is supported on display 0 (NvId: 0x80061081).
[2021.05.26-16.36.11:578][  0]LogShaderCompilers: Guid format shader working directory is -6 characters bigger than the processId version (../../../../Projekty/BallRunner_W.Gawlik/BallRunner/Intermediate/Shaders/WorkingDirectory/20676/).
[2021.05.26-16.36.11:578][  0]LogShaderCompilers: Cleaned the shader compiler working directory 'C:/Users/Lotka/AppData/Local/Temp/UnrealShaderWorkingDir/DC3C950C4213C7F9E84B74A726D8EB2D/'.
[2021.05.26-16.36.11:944][  0]LogTemp: Display: Loaded TP AllDesktopTargetPlatform
[2021.05.26-16.36.11:964][  0]LogTemp: Display: Loaded TP MacClientTargetPlatform
[2021.05.26-16.36.11:982][  0]LogTemp: Display: Loaded TP MacNoEditorTargetPlatform
[2021.05.26-16.36.12:001][  0]LogTemp: Display: Loaded TP MacServerTargetPlatform
[2021.05.26-16.36.12:020][  0]LogTemp: Display: Loaded TP MacTargetPlatform
[2021.05.26-16.36.12:045][  0]LogTemp: Display: Loaded TP WindowsClientTargetPlatform
[2021.05.26-16.36.12:066][  0]LogTemp: Display: Loaded TP WindowsNoEditorTargetPlatform
[2021.05.26-16.36.12:085][  0]LogTemp: Display: Loaded TP WindowsServerTargetPlatform
[2021.05.26-16.36.12:092][  0]LogTemp: Display: Loaded TP WindowsTargetPlatform
[2021.05.26-16.36.12:217][  0]LogTemp: Display: Loaded TP AndroidTargetPlatform
[2021.05.26-16.36.12:217][  0]LogTemp: Display: Loaded TP AndroidTargetPlatform
[2021.05.26-16.36.12:217][  0]LogTemp: Display: Loaded TP AndroidTargetPlatform
[2021.05.26-16.36.12:217][  0]LogTemp: Display: Loaded TP AndroidTargetPlatform
[2021.05.26-16.36.12:217][  0]LogTemp: Display: Loaded TP AndroidTargetPlatform
[2021.05.26-16.36.12:217][  0]LogTemp: Display: Loaded TP AndroidTargetPlatform
[2021.05.26-16.36.12:217][  0]LogTemp: Display: Loaded TP AndroidTargetPlatform
[2021.05.26-16.36.12:217][  0]LogTemp: Display: Loaded TP AndroidTargetPlatform
[2021.05.26-16.36.12:217][  0]LogTemp: Display: Loaded TP AndroidTargetPlatform
[2021.05.26-16.36.12:217][  0]LogTemp: Display: Loaded TP AndroidTargetPlatform
[2021.05.26-16.36.12:217][  0]LogTemp: Display: Loaded TP AndroidTargetPlatform
[2021.05.26-16.36.12:217][  0]LogTemp: Display: Loaded TP AndroidTargetPlatform
[2021.05.26-16.36.12:217][  0]LogTemp: Display: Loaded TP AndroidTargetPlatform
[2021.05.26-16.36.12:217][  0]LogTemp: Display: Loaded TP AndroidTargetPlatform
[2021.05.26-16.36.12:217][  0]LogTemp: Display: Loaded TP AndroidTargetPlatform
[2021.05.26-16.36.12:217][  0]LogTemp: Display: Loaded TP AndroidTargetPlatform
[2021.05.26-16.36.12:217][  0]LogTemp: Display: Loaded TP AndroidTargetPlatform
[2021.05.26-16.36.12:217][  0]LogTemp: Display: Loaded TP AndroidTargetPlatform
[2021.05.26-16.36.12:219][  0]LogTemp: Display: Loaded TP HTML5TargetPlatform
[2021.05.26-16.36.12:305][  0]LogTemp: Display: Loaded TP IOSTargetPlatform
[2021.05.26-16.36.12:305][  0]LogTemp: Display: Loaded TP IOSTargetPlatform
[2021.05.26-16.36.12:360][  0]LogTemp: Display: Loaded TP TVOSTargetPlatform
[2021.05.26-16.36.12:360][  0]LogTemp: Display: Loaded TP TVOSTargetPlatform
[2021.05.26-16.36.12:386][  0]LogTemp: Display: Loaded TP LinuxClientTargetPlatform
[2021.05.26-16.36.12:414][  0]LogTemp: Display: Loaded TP LinuxNoEditorTargetPlatform
[2021.05.26-16.36.12:443][  0]LogTemp: Display: Loaded TP LinuxServerTargetPlatform
[2021.05.26-16.36.12:472][  0]LogTemp: Display: Loaded TP LinuxTargetPlatform
[2021.05.26-16.36.12:495][  0]LogTemp: Display: Loaded TP LuminTargetPlatform
[2021.05.26-16.36.12:495][  0]LogTargetPlatformManager: Display: Building Assets For Windows
[2021.05.26-16.36.12:578][  0]LogXGEController: Cannot use XGE Controller as Incredibuild is not installed on this machine.
[2021.05.26-16.36.12:578][  0]LogShaderCompilers: Cannot use XGE Shader Compiler as Incredibuild is not installed on this machine.
[2021.05.26-16.36.12:578][  0]LogShaderCompilers: Display: Using Local Shader Compiler.
[2021.05.26-16.36.13:986][  0]LogDerivedDataCache: Display: Max Cache Size: 512 MB
[2021.05.26-16.36.14:057][  0]LogDerivedDataCache: Loaded boot cache 0.07s 71MB C:/Users/Lotka/AppData/Local/UnrealEngine/4.20/DerivedDataCache/Boot.ddc.
[2021.05.26-16.36.14:057][  0]LogDerivedDataCache: Display: Loaded Boot cache: C:/Users/Lotka/AppData/Local/UnrealEngine/4.20/DerivedDataCache/Boot.ddc
[2021.05.26-16.36.14:058][  0]LogDerivedDataCache: FDerivedDataBackendGraph:  Pak pak cache file ../../../../Projekty/BallRunner_W.Gawlik/BallRunner/DerivedDataCache/DDC.ddp not found, will not use a pak cache.
[2021.05.26-16.36.14:058][  0]LogDerivedDataCache: Unable to find inner node Pak for hierarchical cache Hierarchy.
[2021.05.26-16.36.14:058][  0]LogDerivedDataCache: FDerivedDataBackendGraph:  CompressedPak pak cache file ../../../../Projekty/BallRunner_W.Gawlik/BallRunner/DerivedDataCache/Compressed.ddp not found, will not use a pak cache.
[2021.05.26-16.36.14:058][  0]LogDerivedDataCache: Unable to find inner node CompressedPak for hierarchical cache Hierarchy.
[2021.05.26-16.36.14:079][  0]LogDerivedDataCache: Display: Pak cache opened for reading ../../../Engine/DerivedDataCache/Compressed.ddp.
[2021.05.26-16.36.14:092][  0]LogDerivedDataCache: Using Local data cache path C:/Users/Lotka/AppData/Local/UnrealEngine/Common/DerivedDataCache: Writable
[2021.05.26-16.36.14:092][  0]LogDerivedDataCache: Shared data cache path not found in *engine.ini, will not use an Shared cache.
[2021.05.26-16.36.14:092][  0]LogDerivedDataCache: Unable to find inner node Shared for hierarchical cache Hierarchy.
[2021.05.26-16.36.14:117][  0]LogMaterial: Verifying Global Shaders for PCD3D_SM5
[2021.05.26-16.36.14:119][  0]LogSlate: Using FreeType 2.6.0
[2021.05.26-16.36.14:120][  0]LogSlate: SlateFontServices - WITH_FREETYPE: 1, WITH_HARFBUZZ: 1
[2021.05.26-16.36.14:219][  0]LogAssetRegistry: FAssetRegistry took 0.0284 seconds to start up
[2021.05.26-16.36.14:643][  0]LogInit: Selected Device Profile: [Windows]
[2021.05.26-16.36.14:706][  0]LogSimplygon: Simplygon DLL not present - disabling.
[2021.05.26-16.36.14:709][  0]LogMeshReduction: Using SimplygonSwarm for distributed automatic mesh merging
[2021.05.26-16.36.14:709][  0]LogMeshReduction: Using ProxyLODMeshReduction for automatic mesh merging
[2021.05.26-16.36.14:709][  0]LogMeshReduction: Using QuadricMeshReduction for automatic static mesh reduction
[2021.05.26-16.36.14:709][  0]LogMeshReduction: No automatic skeletal mesh reduction module available
[2021.05.26-16.36.14:844][  0]LogNetVersion: BallRunner 1.0.0, NetCL: 4212847, EngineNetVer: 5, GameNetVer: 0 (Checksum: 346235534)
[2021.05.26-16.36.15:480][  0]LogPackageLocalizationCache: Processed 11 localized package path(s) for 2 prioritized culture(s) in 0.090622 seconds
[2021.05.26-16.36.15:487][  0]LogUObjectArray: 38425 objects as part of root set at end of initial load.
[2021.05.26-16.36.15:487][  0]LogUObjectAllocator: 6690872 out of 0 bytes used by permanent object pool.
[2021.05.26-16.36.15:487][  0]LogUObjectArray: CloseDisregardForGC: 0/0 objects in disregard for GC pool
[2021.05.26-16.36.16:647][  0]LogTcpMessaging: Initializing TcpMessaging bridge
[2021.05.26-16.36.16:660][  0]LogUdpMessaging: Initializing bridge on interface 0.0.0.0:0 to multicast group 230.0.0.1:6666.
[2021.05.26-16.36.16:826][  0]SourceControl: Source control is disabled
[2021.05.26-16.36.16:826][  0]SourceControl: Source control is disabled
[2021.05.26-16.36.16:827][  0]SourceControl: Source control is disabled
[2021.05.26-16.36.16:828][  0]SourceControl: Source control is disabled
[2021.05.26-16.36.16:993][  0]LogAndroidPermission: UAndroidPermissionCallbackProxy::GetInstance
[2021.05.26-16.36.17:872][  0]LogOcInput: OculusInput pre-init called
[2021.05.26-16.36.17:948][  0]LogEngine: Initializing Engine...
[2021.05.26-16.36.17:949][  0]LogHMD: Failed to initialize OpenVR with code 110
[2021.05.26-16.36.17:951][  0]LogStats: UGameplayTagsManager::ConstructGameplayTagTree: ImportINI prefixes -  0.000 s
[2021.05.26-16.36.17:951][  0]LogStats: UGameplayTagsManager::ConstructGameplayTagTree: Construct from data asset -  0.000 s
[2021.05.26-16.36.17:951][  0]LogStats: UGameplayTagsManager::ConstructGameplayTagTree: ImportINI -  0.000 s
[2021.05.26-16.36.17:951][  0]LogStats: UGameplayTagsManager::ConstructGameplayTagTree: GameplayTagTreeChangedEvent.Broadcast -  0.000 s
[2021.05.26-16.36.18:234][  0]LogInit: Initializing FReadOnlyCVARCache
[2021.05.26-16.36.18:244][  0]LogAIModule: Creating AISystem for world Untitled
[2021.05.26-16.36.18:285][  0]LogInit: XAudio2 using 'Głośniki (USB Audio Device)' : 2 channels at 48 kHz using 16 bits per sample (channel mask 0x3)
[2021.05.26-16.36.18:439][  0]LogInit: FAudioDevice initialized.
[2021.05.26-16.36.18:439][  0]LogNetVersion: Set ProjectVersion to 1.0.0.0. Version Checksum will be recalculated on next use.
[2021.05.26-16.36.18:500][  0]LogDerivedDataCache: Saved boot cache 0.06s 71MB C:/Users/Lotka/AppData/Local/UnrealEngine/4.20/DerivedDataCache/Boot.ddc.
[2021.05.26-16.36.18:508][  0]LogInit: Texture streaming: Enabled
[2021.05.26-16.36.18:526][  0]LogEngineSessionManager: EngineSessionManager initialized
[2021.05.26-16.36.18:541][  0]LogInit: Transaction tracking system initialized
[2021.05.26-16.36.18:564][  0]BlueprintLog: New page: Editor Load
[2021.05.26-16.36.18:640][  0]LocalizationService: Localization service is disabled
[2021.05.26-16.36.18:996][  0]LogCook: Display: Max memory allowance for cook 16384mb min free memory 0mb
[2021.05.26-16.36.18:996][  0]LogCook: Display: Mobile HDR setting 1
[2021.05.26-16.36.18:996][  0]LogGameplayTags: Display: UGameplayTagsManager::DoneAddingNativeTags. DelegateIsBound: 0
[2021.05.26-16.36.18:996][  0]LogStats: UGameplayTagsManager::ConstructGameplayTagTree: ImportINI prefixes -  0.000 s
[2021.05.26-16.36.18:996][  0]LogStats: UGameplayTagsManager::ConstructGameplayTagTree: Construct from data asset -  0.000 s
[2021.05.26-16.36.18:996][  0]LogStats: UGameplayTagsManager::ConstructGameplayTagTree: ImportINI -  0.000 s
[2021.05.26-16.36.18:996][  0]LogStats: UGameplayTagsManager::ConstructGameplayTagTree: GameplayTagTreeChangedEvent.Broadcast -  0.000 s
[2021.05.26-16.36.19:118][  0]LogFileCache: Scanning file cache for directory 'P:/Unreal/Projekty/BallRunner_W.Gawlik/BallRunner/Content/' took 0.01s
[2021.05.26-16.36.19:118][  0]SourceControl: Source control is disabled
[2021.05.26-16.36.19:118][  0]Cmd: MAP LOAD FILE="../../../../Projekty/BallRunner_W.Gawlik/BallRunner/Content/StarterContent/Maps/Minimal_Default.umap" TEMPLATE=0 SHOWPROGRESS=1 FEATURELEVEL=3
[2021.05.26-16.36.19:120][  0]LightingResults: New page: Lighting Build
[2021.05.26-16.36.19:122][  0]MapCheck: New page: Map Check
[2021.05.26-16.36.19:122][  0]LightingResults: New page: Lighting Build
[2021.05.26-16.36.19:733][  0]LogAIModule: Creating AISystem for world Minimal_Default
[2021.05.26-16.36.19:746][  0]LogEditorServer: Finished looking for orphan Actors (0.000 secs)
[2021.05.26-16.36.19:791][  0]Cmd: MAP CHECKDEP NOCLEARLOG
[2021.05.26-16.36.19:870][  0]MapCheck: Map check complete: 0 Error(s), 0 Warning(s), took 79,01ms to complete.
[2021.05.26-16.36.19:870][  0]LogFileHelpers: Loading map 'Minimal_Default' took 0.752
[2021.05.26-16.36.20:013][  0]LogSlate: Updating window title bar state: overlay mode, drag disabled, window buttons hidden, title bar hidden
[2021.05.26-16.36.20:024][  0]LogSlate: Updating window title bar state: overlay mode, drag disabled, window buttons hidden, title bar hidden
[2021.05.26-16.36.20:034][  0]LogSlate: Updating window title bar state: overlay mode, drag disabled, window buttons hidden, title bar hidden
[2021.05.26-16.36.20:048][  0]LogSlate: Updating window title bar state: overlay mode, drag disabled, window buttons hidden, title bar hidden
[2021.05.26-16.36.20:059][  0]LogCollectionManager: Loaded 0 collections in 0.001350 seconds
[2021.05.26-16.36.20:119][  0]LogFileCache: Scanning file cache for directory 'P:/Unreal/Projekty/BallRunner_W.Gawlik/BallRunner/Saved/Collections/' took 0.01s
[2021.05.26-16.36.20:119][  0]LogFileCache: Scanning file cache for directory 'P:/Unreal/Projekty/BallRunner_W.Gawlik/BallRunner/Content/Developers/Lotka/Collections/' took 0.01s
[2021.05.26-16.36.20:119][  0]LogFileCache: Scanning file cache for directory 'P:/Unreal/Projekty/BallRunner_W.Gawlik/BallRunner/Content/Collections/' took 0.01s
[2021.05.26-16.36.20:119][  0]LogCollectionManager: Rebuilt the GUID cache for 0 collections in 0.000001 seconds
[2021.05.26-16.36.20:135][  0]LogContentBrowser: Native class hierarchy populated in 0.0151 seconds. Added 2572 classes and 603 folders.
[2021.05.26-16.36.20:148][  0]LogContentBrowser: Native class hierarchy updated for 'WidgetCarousel' in 0.0003 seconds. Added 0 classes and 0 folders.
[2021.05.26-16.36.20:295][  0]LogContentBrowser: Native class hierarchy updated for 'AddContentDialog' in 0.0003 seconds. Added 0 classes and 0 folders.
[2021.05.26-16.36.20:314][  0]LogContentBrowser: Native class hierarchy updated for 'SceneOutliner' in 0.0006 seconds. Added 1 classes and 2 folders.
[2021.05.26-16.36.22:085][  0]LogSlate: Only BGRA pngs, bmps or icos are supported in by External Image Picker
[2021.05.26-16.36.22:167][  0]LogSlate: Took 0.000331 seconds to synchronously load lazily loaded font '../../../Engine/Content/Slate/Fonts/Roboto-Regular.ttf' (155K)
[2021.05.26-16.36.22:179][  0]LogSlate: Took 0.000270 seconds to synchronously load lazily loaded font '../../../Engine/Content/Slate/Fonts/Roboto-Bold.ttf' (160K)
[2021.05.26-16.36.22:193][  0]LogSlate: Took 0.001613 seconds to synchronously load lazily loaded font '../../../Engine/Content/Editor/Slate/Fonts/FontAwesome.ttf' (139K)
[2021.05.26-16.36.22:399][  0]LogTemp: Executing iPhonePackager certificates Engine -bundlename com.YourCompany.BallRunner
[2021.05.26-16.36.22:399][  0]LogTemp: CWD: P:\Unreal\UE_4.20\Engine\Binaries\DotNET\IOS
[2021.05.26-16.36.22:399][  0]LogTemp: Initial Dir: P:\Unreal\UE_4.20
[2021.05.26-16.36.22:399][  0]LogTemp: Env CWD: P:\Unreal\UE_4.20\Engine\Binaries\DotNET\IOS
[2021.05.26-16.36.22:399][  0]LogTemp: BranchPath = LAPTOP-G3O3VCMT/P/Unreal/UE_4.20/Engine/Binaries --- GameBranchPath = LAPTOP-G3O3VCMT/P/Unreal/UE_4.20/Engine/Binaries
[2021.05.26-16.36.22:399][  0]LogTemp: IPP ERROR: Could not find provision directory 'C:\Users\Lotka\AppData\Local/Apple Computer/MobileDevice/Provisioning Profiles/'.
[2021.05.26-16.36.22:399][  0]LogRenderer: Reallocating scene render targets to support 968x520 Format 10 NumSamples 1 (Frame:1).
[2021.05.26-16.36.22:596][  0]LogContentBrowser: Native class hierarchy updated for 'HierarchicalLODOutliner' in 0.0003 seconds. Added 0 classes and 0 folders.
[2021.05.26-16.36.22:596][  0]LogLoad: (Engine Initialization) Total time: 14.54 seconds
[2021.05.26-16.36.22:596][  0]LogLoad: (Engine Initialization) Total Blueprint compile time: 0.00 seconds
[2021.05.26-16.36.22:650][  0]LogContentStreaming: Texture pool size now 1000 MB
[2021.05.26-16.36.22:835][  2]LogAssetRegistry: Asset discovery search completed in 8.6384 seconds
[2021.05.26-16.36.22:837][  2]LogCollectionManager: Rebuilt the object cache for 0 collections in 0.000001 seconds (found 0 objects)
[2021.05.26-16.36.22:837][  2]LogCollectionManager: Fixed up redirectors for 0 collections in 0.000083 seconds (updated 0 objects)
[2021.05.26-16.36.26:862][ 14]LogSlate: Took 0.001624 seconds to synchronously load lazily loaded font '../../../Engine/Content/Slate/Fonts/Roboto-Light.ttf' (167K)
[2021.05.26-16.36.27:178][ 15]LogSlate: FSceneViewport::OnFocusLost() reason 0
[2021.05.26-16.36.28:596][ 49]LogSlate: Took 0.000282 seconds to synchronously load lazily loaded font '../../../Engine/Content/Slate/Fonts/Roboto-Light.ttf' (167K)
[2021.05.26-16.36.29:605][ 49]LogAIModule: Creating AISystem for world MainLevel
[2021.05.26-16.36.29:709][ 49]LogAssetEditorManager: Opening Asset editor for World /Game/StarterContent/Maps/Levels/MainLevel.MainLevel
[2021.05.26-16.36.29:751][ 49]Cmd: MAP LOAD FILE="../../../../Projekty/BallRunner_W.Gawlik/BallRunner/Content/StarterContent/Maps/Levels/MainLevel.umap" TEMPLATE=0 SHOWPROGRESS=1 FEATURELEVEL=3
[2021.05.26-16.36.29:751][ 49]LightingResults: New page: Lighting Build
[2021.05.26-16.36.29:752][ 49]LoadErrors: New page: Loading map: MainLevel.umap
[2021.05.26-16.36.29:753][ 49]MapCheck: New page: Map Check
[2021.05.26-16.36.29:753][ 49]LightingResults: New page: Lighting Build
[2021.05.26-16.36.29:944][ 49]LogEditorServer: Finished looking for orphan Actors (0.000 secs)
[2021.05.26-16.36.30:011][ 49]Cmd: MAP CHECKDEP NOCLEARLOG
[2021.05.26-16.36.30:129][ 49]MapCheck: Map check complete: 0 Error(s), 0 Warning(s), took 117,601ms to complete.
[2021.05.26-16.36.30:129][ 49]LogFileHelpers: Loading map 'MainLevel' took 0.379
[2021.05.26-16.36.33:940][161]LogEditorViewport: Clicking on Actor (LMB): BP_Canon_C (BP_Canon_2)
[2021.05.26-16.36.36:106][220]LogSlate: FSceneViewport::OnFocusLost() reason 0
[2021.05.26-16.36.36:171][221]LogTemp: Repeating last play command: Selected Viewport
[2021.05.26-16.36.36:190][221]LogBlueprintUserMessages: Early PlayInEditor Detection: Level '/Game/StarterContent/Maps/Levels/MainLevel.MainLevel:PersistentLevel' has LevelScriptBlueprint '/Game/StarterContent/Maps/Levels/MainLevel.MainLevel:PersistentLevel.MainLevel' with GeneratedClass '/Game/StarterContent/Maps/Levels/MainLevel.MainLevel_C' with ClassGeneratedBy '/Game/StarterContent/Maps/Levels/MainLevel.MainLevel:PersistentLevel.MainLevel'
[2021.05.26-16.36.36:190][221]LogPlayLevel: PlayLevel: No blueprints needed recompiling
[2021.05.26-16.36.36:203][221]PIE: New page: PIE session: MainLevel (26 maj 2021, 20:36:36)
[2021.05.26-16.36.36:204][221]LogPlayLevel: Creating play world package: /Game/StarterContent/Maps/Levels/UEDPIE_0_MainLevel
[2021.05.26-16.36.36:235][221]LogPlayLevel: PIE: StaticDuplicateObject took: (0.031579s)
[2021.05.26-16.36.36:236][221]LogAIModule: Creating AISystem for world MainLevel
[2021.05.26-16.36.36:237][221]LogPlayLevel: PIE: World Init took: (0.001110s)
[2021.05.26-16.36.36:237][221]LogPlayLevel: PIE: Created PIE world by copying editor world from /Game/StarterContent/Maps/Levels/MainLevel.MainLevel to /Game/StarterContent/Maps/Levels/UEDPIE_0_MainLevel.MainLevel (0.032945s)
[2021.05.26-16.36.36:302][221]LogInit: XAudio2 using 'Głośniki (USB Audio Device)' : 2 channels at 48 kHz using 16 bits per sample (channel mask 0x3)
[2021.05.26-16.36.36:320][221]LogInit: FAudioDevice initialized.
[2021.05.26-16.36.36:366][221]LogLoad: Game class is 'BP_GameMode_C'
[2021.05.26-16.36.36:376][221]LogWorld: Bringing World /Game/StarterContent/Maps/Levels/UEDPIE_0_MainLevel.MainLevel up for play (max tick rate 60) at 2021.05.26-18.36.36
[2021.05.26-16.36.36:377][221]LogWorld: Bringing up level for play took: 0.008817
[2021.05.26-16.36.36:395][221]LogContentBrowser: Native class hierarchy updated for 'MovieSceneCapture' in 0.0004 seconds. Added 10 classes and 0 folders.
[2021.05.26-16.36.36:400][221]PIE: Play in editor start time for /Game/StarterContent/Maps/Levels/UEDPIE_0_MainLevel -0,661
[2021.05.26-16.36.36:400][221]LogBlueprintUserMessages: Late PlayInEditor Detection: Level '/Game/StarterContent/Maps/Levels/MainLevel.MainLevel:PersistentLevel' has LevelScriptBlueprint '/Game/StarterContent/Maps/Levels/MainLevel.MainLevel:PersistentLevel.MainLevel' with GeneratedClass '/Game/StarterContent/Maps/Levels/MainLevel.MainLevel_C' with ClassGeneratedBy '/Game/StarterContent/Maps/Levels/MainLevel.MainLevel:PersistentLevel.MainLevel'
[2021.05.26-16.36.53:743][742]LogBlueprintUserMessages: Early EndPlayMap Detection: Level '/Game/StarterContent/Maps/Levels/MainLevel.MainLevel:PersistentLevel' has LevelScriptBlueprint '/Game/StarterContent/Maps/Levels/MainLevel.MainLevel:PersistentLevel.MainLevel' with GeneratedClass '/Game/StarterContent/Maps/Levels/MainLevel.MainLevel_C' with ClassGeneratedBy '/Game/StarterContent/Maps/Levels/MainLevel.MainLevel:PersistentLevel.MainLevel'
[2021.05.26-16.36.53:746][742]LogSlate: Updating window title bar state: overlay mode, drag disabled, window buttons hidden, title bar hidden
[2021.05.26-16.36.53:814][742]LogPlayLevel: Display: Shutting down PIE online subsystems
[2021.05.26-16.36.53:814][742]LogBlueprintUserMessages: Late EndPlayMap Detection: Level '/Game/StarterContent/Maps/Levels/MainLevel.MainLevel:PersistentLevel' has LevelScriptBlueprint '/Game/StarterContent/Maps/Levels/MainLevel.MainLevel:PersistentLevel.MainLevel' with GeneratedClass '/Game/StarterContent/Maps/Levels/MainLevel.MainLevel_C' with ClassGeneratedBy '/Game/StarterContent/Maps/Levels/MainLevel.MainLevel:PersistentLevel.MainLevel'
[2021.05.26-16.36.53:853][742]LogSlate: Updating window title bar state: overlay mode, drag disabled, window buttons hidden, title bar hidden
[2021.05.26-16.36.53:890][743]LogPlayLevel: Display: Destroying online subsystem :Context_2
[2021.05.26-16.38.22:070][296]LogSlate: FSceneViewport::OnFocusLost() reason 0
[2021.05.26-16.40.16:981][974]LogSlate: FSceneViewport::OnFocusLost() reason 0
[2021.05.26-16.40.17:447][989]LogSavePackage: Moving '../../../../Projekty/BallRunner_W.Gawlik/BallRunner/Saved/MainLevel85EF6F9F41F72F97F73A0AB4489107F2.tmp' to '../../../../Projekty/BallRunner_W.Gawlik/BallRunner/Content/StarterContent/Maps/Levels/MainLevel.umap'
[2021.05.26-16.40.17:636][989]LogSavePackage: Moving '../../../../Projekty/BallRunner_W.Gawlik/BallRunner/Saved/MainLevel_BuiltDataD913D2784B1B09F769E13EB101989C30.tmp' to '../../../../Projekty/BallRunner_W.Gawlik/BallRunner/Content/StarterContent/Maps/Levels/MainLevel_BuiltData.uasset'
[2021.05.26-16.41.09:512][459]LogAssetEditorManager: Opening Asset editor for Blueprint /Game/StarterContent/Blueprints/Actors/Projectiles/BP_Blast.BP_Blast
[2021.05.26-16.41.09:929][459]LogContentBrowser: Native class hierarchy updated for 'BlueprintGraph' in 0.0005 seconds. Added 116 classes and 0 folders.
[2021.05.26-16.41.10:567][459]LogSlate: Took 0.001379 seconds to synchronously load lazily loaded font '../../../Engine/Content/Slate/Fonts/Roboto-BoldCondensed.ttf' (158K)
[2021.05.26-16.41.10:619][460]LogSlate: Took 0.001702 seconds to synchronously load lazily loaded font '../../../Engine/Content/Slate/Fonts/Roboto-Italic.ttf' (157K)
[2021.05.26-16.41.12:491][672]LogSlate: Window 'BP_Blast' being destroyed
[2021.05.26-16.41.12:504][672]LogSlate: Window 'BP_Blast' being destroyed
[2021.05.26-16.41.46:519][133]LogAssetEditorManager: Opening Asset editor for Blueprint /Game/StarterContent/Blueprints/Cannon/BP_Canon.BP_Canon
[2021.05.26-16.43.19:291][ 30]BlueprintLog: New page: Compile BP_Canon
[2021.05.26-16.45.30:956][618]LogRenderer: Reallocating scene render targets to support 1092x672 Format 10 NumSamples 1 (Frame:1).
[2021.05.26-16.45.44:732][231]LogSlate: FSceneViewport::OnFocusLost() reason 0
[2021.05.26-16.45.44:807][240]BlueprintLog: New page: Compile BP_Canon
[2021.05.26-16.50.17:730][919]LogSavePackage: Moving '../../../../Projekty/BallRunner_W.Gawlik/BallRunner/Saved/MainLevel_Auto12FDBC72C49DD9C30398B97BC47DA6C89.tmp' to '../../../../Projekty/BallRunner_W.Gawlik/BallRunner/Saved/Autosaves/Game/StarterContent/Maps/Levels/MainLevel_Auto1.umap'
[2021.05.26-16.50.17:734][919]LogFileHelpers: Editor autosave (incl. sublevels) for '/Game/StarterContent/Maps/Levels/MainLevel' took 0.303
[2021.05.26-16.50.17:734][919]LogFileHelpers: Editor autosave (incl. sublevels) for all levels took 0.303
[2021.05.26-16.50.17:736][919]OBJ SavePackage: Generating thumbnails for [1] asset(s) in package [/Game/StarterContent/Blueprints/Cannon/BP_Canon] ([1] browsable assets)...
[2021.05.26-16.50.17:756][919]OBJ SavePackage:     Rendered thumbnail for [Blueprint /Game/StarterContent/Blueprints/Cannon/BP_Canon.BP_Canon]
[2021.05.26-16.50.17:756][919]OBJ SavePackage: Finished generating thumbnails for package [/Game/StarterContent/Blueprints/Cannon/BP_Canon]
[2021.05.26-16.50.17:781][919]LogSavePackage: Moving '../../../../Projekty/BallRunner_W.Gawlik/BallRunner/Saved/BP_Canon_Auto1E2E7728B40BE0726FB88DB873AE5CE64.tmp' to '../../../../Projekty/BallRunner_W.Gawlik/BallRunner/Saved/Autosaves/Game/StarterContent/Blueprints/Cannon/BP_Canon_Auto1.uasset'
[2021.05.26-16.50.17:782][919]LogFileHelpers: Auto-saving content packages took 0.047
[2021.05.26-16.53.57:403][575]LogInit: XAudio2 using 'Głośniki (USB Audio Device)' : 2 channels at 48 kHz using 16 bits per sample (channel mask 0x3)
[2021.05.26-16.55.12:523][799]BlueprintLog: New page: Compile BP_Canon
[2021.05.26-17.00.22:587][  0]LogSavePackage: Moving '../../../../Projekty/BallRunner_W.Gawlik/BallRunner/Saved/MainLevel_Auto2337347BB47283F4AF413C8ACC6B22D18.tmp' to '../../../../Projekty/BallRunner_W.Gawlik/BallRunner/Saved/Autosaves/Game/StarterContent/Maps/Levels/MainLevel_Auto2.umap'
[2021.05.26-17.00.22:592][  0]LogFileHelpers: Editor autosave (incl. sublevels) for '/Game/StarterContent/Maps/Levels/MainLevel' took 0.442
[2021.05.26-17.00.22:593][  0]LogFileHelpers: Editor autosave (incl. sublevels) for all levels took 0.442
[2021.05.26-17.00.22:595][  0]OBJ SavePackage: Generating thumbnails for [1] asset(s) in package [/Game/StarterContent/Blueprints/Cannon/BP_Canon] ([1] browsable assets)...
[2021.05.26-17.00.22:614][  0]OBJ SavePackage:     Rendered thumbnail for [Blueprint /Game/StarterContent/Blueprints/Cannon/BP_Canon.BP_Canon]
[2021.05.26-17.00.22:614][  0]OBJ SavePackage: Finished generating thumbnails for package [/Game/StarterContent/Blueprints/Cannon/BP_Canon]
[2021.05.26-17.00.22:651][  0]LogSavePackage: Moving '../../../../Projekty/BallRunner_W.Gawlik/BallRunner/Saved/BP_Canon_Auto203D515BC48772D7B4324D1A3B307F0A1.tmp' to '../../../../Projekty/BallRunner_W.Gawlik/BallRunner/Saved/Autosaves/Game/StarterContent/Blueprints/Cannon/BP_Canon_Auto2.uasset'
[2021.05.26-17.00.22:653][  0]LogFileHelpers: Auto-saving content packages took 0.060
[2021.05.26-20.01.31:053][772]LogSlate: Window 'Save Content' being destroyed
[2021.05.26-20.01.33:996][889]LogSlate: Window 'Save Content' being destroyed
[2021.05.26-20.01.34:062][889]LogSlate: Window 'BP_Canon*' being destroyed
[2021.05.26-20.01.34:203][889]LogSlate: Window 'BallRunner - Unreal Editor' being destroyed
[2021.05.26-20.01.34:579][890]Cmd: QUIT_EDITOR
[2021.05.26-20.01.35:237][890]LogWindowsTextInputMethodSystem: Display: IME system now deactivated.
[2021.05.26-20.01.35:268][890]LogExit: Preparing to exit.
[2021.05.26-20.01.36:062][890]LogExit: Editor shut down
[2021.05.26-20.01.36:062][890]LogExit: Transaction tracking system shut down
[2021.05.26-20.01.36:547][890]LogExit: Object subsystem successfully closed.
[2021.05.26-20.01.36:592][890]LogShaderCompilers: Display: Shaders left to compile 0
[2021.05.26-20.01.36:598][890]LogD3D11RHI: Shutdown
[2021.05.26-20.01.36:598][890]LogD3D11RHI: CleanupD3DDevice
[2021.05.26-20.01.36:607][890]LogD3D11RHI: ~FD3D11DynamicRHI
[2021.05.26-20.01.36:655][890]LogModuleManager: Shutting down and abandoning module BlueprintGraph (618)
[2021.05.26-20.01.36:655][890]LogModuleManager: Shutting down and abandoning module MovieSceneCapture (616)
[2021.05.26-20.01.36:655][890]LogModuleManager: Shutting down and abandoning module Voice (614)
[2021.05.26-20.01.36:656][890]LogModuleManager: Shutting down and abandoning module HierarchicalLODOutliner (612)
[2021.05.26-20.01.36:656][890]LogModuleManager: Shutting down and abandoning module ExternalImagePicker (610)
[2021.05.26-20.01.36:656][890]LogModuleManager: Shutting down and abandoning module SceneOutliner (608)
[2021.05.26-20.01.36:656][890]LogModuleManager: Shutting down and abandoning module AddContentDialog (606)
[2021.05.26-20.01.36:659][890]LogModuleManager: Shutting down and abandoning module WidgetCarousel (605)
[2021.05.26-20.01.36:659][890]LogModuleManager: Shutting down and abandoning module EditorWidgets (602)
[2021.05.26-20.01.36:659][890]LogModuleManager: Shutting down and abandoning module CollectionManager (600)
[2021.05.26-20.01.36:660][890]LogModuleManager: Shutting down and abandoning module StatsViewer (598)
[2021.05.26-20.01.36:660][890]LogModuleManager: Shutting down and abandoning module FoliageEdit (596)
[2021.05.26-20.01.36:660][890]LogModuleManager: Shutting down and abandoning module LandscapeEditor (594)
[2021.05.26-20.01.36:662][890]LogModuleManager: Shutting down and abandoning module MeshPaintMode (592)
[2021.05.26-20.01.36:662][890]LogModuleManager: Shutting down and abandoning module SceneDepthPickerMode (590)
[2021.05.26-20.01.36:663][890]LogModuleManager: Shutting down and abandoning module ActorPickerMode (588)
[2021.05.26-20.01.36:663][890]LogModuleManager: Shutting down and abandoning module GeometryMode (586)
[2021.05.26-20.01.36:663][890]LogModuleManager: Shutting down and abandoning module TextureAlignMode (584)
[2021.05.26-20.01.36:663][890]LogModuleManager: Shutting down and abandoning module BspMode (582)
[2021.05.26-20.01.36:663][890]LogModuleManager: Shutting down and abandoning module PIEPreviewDeviceProfileSelector (580)
[2021.05.26-20.01.36:663][890]LogModuleManager: Shutting down and abandoning module SequenceRecorderSections (578)
[2021.05.26-20.01.36:664][890]LogModuleManager: Shutting down and abandoning module AutomationWorker (576)
[2021.05.26-20.01.36:664][890]LogModuleManager: Shutting down and abandoning module AudioCaptureEditor (574)
[2021.05.26-20.01.36:664][890]LogModuleManager: Shutting down and abandoning module SequenceRecorder (573)
[2021.05.26-20.01.36:664][890]LogModuleManager: Shutting down and abandoning module MatineeToLevelSequence (570)
[2021.05.26-20.01.36:664][890]LogModuleManager: Shutting down and abandoning module LevelSequenceEditor (568)
[2021.05.26-20.01.36:666][890]LogModuleManager: Shutting down and abandoning module PlacementMode (567)
[2021.05.26-20.01.36:666][890]LogModuleManager: Shutting down and abandoning module MaterialEditor (566)
[2021.05.26-20.01.36:668][890]LogModuleManager: Shutting down and abandoning module WmfMediaFactory (562)
[2021.05.26-20.01.36:668][890]LogModuleManager: Shutting down and abandoning module WmfMediaEditor (560)
[2021.05.26-20.01.36:668][890]LogModuleManager: Shutting down and abandoning module MediaPlayerEditor (558)
[2021.05.26-20.01.36:669][890]LogModuleManager: Shutting down and abandoning module OpenExrWrapper (556)
[2021.05.26-20.01.36:669][890]LogModuleManager: Shutting down and abandoning module ImgMediaFactory (554)
[2021.05.26-20.01.36:669][890]LogModuleManager: Shutting down and abandoning module ImgMediaEditor (552)
[2021.05.26-20.01.36:669][890]LogModuleManager: Shutting down and abandoning module AvfMediaFactory (550)
[2021.05.26-20.01.36:669][890]LogModuleManager: Shutting down and abandoning module AvfMediaEditor (548)
[2021.05.26-20.01.36:669][890]LogModuleManager: Shutting down and abandoning module AndroidMediaFactory (546)
[2021.05.26-20.01.36:669][890]LogModuleManager: Shutting down and abandoning module AndroidMediaEditor (544)
[2021.05.26-20.01.36:669][890]LogModuleManager: Shutting down and abandoning module MagicLeapCameraPreviewFactory (542)
[2021.05.26-20.01.36:669][890]LogModuleManager: Shutting down and abandoning module MagicLeapMediaFactory (540)
[2021.05.26-20.01.36:669][890]LogModuleManager: Shutting down and abandoning module MagicLeapMediaEditor (538)
[2021.05.26-20.01.36:669][890]LogModuleManager: Shutting down and abandoning module CharacterAI (536)
[2021.05.26-20.01.36:669][890]LogModuleManager: Shutting down and abandoning module SmartSnapping (534)
[2021.05.26-20.01.36:669][890]LogModuleManager: Shutting down and abandoning module SessionServices (532)
[2021.05.26-20.01.36:669][890]LogModuleManager: Shutting down and abandoning module ViewportSnapping (530)
[2021.05.26-20.01.36:670][890]LogModuleManager: Shutting down and abandoning module ViewportInteraction (528)
[2021.05.26-20.01.36:670][890]LogModuleManager: Shutting down and abandoning module ClothPainter (526)
[2021.05.26-20.01.36:671][890]LogModuleManager: Shutting down and abandoning module SkeletalMeshEditor (525)
[2021.05.26-20.01.36:672][890]LogModuleManager: Shutting down and abandoning module LogVisualizer (522)
[2021.05.26-20.01.36:674][890]LogModuleManager: Shutting down and abandoning module IntroTutorials (520)
[2021.05.26-20.01.36:675][890]LogModuleManager: Shutting down and abandoning module GameProjectGeneration (519)
[2021.05.26-20.01.36:676][890]LogModuleManager: Shutting down and abandoning module LuminPlatformEditor (516)
[2021.05.26-20.01.36:676][890]LogModuleManager: Shutting down and abandoning module IOSPlatformEditor (514)
[2021.05.26-20.01.36:676][890]LogModuleManager: Shutting down and abandoning module HTML5PlatformEditor (512)
[2021.05.26-20.01.36:676][890]LogModuleManager: Shutting down and abandoning module AndroidPlatformEditor (510)
[2021.05.26-20.01.36:676][890]LogModuleManager: Shutting down and abandoning module AndroidDeviceDetection (509)
[2021.05.26-20.01.37:338][890]LogModuleManager: Shutting down and abandoning module WindowsPlatformEditor (506)
[2021.05.26-20.01.37:338][890]LogModuleManager: Shutting down and abandoning module LuminRuntimeSettings (504)
[2021.05.26-20.01.37:338][890]LogModuleManager: Shutting down and abandoning module IOSRuntimeSettings (502)
[2021.05.26-20.01.37:338][890]LogModuleManager: Shutting down and abandoning module AndroidRuntimeSettings (500)
[2021.05.26-20.01.37:338][890]LogModuleManager: Shutting down and abandoning module InputBindingEditor (498)
[2021.05.26-20.01.37:339][890]LogModuleManager: Shutting down and abandoning module MergeActors (496)
[2021.05.26-20.01.37:340][890]LogModuleManager: Shutting down and abandoning module LocalizationDashboard (494)
[2021.05.26-20.01.37:340][890]LogModuleManager: Shutting down and abandoning module LocalizationService (493)
[2021.05.26-20.01.37:341][890]LogModuleManager: Shutting down and abandoning module HardwareTargeting (490)
[2021.05.26-20.01.37:341][890]LogModuleManager: Shutting down and abandoning module DeviceProfileEditor (488)
[2021.05.26-20.01.37:341][890]LogModuleManager: Shutting down and abandoning module UndoHistory (486)
[2021.05.26-20.01.37:341][890]LogModuleManager: Shutting down and abandoning module XmlParser (484)
[2021.05.26-20.01.37:341][890]LogModuleManager: Shutting down and abandoning module Blutility (482)
[2021.05.26-20.01.37:341][890]LogModuleManager: Shutting down and abandoning module ProjectSettingsViewer (480)
[2021.05.26-20.01.37:341][890]LogModuleManager: Shutting down and abandoning module ProjectTargetPlatformEditor (479)
[2021.05.26-20.01.37:342][890]LogModuleManager: Shutting down and abandoning module EditorSettingsViewer (476)
[2021.05.26-20.01.37:342][890]LogModuleManager: Shutting down and abandoning module SettingsEditor (474)
[2021.05.26-20.01.37:342][890]LogModuleManager: Shutting down and abandoning module ProjectLauncher (472)
[2021.05.26-20.01.37:343][890]LogModuleManager: Shutting down and abandoning module SessionFrontend (470)
[2021.05.26-20.01.37:343][890]LogModuleManager: Shutting down and abandoning module ProfilerClient (468)
[2021.05.26-20.01.37:344][890]LogModuleManager: Shutting down and abandoning module DeviceManager (466)
[2021.05.26-20.01.37:344][890]LogModuleManager: Shutting down and abandoning module TargetDeviceServices (465)
[2021.05.26-20.01.37:387][890]LogModuleManager: Shutting down and abandoning module AutomationController (462)
[2021.05.26-20.01.37:388][890]LogModuleManager: Shutting down and abandoning module AutomationWindow (460)
[2021.05.26-20.01.37:388][890]LogModuleManager: Shutting down and abandoning module Layers (458)
[2021.05.26-20.01.37:390][890]LogModuleManager: Shutting down and abandoning module ComponentVisualizers (456)
[2021.05.26-20.01.37:390][890]LogModuleManager: Shutting down and abandoning module DetailCustomizations (454)
[2021.05.26-20.01.37:391][890]LogModuleManager: Shutting down and abandoning module PackagesDialog (452)
[2021.05.26-20.01.37:391][890]LogModuleManager: Shutting down and abandoning module Persona (450)
[2021.05.26-20.01.37:392][890]LogModuleManager: Shutting down and abandoning module AdvancedPreviewScene (449)
[2021.05.26-20.01.37:392][890]LogModuleManager: Shutting down and abandoning module AnimGraph (447)
[2021.05.26-20.01.37:392][890]LogModuleManager: Shutting down and abandoning module Kismet (444)
[2021.05.26-20.01.37:398][890]LogModuleManager: Shutting down and abandoning module GraphEditor (442)
[2021.05.26-20.01.37:398][890]LogModuleManager: Shutting down and abandoning module ClassViewer (440)
[2021.05.26-20.01.37:398][890]LogModuleManager: Shutting down and abandoning module Toolbox (438)
[2021.05.26-20.01.37:398][890]LogModuleManager: Shutting down and abandoning module ModuleUI (436)
[2021.05.26-20.01.37:399][890]LogModuleManager: Shutting down and abandoning module MovieSceneTools (434)
[2021.05.26-20.01.37:400][890]LogModuleManager: Shutting down and abandoning module OutputLog (432)
[2021.05.26-20.01.37:400][890]LogModuleManager: Shutting down and abandoning module GammaUI (430)
[2021.05.26-20.01.37:400][890]LogModuleManager: Shutting down and abandoning module Documentation (428)
[2021.05.26-20.01.37:400][890]LogModuleManager: Shutting down and abandoning module MovieSceneTracks (426)
[2021.05.26-20.01.37:400][890]LogModuleManager: Shutting down and abandoning module MovieScene (424)
[2021.05.26-20.01.37:400][890]LogModuleManager: Shutting down and abandoning module StreamingPauseRendering (422)
[2021.05.26-20.01.37:401][890]LogModuleManager: Shutting down and abandoning module LauncherPlatform (420)
[2021.05.26-20.01.37:401][890]LogModuleManager: Shutting down and abandoning module AnalyticsET (418)
[2021.05.26-20.01.37:401][890]LogModuleManager: Shutting down and abandoning module PortalServices (416)
[2021.05.26-20.01.37:401][890]LogModuleManager: Shutting down and abandoning module PortalRpc (414)
[2021.05.26-20.01.37:401][890]LogModuleManager: Shutting down and abandoning module MessagingRpc (412)
[2021.05.26-20.01.37:401][890]LogModuleManager: Shutting down and abandoning module AIModule (410)
[2021.05.26-20.01.37:401][890]LogModuleManager: Shutting down and abandoning module GameplayDebugger (409)
[2021.05.26-20.01.37:402][890]LogModuleManager: Shutting down and abandoning module AITestSuite (407)
[2021.05.26-20.01.37:402][890]LogModuleManager: Shutting down and abandoning module NavigationSystem (405)
[2021.05.26-20.01.37:402][890]LogModuleManager: Shutting down and abandoning module DesktopPlatform (402)
[2021.05.26-20.01.37:402][890]LogModuleManager: Shutting down and abandoning module ProfilerService (400)
[2021.05.26-20.01.37:564][890]LogModuleManager: Shutting down and abandoning module TaskGraph (398)
[2021.05.26-20.01.37:565][890]LogModuleManager: Shutting down and abandoning module SteamVRController (396)
[2021.05.26-20.01.37:565][890]LogModuleManager: Shutting down and abandoning module ProceduralMeshComponentEditor (394)
[2021.05.26-20.01.37:565][890]LogModuleManager: Shutting down and abandoning module ProceduralMeshComponent (392)
[2021.05.26-20.01.37:566][890]LogModuleManager: Shutting down and abandoning module OculusInput (390)
[2021.05.26-20.01.37:566][890]LogModuleManager: Shutting down and abandoning module MobilePatchingUtils (388)
[2021.05.26-20.01.37:566][890]LogModuleManager: Shutting down and abandoning module EditableMesh (386)
[2021.05.26-20.01.37:566][890]LogModuleManager: Shutting down and abandoning module CustomMeshComponent (384)
[2021.05.26-20.01.37:566][890]LogModuleManager: Shutting down and abandoning module CableComponent (382)
[2021.05.26-20.01.37:566][890]LogModuleManager: Shutting down and abandoning module AudioCapture (380)
[2021.05.26-20.01.37:566][890]LogModuleManager: Shutting down and abandoning module ArchVisCharacter (378)
[2021.05.26-20.01.37:566][890]LogModuleManager: Shutting down and abandoning module AndroidPermission (376)
[2021.05.26-20.01.37:566][890]LogModuleManager: Shutting down and abandoning module NUTUnrealEngine4 (374)
[2021.05.26-20.01.37:566][890]LogModuleManager: Shutting down and abandoning module NetcodeUnitTest (372)
[2021.05.26-20.01.37:568][890]LogModuleManager: Shutting down and abandoning module MediaCompositingEditor (370)
[2021.05.26-20.01.37:568][890]LogModuleManager: Shutting down and abandoning module MediaCompositing (368)
[2021.05.26-20.01.37:568][890]LogModuleManager: Shutting down and abandoning module LinearTimecode (366)
[2021.05.26-20.01.37:568][890]LogModuleManager: Shutting down and abandoning module ImgMedia (364)
[2021.05.26-20.01.37:572][890]LogModuleManager: Shutting down and abandoning module HTML5Networking (362)
[2021.05.26-20.01.37:572][890]LogModuleManager: Shutting down and abandoning module GeometryCacheTracks (360)
[2021.05.26-20.01.37:572][890]LogModuleManager: Shutting down and abandoning module GeometryCacheSequencer (358)
[2021.05.26-20.01.37:572][890]LogModuleManager: Shutting down and abandoning module BackChannel (356)
[2021.05.26-20.01.37:573][890]LogModuleManager: Shutting down and abandoning module AppleVision (354)
[2021.05.26-20.01.37:573][890]LogModuleManager: Shutting down and abandoning module AppleImageUtils (352)
[2021.05.26-20.01.37:573][890]LogModuleManager: Shutting down and abandoning module AlembicImporter (350)
[2021.05.26-20.01.37:573][890]LogModuleManager: Shutting down and abandoning module AlembicLibrary (349)
[2021.05.26-20.01.37:573][890]LogModuleManager: Shutting down and abandoning module GeometryCache (348)
[2021.05.26-20.01.37:573][890]LogModuleManager: Shutting down and abandoning module GeometryCacheEd (347)
[2021.05.26-20.01.37:573][890]LogModuleManager: Shutting down and abandoning module DatasmithContentEditor (342)
[2021.05.26-20.01.37:573][890]LogModuleManager: Shutting down and abandoning module DatasmithContent (340)
[2021.05.26-20.01.37:573][890]LogModuleManager: Shutting down and abandoning module SpeedTreeImporter (338)
[2021.05.26-20.01.37:573][890]LogModuleManager: Shutting down and abandoning module PluginBrowser (336)
[2021.05.26-20.01.37:576][890]LogModuleManager: Shutting down and abandoning module MobileLauncherProfileWizard (334)
[2021.05.26-20.01.37:576][890]LogModuleManager: Shutting down and abandoning module PolygonModeling (332)
[2021.05.26-20.01.37:576][890]LogModuleManager: Shutting down and abandoning module MeshEditor (330)
[2021.05.26-20.01.37:576][890]LogModuleManager: Shutting down and abandoning module CryptoKeysOpenSSL (328)
[2021.05.26-20.01.37:577][890]LogModuleManager: Shutting down and abandoning module CryptoKeys (326)
[2021.05.26-20.01.37:577][890]LogModuleManager: Shutting down and abandoning module VisualStudioSourceCodeAccess (324)
[2021.05.26-20.01.37:577][890]LogModuleManager: Shutting down and abandoning module VisualStudioCodeSourceCodeAccess (322)
[2021.05.26-20.01.37:577][890]LogModuleManager: Shutting down and abandoning module UObjectPlugin (320)
[2021.05.26-20.01.37:577][890]LogModuleManager: Shutting down and abandoning module SubversionSourceControl (318)
[2021.05.26-20.01.37:578][890]LogModuleManager: Shutting down and abandoning module PerforceSourceControl (316)
[2021.05.26-20.01.37:578][890]LogModuleManager: Shutting down and abandoning module GitSourceControl (314)
[2021.05.26-20.01.37:579][890]LogModuleManager: Shutting down and abandoning module SourceControl (313)
[2021.05.26-20.01.37:579][890]LogModuleManager: Shutting down and abandoning module CLionSourceCodeAccess (310)
[2021.05.26-20.01.37:579][890]LogModuleManager: Shutting down and abandoning module LightPropagationVolumeEditor (308)
[2021.05.26-20.01.37:579][890]LogModuleManager: Shutting down and abandoning module PaperTiledImporter (306)
[2021.05.26-20.01.37:579][890]LogModuleManager: Shutting down and abandoning module PaperSpriteSheetImporter (304)
[2021.05.26-20.01.37:579][890]LogModuleManager: Shutting down and abandoning module Paper2DEditor (302)
[2021.05.26-20.01.37:580][890]LogModuleManager: Shutting down and abandoning module MeshPaint (301)
[2021.05.26-20.01.37:581][890]LogModuleManager: Shutting down and abandoning module RuntimePhysXCooking (298)
[2021.05.26-20.01.37:581][890]LogModuleManager: Shutting down and abandoning module PhysXVehiclesEditor (296)
[2021.05.26-20.01.37:581][890]LogModuleManager: Shutting down and abandoning module PhysXVehicles (294)
[2021.05.26-20.01.37:581][890]LogModuleManager: Shutting down and abandoning module OculusEditor (292)
[2021.05.26-20.01.37:581][890]LogModuleManager: Shutting down and abandoning module LocationServicesBPLibrary (290)
[2021.05.26-20.01.37:581][890]LogModuleManager: Shutting down and abandoning module ImmediatePhysicsEditor (288)
[2021.05.26-20.01.37:581][890]LogModuleManager: Shutting down and abandoning module ImmediatePhysics (286)
[2021.05.26-20.01.37:582][890]LogModuleManager: Shutting down and abandoning module ActorSequence (284)
[2021.05.26-20.01.37:582][890]LogModuleManager: Shutting down and abandoning module UdpMessaging (282)
[2021.05.26-20.01.37:683][890]LogModuleManager: Shutting down and abandoning module TcpMessaging (280)
[2021.05.26-20.01.37:784][890]LogModuleManager: Shutting down and abandoning module MagicLeapAudio (278)
[2021.05.26-20.01.37:784][890]LogModuleManager: Shutting down and abandoning module GameplayTagsEditor (276)
[2021.05.26-20.01.37:784][890]LogModuleManager: Shutting down and abandoning module FacialAnimationEditor (274)
[2021.05.26-20.01.37:784][890]LogModuleManager: Shutting down and abandoning module FacialAnimation (272)
[2021.05.26-20.01.37:784][890]LogModuleManager: Shutting down and abandoning module DataValidation (270)
[2021.05.26-20.01.37:784][890]LogModuleManager: Shutting down and abandoning module AssetManagerEditor (268)
[2021.05.26-20.01.37:785][890]LogModuleManager: Shutting down and abandoning module LevelEditor (267)
[2021.05.26-20.01.37:788][890]LogModuleManager: Shutting down and abandoning module PixelInspectorModule (266)
[2021.05.26-20.01.37:788][890]LogModuleManager: Shutting down and abandoning module CommonMenuExtensions (264)
[2021.05.26-20.01.37:789][890]LogModuleManager: Shutting down and abandoning module MainFrame (262)
[2021.05.26-20.01.37:789][890]LogModuleManager: Shutting down and abandoning module HotReload (261)
[2021.05.26-20.01.37:790][890]LogModuleManager: Shutting down and abandoning module ContentBrowser (257)
[2021.05.26-20.01.37:793][890]LogModuleManager: Shutting down and abandoning module TreeMap (255)
[2021.05.26-20.01.37:793][890]LogModuleManager: Shutting down and abandoning module LightPropagationVolumeRuntime (252)
[2021.05.26-20.01.37:793][890]LogModuleManager: Shutting down and abandoning module AISupportModule (250)
[2021.05.26-20.01.37:793][890]LogModuleManager: Shutting down and abandoning module Paper2D (248)
[2021.05.26-20.01.37:794][890]LogModuleManager: Shutting down and abandoning module WindowsMoviePlayer (246)
[2021.05.26-20.01.37:794][890]LogModuleManager: Shutting down and abandoning module WmfMedia (244)
[2021.05.26-20.01.37:796][890]LogModuleManager: Shutting down and abandoning module Media (243)
[2021.05.26-20.01.37:802][890]LogModuleManager: Shutting down and abandoning module PacketHandler (240)
[2021.05.26-20.01.37:803][890]LogModuleManager: Shutting down and abandoning module ClothingSystemEditor (238)
[2021.05.26-20.01.37:803][890]LogModuleManager: Shutting down and abandoning module ClothingSystemRuntime (236)
[2021.05.26-20.01.37:804][890]LogModuleManager: Shutting down and abandoning module MediaAssets (234)
[2021.05.26-20.01.37:804][890]LogModuleManager: Shutting down and abandoning module Overlay (232)
[2021.05.26-20.01.37:804][890]LogModuleManager: Shutting down and abandoning module OverlayEditor (231)
[2021.05.26-20.01.37:804][890]LogModuleManager: Shutting down and abandoning module VREditor (228)
[2021.05.26-20.01.37:804][890]LogModuleManager: Shutting down and abandoning module StringTableEditor (226)
[2021.05.26-20.01.37:805][890]LogModuleManager: Shutting down and abandoning module GameplayTasksEditor (224)
[2021.05.26-20.01.37:805][890]LogModuleManager: Shutting down and abandoning module BehaviorTreeEditor (222)
[2021.05.26-20.01.37:807][890]LogModuleManager: Shutting down and abandoning module FunctionalTesting (220)
[2021.05.26-20.01.37:808][890]LogModuleManager: Shutting down and abandoning module CollisionAnalyzer (218)
[2021.05.26-20.01.37:809][890]LogModuleManager: Shutting down and abandoning module WorkspaceMenuStructure (217)
[2021.05.26-20.01.37:809][890]LogModuleManager: Shutting down and abandoning module UMG (214)
[2021.05.26-20.01.37:809][890]LogModuleManager: Shutting down and abandoning module UMGEditor (213)
[2021.05.26-20.01.37:810][890]LogModuleManager: Shutting down and abandoning module Sequencer (212)
[2021.05.26-20.01.37:812][890]LogModuleManager: Shutting down and abandoning module MessageLog (209)
[2021.05.26-20.01.37:812][890]LogModuleManager: Shutting down and abandoning module SlateReflector (204)
[2021.05.26-20.01.37:814][890]LogModuleManager: Shutting down and abandoning module Slate (202)
[2021.05.26-20.01.37:814][890]LogModuleManager: Shutting down and abandoning module EditorStyle (200)
[2021.05.26-20.01.37:819][890]LogModuleManager: Shutting down and abandoning module MRMesh (198)
[2021.05.26-20.01.37:819][890]LogModuleManager: Shutting down and abandoning module SourceCodeAccess (196)
[2021.05.26-20.01.37:819][890]LogModuleManager: Shutting down and abandoning module HeadMountedDisplay (194)
[2021.05.26-20.01.37:819][890]LogModuleManager: Shutting down and abandoning module XAudio2 (192)
[2021.05.26-20.01.37:819][890]LogModuleManager: Shutting down and abandoning module Networking (190)
[2021.05.26-20.01.37:819][890]LogModuleManager: Shutting down and abandoning module Core (188)
[2021.05.26-20.01.37:819][890]LogModuleManager: Shutting down and abandoning module LevelSequence (186)
[2021.05.26-20.01.37:820][890]LogModuleManager: Shutting down and abandoning module KismetCompiler (184)
[2021.05.26-20.01.37:820][890]LogModuleManager: Shutting down and abandoning module MeshUtilities (182)
[2021.05.26-20.01.37:820][890]LogModuleManager: Shutting down and abandoning module MeshMergeUtilities (181)
[2021.05.26-20.01.37:821][890]LogModuleManager: Shutting down and abandoning module MeshReductionInterface (180)
[2021.05.26-20.01.37:821][890]LogModuleManager: Shutting down and abandoning module SimplygonSwarm (179)
[2021.05.26-20.01.37:821][890]LogModuleManager: Shutting down and abandoning module ProxyLODMeshReduction (177)
[2021.05.26-20.01.37:822][890]LogModuleManager: Shutting down and abandoning module SimplygonMeshReduction (175)
[2021.05.26-20.01.37:823][890]LogModuleManager: Shutting down and abandoning module QuadricMeshReduction (173)
[2021.05.26-20.01.37:823][890]LogModuleManager: Shutting down and abandoning module MaterialBaking (169)
[2021.05.26-20.01.37:824][890]LogModuleManager: Shutting down and abandoning module DirectoryWatcher (165)
[2021.05.26-20.01.37:824][890]LogModuleManager: Shutting down and abandoning module DerivedDataCache (162)
[2021.05.26-20.01.37:860][890]LogDerivedDataCache: Shutdown
[2021.05.26-20.01.37:860][890]LogModuleManager: Shutting down and abandoning module XGEController (160)
[2021.05.26-20.01.37:860][890]LogModuleManager: Shutting down and abandoning module TargetPlatform (158)
[2021.05.26-20.01.37:860][890]LogModuleManager: Shutting down and abandoning module VulkanShaderFormat (157)
[2021.05.26-20.01.37:860][890]LogModuleManager: Shutting down and abandoning module ShaderFormatVectorVM (155)
[2021.05.26-20.01.37:861][890]LogModuleManager: Shutting down and abandoning module ShaderFormatOpenGL (153)
[2021.05.26-20.01.37:862][890]LogModuleManager: Shutting down and abandoning module ShaderFormatD3D (151)
[2021.05.26-20.01.37:862][890]LogModuleManager: Shutting down and abandoning module MetalShaderFormat (149)
[2021.05.26-20.01.37:862][890]LogModuleManager: Shutting down and abandoning module TextureFormatUncompressed (147)
[2021.05.26-20.01.37:863][890]LogModuleManager: Shutting down and abandoning module TextureFormatPVR (145)
[2021.05.26-20.01.37:863][890]LogModuleManager: Shutting down and abandoning module TextureFormatDXT (143)
[2021.05.26-20.01.37:863][890]LogModuleManager: Shutting down and abandoning module TextureFormatIntelISPCTexComp (141)
[2021.05.26-20.01.37:864][890]LogModuleManager: Shutting down and abandoning module TextureFormatASTC (139)
[2021.05.26-20.01.37:864][890]LogModuleManager: Shutting down and abandoning module ImageWrapper (138)
[2021.05.26-20.01.37:864][890]LogModuleManager: Shutting down and abandoning module TextureFormatAndroid (135)
[2021.05.26-20.01.37:864][890]LogModuleManager: Shutting down and abandoning module AudioFormatOpus (133)
[2021.05.26-20.01.37:864][890]LogModuleManager: Shutting down and abandoning module AudioFormatOgg (131)
[2021.05.26-20.01.37:864][890]LogModuleManager: Shutting down and abandoning module AudioFormatADPCM (129)
[2021.05.26-20.01.37:864][890]LogModuleManager: Shutting down and abandoning module LuminTargetPlatform (127)
[2021.05.26-20.01.37:864][890]LogModuleManager: Shutting down and abandoning module LinuxTargetPlatform (125)
[2021.05.26-20.01.37:864][890]LogModuleManager: Shutting down and abandoning module LinuxServerTargetPlatform (123)
[2021.05.26-20.01.37:864][890]LogModuleManager: Shutting down and abandoning module LinuxNoEditorTargetPlatform (121)
[2021.05.26-20.01.37:864][890]LogModuleManager: Shutting down and abandoning module LinuxClientTargetPlatform (119)
[2021.05.26-20.01.37:865][890]LogModuleManager: Shutting down and abandoning module TVOSTargetPlatform (117)
[2021.05.26-20.01.37:868][890]LogModuleManager: Shutting down and abandoning module Messaging (115)
[2021.05.26-20.01.37:868][890]LogModuleManager: Shutting down and abandoning module IOSTargetPlatform (113)
[2021.05.26-20.01.37:871][890]LogModuleManager: Shutting down and abandoning module HTML5TargetPlatform (111)
[2021.05.26-20.01.37:871][890]LogModuleManager: Shutting down and abandoning module AndroidTargetPlatform (109)
[2021.05.26-20.01.37:910][890]LogModuleManager: Shutting down and abandoning module WindowsTargetPlatform (107)
[2021.05.26-20.01.37:910][890]LogModuleManager: Shutting down and abandoning module WindowsServerTargetPlatform (105)
[2021.05.26-20.01.37:910][890]LogModuleManager: Shutting down and abandoning module WindowsNoEditorTargetPlatform (103)
[2021.05.26-20.01.37:910][890]LogModuleManager: Shutting down and abandoning module WindowsClientTargetPlatform (101)
[2021.05.26-20.01.37:910][890]LogModuleManager: Shutting down and abandoning module MacTargetPlatform (99)
[2021.05.26-20.01.37:910][890]LogModuleManager: Shutting down and abandoning module MacServerTargetPlatform (97)
[2021.05.26-20.01.37:910][890]LogModuleManager: Shutting down and abandoning module MacNoEditorTargetPlatform (95)
[2021.05.26-20.01.37:910][890]LogModuleManager: Shutting down and abandoning module MacClientTargetPlatform (93)
[2021.05.26-20.01.37:910][890]LogModuleManager: Shutting down and abandoning module AllDesktopTargetPlatform (91)
[2021.05.26-20.01.37:910][890]LogModuleManager: Shutting down and abandoning module InputCore (88)
[2021.05.26-20.01.37:910][890]LogModuleManager: Shutting down and abandoning module Settings (86)
[2021.05.26-20.01.37:910][890]LogModuleManager: Shutting down and abandoning module PhysXCooking (84)
[2021.05.26-20.01.37:910][890]LogModuleManager: Shutting down and abandoning module SteamVR (82)
[2021.05.26-20.01.37:910][890]LogModuleManager: Shutting down and abandoning module OculusHMD (80)
[2021.05.26-20.01.37:911][890]LogModuleManager: Shutting down and abandoning module ExampleDeviceProfileSelector (78)
[2021.05.26-20.01.37:911][890]LogModuleManager: Shutting down and abandoning module LauncherChunkInstaller (76)
[2021.05.26-20.01.37:911][890]LogModuleManager: Shutting down and abandoning module OnlineBlueprintSupport (74)
[2021.05.26-20.01.37:911][890]LogModuleManager: Shutting down and abandoning module OnlineSubsystem (70)
[2021.05.26-20.01.37:913][890]LogModuleManager: Shutting down and abandoning module XMPP (65)
[2021.05.26-20.01.37:915][890]LogModuleManager: Shutting down and abandoning module WebSockets (64)
[2021.05.26-20.01.37:953][890]LogModuleManager: Shutting down and abandoning module HTTP (61)
[2021.05.26-20.01.37:954][890]LogHttp: Display: Http module shutting down, but needs to wait on 1 outstanding Http requests:
[2021.05.26-20.01.37:954][890]LogHttp: Display: 	verb=[POST] url=[https://datarouter.ol.epicgames.com/datarouter/api/v1/public/data?SessionID=%7B468B2E80-48CE-018B-CDB8-F1A065EF976A%7D&AppID=UEEditor.Rocket.Release&AppVersion=4.20.3-4369336%2B%2B%2BUE4%2BRelease-4.20&UserID=4a55da304b5a55eb6b8b118fb5fbf03c%7C323b72e8b67847799dafc345eb1072de%7C6f448ca3-c922-471a-b88d-eebc0e36d197&AppEnvironment=datacollector-binary&UploadType=eteventstream] status=Processing
[2021.05.26-20.01.37:989][890]LogModuleManager: Shutting down and abandoning module SSL (60)
[2021.05.26-20.01.37:992][890]LogModuleManager: Shutting down and abandoning module MagicLeapEmulator (56)
[2021.05.26-20.01.37:992][890]LogModuleManager: Shutting down and abandoning module MagicLeapPrivileges (54)
[2021.05.26-20.01.37:992][890]LogModuleManager: Shutting down and abandoning module MagicLeapIdentity (52)
[2021.05.26-20.01.37:992][890]LogModuleManager: Shutting down and abandoning module MagicLeapHelperVulkan (50)
[2021.05.26-20.01.37:992][890]LogModuleManager: Shutting down and abandoning module MagicLeapHelperOpenGL (48)
[2021.05.26-20.01.37:993][890]LogModuleManager: Shutting down and abandoning module MagicLeapSecureStorage (46)
[2021.05.26-20.01.37:993][890]LogModuleManager: Shutting down and abandoning module MagicLeapGestures (44)
[2021.05.26-20.01.37:993][890]LogModuleManager: Shutting down and abandoning module MagicLeapEyeTracker (42)
[2021.05.26-20.01.37:993][890]LogModuleManager: Shutting down and abandoning module MagicLeapController (40)
[2021.05.26-20.01.37:994][890]LogSlate: Slate User Destroyed.  User Index 0, Is Virtual User: 0
[2021.05.26-20.01.37:994][890]LogModuleManager: Shutting down and abandoning module MagicLeap (38)
[2021.05.26-20.01.37:995][890]LogModuleManager: Shutting down and abandoning module AnimationModifiers (36)
[2021.05.26-20.01.37:997][890]LogModuleManager: Shutting down and abandoning module PropertyEditor (35)
[2021.05.26-20.01.37:997][890]LogModuleManager: Shutting down and abandoning module AudioEditor (32)
[2021.05.26-20.01.37:999][890]LogModuleManager: Shutting down and abandoning module TextureCompressor (30)
[2021.05.26-20.01.38:001][890]LogModuleManager: Shutting down and abandoning module ShaderCore (28)
[2021.05.26-20.01.38:001][890]LogModuleManager: Shutting down and abandoning module Landscape (26)
[2021.05.26-20.01.38:001][890]LogModuleManager: Shutting down and abandoning module SlateRHIRenderer (24)
[2021.05.26-20.01.38:004][890]LogModuleManager: Shutting down and abandoning module OpenGLDrv (22)
[2021.05.26-20.01.38:004][890]LogModuleManager: Shutting down and abandoning module D3D11RHI (20)
[2021.05.26-20.01.38:004][890]LogModuleManager: Shutting down and abandoning module AnimGraphRuntime (18)
[2021.05.26-20.01.38:005][890]LogModuleManager: Shutting down and abandoning module Renderer (16)
[2021.05.26-20.01.38:005][890]LogModuleManager: Shutting down and abandoning module Engine (14)
[2021.05.26-20.01.38:005][890]LogModuleManager: Shutting down and abandoning module CoreUObject (12)
[2021.05.26-20.01.38:005][890]LogModuleManager: Shutting down and abandoning module NetworkFile (10)
[2021.05.26-20.01.38:005][890]LogModuleManager: Shutting down and abandoning module CookedIterativeFile (8)
[2021.05.26-20.01.38:005][890]LogModuleManager: Shutting down and abandoning module StreamingFile (6)
[2021.05.26-20.01.38:006][890]LogModuleManager: Shutting down and abandoning module SandboxFile (4)
[2021.05.26-20.01.38:006][890]LogModuleManager: Shutting down and abandoning module PakFile (2)
[2021.05.26-20.01.38:014][890]LogExit: Exiting.
[2021.05.26-20.01.38:024][890]Log file closed, 05/26/21 22:01:38
