Log file open, 05/03/21 10:20:38
LogWindows: Failed to load 'aqProf.dll' (GetLastError=126)
LogWindows: File 'aqProf.dll' does not exist
LogWindows: Failed to load 'VSPerf140.dll' (GetLastError=126)
LogWindows: File 'VSPerf140.dll' does not exist
LogWindows: Failed to load 'VtuneApi.dll' (GetLastError=126)
LogWindows: File 'VtuneApi.dll' does not exist
LogWindows: Failed to load 'VtuneApi32e.dll' (GetLastError=126)
LogWindows: File 'VtuneApi32e.dll' does not exist
LogInit: Display: Running engine for game: BallRunner
LogPlatformFile: Not using cached read wrapper
LogTaskGraph: Started task graph with 5 named threads and 35 total threads with 3 sets of task threads.
LogStats: Stats thread started at 0.615924
LogD3D11RHI: Loaded GFSDK_Aftermath_Lib.x64.dll
LogICUInternationalization: Display: ICU TimeZone Detection - Raw Offset: +1:00, Platform Override: ''
LogPluginManager: Mounting plugin Paper2D
LogPluginManager: Mounting plugin AISupport
LogPluginManager: Mounting plugin LightPropagationVolume
LogPluginManager: Mounting plugin CLionSourceCodeAccess
LogPluginManager: Mounting plugin CodeLiteSourceCodeAccess
LogPluginManager: Mounting plugin GitSourceControl
LogPluginManager: Mounting plugin KDevelopSourceCodeAccess
LogPluginManager: Mounting plugin NullSourceCodeAccess
LogPluginManager: Mounting plugin PerforceSourceControl
LogPluginManager: Mounting plugin SubversionSourceControl
LogPluginManager: Mounting plugin UObjectPlugin
LogPluginManager: Mounting plugin VisualStudioCodeSourceCodeAccess
LogPluginManager: Mounting plugin VisualStudioSourceCodeAccess
LogPluginManager: Mounting plugin XCodeSourceCodeAccess
LogPluginManager: Mounting plugin AssetManagerEditor
LogPluginManager: Mounting plugin CryptoKeys
LogPluginManager: Mounting plugin DataValidation
LogPluginManager: Mounting plugin FacialAnimation
LogPluginManager: Mounting plugin GameplayTagsEditor
LogPluginManager: Mounting plugin MacGraphicsSwitching
LogPluginManager: Mounting plugin MeshEditor
LogPluginManager: Mounting plugin MobileLauncherProfileWizard
LogPluginManager: Mounting plugin PluginBrowser
LogPluginManager: Mounting plugin SpeedTreeImporter
LogPluginManager: Mounting plugin DatasmithContent
LogPluginManager: Mounting plugin AlembicImporter
LogPluginManager: Mounting plugin AppleImageUtils
LogPluginManager: Mounting plugin AppleVision
LogPluginManager: Mounting plugin BackChannel
LogPluginManager: Mounting plugin CharacterAI
LogPluginManager: Mounting plugin GeometryCache
LogPluginManager: Mounting plugin HTML5Networking
LogPluginManager: Mounting plugin ProxyLODPlugin
LogPluginManager: Mounting plugin MagicLeap
LogPluginManager: Mounting plugin MagicLeapEmulator
LogPluginManager: Mounting plugin MagicLeapMedia
LogPluginManager: Mounting plugin AndroidMedia
LogPluginManager: Mounting plugin AvfMedia
LogPluginManager: Mounting plugin ImgMedia
LogPluginManager: Mounting plugin LinearTimecode
LogPluginManager: Mounting plugin MediaCompositing
LogPluginManager: Mounting plugin MediaPlayerEditor
LogPluginManager: Mounting plugin WmfMedia
LogPluginManager: Mounting plugin TcpMessaging
LogPluginManager: Mounting plugin UdpMessaging
LogPluginManager: Mounting plugin ActorSequence
LogPluginManager: Mounting plugin LevelSequenceEditor
LogPluginManager: Mounting plugin MatineeToLevelSequence
LogPluginManager: Mounting plugin NetcodeUnitTest
LogPluginManager: Mounting plugin NUTUnrealEngine4
LogPluginManager: Mounting plugin OnlineSubsystemGooglePlay
LogPluginManager: Mounting plugin OnlineSubsystemIOS
LogPluginManager: Mounting plugin OnlineSubsystem
LogPluginManager: Mounting plugin OnlineSubsystemNull
LogPluginManager: Mounting plugin OnlineSubsystemUtils
LogPluginManager: Mounting plugin LauncherChunkInstaller
LogPluginManager: Mounting plugin AndroidDeviceProfileSelector
LogPluginManager: Mounting plugin AndroidMoviePlayer
LogPluginManager: Mounting plugin AndroidPermission
LogPluginManager: Mounting plugin AppleMoviePlayer
LogPluginManager: Mounting plugin ArchVisCharacter
LogPluginManager: Mounting plugin AudioCapture
LogPluginManager: Mounting plugin CableComponent
LogPluginManager: Mounting plugin CustomMeshComponent
LogPluginManager: Mounting plugin EditableMesh
LogPluginManager: Mounting plugin ExampleDeviceProfileSelector
LogPluginManager: Mounting plugin GoogleCloudMessaging
LogPluginManager: Mounting plugin ImmediatePhysics
LogPluginManager: Mounting plugin IOSDeviceProfileSelector
LogPluginManager: Mounting plugin LinuxDeviceProfileSelector
LogPluginManager: Mounting plugin LocationServicesBPLibrary
LogPluginManager: Mounting plugin MobilePatchingUtils
LogPluginManager: Mounting plugin OculusVR
LogPluginManager: Plugin shader directory ../../../Engine/Plugins/Runtime/Oculus/OculusVR/Shaders found
LogPluginManager: Mapping shader source directory ../../../Engine/Plugins/Runtime/Oculus/OculusVR/Shaders to virtual directory /Plugin/OculusVR
LogPluginManager: Mounting plugin PhysXVehicles
LogPluginManager: Mounting plugin ProceduralMeshComponent
LogPluginManager: Mounting plugin RuntimePhysXCooking
LogPluginManager: Mounting plugin SteamVR
LogPluginManager: Mounting plugin WindowsMoviePlayer
LogStreaming: Display: Took  0.163s to configure plugins.
LogInit: Using libcurl 7.55.1-DEV
LogInit:  - built for x86_64-pc-win32
LogInit:  - supports SSL with OpenSSL/1.0.2h
LogInit:  - supports HTTP deflate (compression) using libz 1.2.8
LogInit:  - other features:
LogInit:      CURL_VERSION_SSL
LogInit:      CURL_VERSION_LIBZ
LogInit:      CURL_VERSION_IPV6
LogInit:      CURL_VERSION_ASYNCHDNS
LogInit:      CURL_VERSION_LARGEFILE
LogInit:      CURL_VERSION_IDN
LogInit:  CurlRequestOptions (configurable via config and command line):
LogInit:  - bVerifyPeer = false  - Libcurl will NOT verify peer certificate
LogInit:  - bUseHttpProxy = false  - Libcurl will NOT use HTTP proxy
LogInit:  - bDontReuseConnections = false  - Libcurl will reuse connections
LogInit:  - CertBundlePath = nullptr  - Libcurl will use whatever was configured at build time.
LogInit:  - MaxHostConnections = 16  - Libcurl will limit the number of connections to a host
LogInit:  - LocalHostAddr = Default
LogInit:  - BufferSize = 65536
LogInit: WinSock: version 1.1 (2.2), MaxSocks=32767, MaxUdp=65467
LogInit: Build: ++UE4+Release-4.20-CL-4369336
LogInit: Engine Version: 4.20.3-4369336+++UE4+Release-4.20
LogInit: Compatible Engine Version: 4.20.0-4212847+++UE4+Release-4.20
LogInit: Net CL: 4212847
LogInit: OS: Windows 10 (), CPU: Intel(R) Core(TM) i7-9750H CPU @ 2.60GHz, GPU: Intel(R) UHD Graphics 630
LogInit: Compiled (64-bit): Sep 17 2018 12:26:19
LogInit: Compiled with Visual C++: 19.13.26129.00
LogInit: Build Configuration: Development
LogInit: Branch Name: ++UE4+Release-4.20
LogInit: Command Line: -EpicPortal  -epicusername="LottieChar" -epicuserid=323b72e8b67847799dafc345eb1072de -epiclocale=pl
LogInit: Base Directory: P:/Unreal/UE_4.20/Engine/Binaries/Win64/
LogInit: Installed Engine Build: 1
LogDevObjectVersion: Number of dev versions registered: 20
LogDevObjectVersion:   Dev-Blueprints (B0D832E4-1F89-4F0D-ACCF-7EB736FD4AA2): 10
LogDevObjectVersion:   Dev-Build (E1C64328-A22C-4D53-A36C-8E866417BD8C): 0
LogDevObjectVersion:   Dev-Core (375EC13C-06E4-48FB-B500-84F0262A717E): 2
LogDevObjectVersion:   Dev-Editor (E4B068ED-F494-42E9-A231-DA0B2E46BB41): 24
LogDevObjectVersion:   Dev-Framework (CFFC743F-43B0-4480-9391-14DF171D2073): 34
LogDevObjectVersion:   Dev-Mobile (B02B49B5-BB20-44E9-A304-32B752E40360): 2
LogDevObjectVersion:   Dev-Networking (A4E4105C-59A1-49B5-A7C5-40C4547EDFEE): 0
LogDevObjectVersion:   Dev-Online (39C831C9-5AE6-47DC-9A44-9C173E1C8E7C): 0
LogDevObjectVersion:   Dev-Physics (78F01B33-EBEA-4F98-B9B4-84EACCB95AA2): 0
LogDevObjectVersion:   Dev-Platform (6631380F-2D4D-43E0-8009-CF276956A95A): 0
LogDevObjectVersion:   Dev-Rendering (12F88B9F-8875-4AFC-A67C-D90C383ABD29): 26
LogDevObjectVersion:   Dev-Sequencer (7B5AE74C-D270-4C10-A958-57980B212A5A): 9
LogDevObjectVersion:   Dev-VR (D7296918-1DD6-4BDD-9DE2-64A83CC13884): 2
LogDevObjectVersion:   Dev-LoadTimes (C2A15278-BFE7-4AFE-6C17-90FF531DF755): 1
LogDevObjectVersion:   Private-Geometry (6EACA3D4-40EC-4CC1-B786-8BED09428FC5): 3
LogDevObjectVersion:   Dev-AnimPhys (29E575DD-E0A3-4627-9D10-D276232CDCEA): 17
LogDevObjectVersion:   Dev-ReflectionCapture (6B266CEC-1EC7-4B8F-A30B-E4D90942FC07): 1
LogDevObjectVersion:   Dev-Automation (0DF73D61-A23F-47EA-B727-89E90C41499A): 1
LogDevObjectVersion:   FortniteMain (601D1886-AC64-4F84-AA16-D3DE0DEAC7D6): 12
LogDevObjectVersion:   Dev-Enterprise (9DFFBCD6-494F-0158-E221-12823C92A888): 1
LogStreaming: Display: Took  0.002s to delete old logs.
LogInit: Presizing for max 8388607 objects, including 0 objects not considered by GC, pre-allocating 0 bytes for permanent pool.
LogInit: Object subsystem initialized
[2021.05.03-08.20.39:138][  0]LogInit: Selected Device Profile: [Windows]
[2021.05.03-08.20.39:138][  0]LogInit: Applying CVar settings loaded from the selected device profile: [Windows]
[2021.05.03-08.20.39:154][  0]LogHAL: Display: Platform has ~ 16 GB [17023324160 / 17179869184 / 16], which maps to Larger [LargestMinGB=32, LargerMinGB=12, DefaultMinGB=8, SmallerMinGB=6, SmallestMinGB=0)
[2021.05.03-08.20.39:154][  0]LogInit: Setting Device Profile CVar: [[r.Vulkan.UseRealUBs:1]]
[2021.05.03-08.20.39:154][  0]LogInit: Going up to parent DeviceProfile []
[2021.05.03-08.20.39:155][  0]LogInit: Computer: LAPTOP-G3O3VCMT
[2021.05.03-08.20.39:155][  0]LogInit: User: Lotka
[2021.05.03-08.20.39:155][  0]LogInit: CPU Page size=4096, Cores=6
[2021.05.03-08.20.39:155][  0]LogInit: High frequency timer resolution =10.000000 MHz
[2021.05.03-08.20.39:155][  0]LogMemory: Memory total: Physical=15.9GB (16GB approx)
[2021.05.03-08.20.39:155][  0]LogMemory: Platform Memory Stats for Windows
[2021.05.03-08.20.39:155][  0]LogMemory: Process Physical Memory: 102.95 MB used, 102.95 MB peak
[2021.05.03-08.20.39:155][  0]LogMemory: Process Virtual Memory: 85.99 MB used, 85.99 MB peak
[2021.05.03-08.20.39:155][  0]LogMemory: Physical Memory: 7526.71 MB used,  8708.00 MB free, 16234.71 MB total
[2021.05.03-08.20.39:156][  0]LogMemory: Virtual Memory: 4641.50 MB used,  8708.00 MB free, 134217728.00 MB total
[2021.05.03-08.20.39:249][  0]LogInit: Using OS detected language (pl-PL).
[2021.05.03-08.20.39:249][  0]LogInit: Using OS detected locale (pl-PL).
[2021.05.03-08.20.39:250][  0]LogTextLocalizationManager: No specific localization for 'pl-PL' exists, so the 'pl' localization will be used.
[2021.05.03-08.20.39:253][  0]LogStreaming: Display: Took  0.004s to InitEngineTextLocalization.
[2021.05.03-08.20.39:253][  0]LogInit: Setting process to per monitor DPI aware
[2021.05.03-08.20.39:329][  0]LogSlate: New Slate User Created.  User Index 0, Is Virtual User: 0
[2021.05.03-08.20.39:329][  0]LogSlate: Slate User Registered.  User Index 0, Is Virtual User: 0
[2021.05.03-08.20.39:837][  0]LogHMD: Failed to initialize OpenVR with code 110
[2021.05.03-08.20.39:837][  0]LogD3D11RHI: D3D11 adapters:
[2021.05.03-08.20.39:872][  0]LogD3D11RHI:    0. 'Intel(R) UHD Graphics 630' (Feature Level 11_0)
[2021.05.03-08.20.39:872][  0]LogD3D11RHI:       128/0/8117 MB DedicatedVideo/DedicatedSystem/SharedSystem, Outputs:1, VendorId:0x8086
[2021.05.03-08.20.40:003][  0]LogD3D11RHI:    1. 'NVIDIA GeForce RTX 2070' (Feature Level 11_0)
[2021.05.03-08.20.40:003][  0]LogD3D11RHI:       8031/0/8117 MB DedicatedVideo/DedicatedSystem/SharedSystem, Outputs:0, VendorId:0x10de
[2021.05.03-08.20.40:006][  0]LogD3D11RHI:    2. 'Microsoft Basic Render Driver' (Feature Level 11_0)
[2021.05.03-08.20.40:006][  0]LogD3D11RHI:       0/0/8117 MB DedicatedVideo/DedicatedSystem/SharedSystem, Outputs:0, VendorId:0x1414
[2021.05.03-08.20.40:006][  0]LogD3D11RHI: Chosen D3D11 Adapter: 1
[2021.05.03-08.20.40:016][  0]LogD3D11RHI: Creating new Direct3DDevice
[2021.05.03-08.20.40:016][  0]LogD3D11RHI:     GPU DeviceId: 0x1f10 (for the marketing name, search the web for "GPU Device Id")
[2021.05.03-08.20.40:016][  0]LogWindows: EnumDisplayDevices:
[2021.05.03-08.20.40:016][  0]LogWindows:    0. 'Intel(R) UHD Graphics 630' (P:1 D:1)
[2021.05.03-08.20.40:017][  0]LogWindows:    1. 'Intel(R) UHD Graphics 630' (P:0 D:0)
[2021.05.03-08.20.40:017][  0]LogWindows:    2. 'Intel(R) UHD Graphics 630' (P:0 D:0)
[2021.05.03-08.20.40:018][  0]LogWindows:    3. 'NVIDIA GeForce RTX 2070' (P:0 D:0)
[2021.05.03-08.20.40:018][  0]LogWindows:    4. 'NVIDIA GeForce RTX 2070' (P:0 D:0)
[2021.05.03-08.20.40:019][  0]LogWindows:    5. 'NVIDIA GeForce RTX 2070' (P:0 D:0)
[2021.05.03-08.20.40:019][  0]LogWindows:    6. 'NVIDIA GeForce RTX 2070' (P:0 D:0)
[2021.05.03-08.20.40:020][  0]LogWindows: DebugString: PrimaryIsNotTheChoosenAdapter PrimaryIsNotTheChoosenAdapter PrimaryIsNotTheChoosenAdapter FoundDriverCount:4 
[2021.05.03-08.20.40:020][  0]LogD3D11RHI:     Adapter Name: NVIDIA GeForce RTX 2070
[2021.05.03-08.20.40:020][  0]LogD3D11RHI:   Driver Version: 441.12 (internal:26.21.14.4112, unified:441.12)
[2021.05.03-08.20.40:020][  0]LogD3D11RHI:      Driver Date: 10-24-2019
[2021.05.03-08.20.40:020][  0]LogRHI: Texture pool is 5621 MB (70% of 8031 MB)
[2021.05.03-08.20.40:113][  0]LogD3D11RHI: Async texture creation enabled
[2021.05.03-08.20.40:179][  0]LogD3D11RHI: GPU Timing Frequency: 1000.000000 (Debug: 2 2)
[2021.05.03-08.20.40:180][  0]LogShaderCompilers: Guid format shader working directory is -5 characters bigger than the processId version (../../../../Projekty/BallRunner_W.Gawlik/BallRunner/Intermediate/Shaders/WorkingDirectory/3208/).
[2021.05.03-08.20.40:180][  0]LogShaderCompilers: Cleaned the shader compiler working directory 'C:/Users/Lotka/AppData/Local/Temp/UnrealShaderWorkingDir/DA691C0743CBAD2CCC20B5B96B5C6BB9/'.
[2021.05.03-08.20.40:555][  0]LogTemp: Display: Loaded TP AllDesktopTargetPlatform
[2021.05.03-08.20.40:573][  0]LogTemp: Display: Loaded TP MacClientTargetPlatform
[2021.05.03-08.20.40:592][  0]LogTemp: Display: Loaded TP MacNoEditorTargetPlatform
[2021.05.03-08.20.40:610][  0]LogTemp: Display: Loaded TP MacServerTargetPlatform
[2021.05.03-08.20.40:628][  0]LogTemp: Display: Loaded TP MacTargetPlatform
[2021.05.03-08.20.40:646][  0]LogTemp: Display: Loaded TP WindowsClientTargetPlatform
[2021.05.03-08.20.40:664][  0]LogTemp: Display: Loaded TP WindowsNoEditorTargetPlatform
[2021.05.03-08.20.40:684][  0]LogTemp: Display: Loaded TP WindowsServerTargetPlatform
[2021.05.03-08.20.40:693][  0]LogTemp: Display: Loaded TP WindowsTargetPlatform
[2021.05.03-08.20.40:842][  0]LogTemp: Display: Loaded TP AndroidTargetPlatform
[2021.05.03-08.20.40:842][  0]LogTemp: Display: Loaded TP AndroidTargetPlatform
[2021.05.03-08.20.40:842][  0]LogTemp: Display: Loaded TP AndroidTargetPlatform
[2021.05.03-08.20.40:842][  0]LogTemp: Display: Loaded TP AndroidTargetPlatform
[2021.05.03-08.20.40:842][  0]LogTemp: Display: Loaded TP AndroidTargetPlatform
[2021.05.03-08.20.40:842][  0]LogTemp: Display: Loaded TP AndroidTargetPlatform
[2021.05.03-08.20.40:842][  0]LogTemp: Display: Loaded TP AndroidTargetPlatform
[2021.05.03-08.20.40:842][  0]LogTemp: Display: Loaded TP AndroidTargetPlatform
[2021.05.03-08.20.40:842][  0]LogTemp: Display: Loaded TP AndroidTargetPlatform
[2021.05.03-08.20.40:842][  0]LogTemp: Display: Loaded TP AndroidTargetPlatform
[2021.05.03-08.20.40:843][  0]LogTemp: Display: Loaded TP AndroidTargetPlatform
[2021.05.03-08.20.40:843][  0]LogTemp: Display: Loaded TP AndroidTargetPlatform
[2021.05.03-08.20.40:843][  0]LogTemp: Display: Loaded TP AndroidTargetPlatform
[2021.05.03-08.20.40:843][  0]LogTemp: Display: Loaded TP AndroidTargetPlatform
[2021.05.03-08.20.40:843][  0]LogTemp: Display: Loaded TP AndroidTargetPlatform
[2021.05.03-08.20.40:843][  0]LogTemp: Display: Loaded TP AndroidTargetPlatform
[2021.05.03-08.20.40:843][  0]LogTemp: Display: Loaded TP AndroidTargetPlatform
[2021.05.03-08.20.40:843][  0]LogTemp: Display: Loaded TP AndroidTargetPlatform
[2021.05.03-08.20.40:847][  0]LogTemp: Display: Loaded TP HTML5TargetPlatform
[2021.05.03-08.20.40:944][  0]LogTemp: Display: Loaded TP IOSTargetPlatform
[2021.05.03-08.20.40:944][  0]LogTemp: Display: Loaded TP IOSTargetPlatform
[2021.05.03-08.20.40:995][  0]LogTemp: Display: Loaded TP TVOSTargetPlatform
[2021.05.03-08.20.40:995][  0]LogTemp: Display: Loaded TP TVOSTargetPlatform
[2021.05.03-08.20.41:021][  0]LogTemp: Display: Loaded TP LinuxClientTargetPlatform
[2021.05.03-08.20.41:047][  0]LogTemp: Display: Loaded TP LinuxNoEditorTargetPlatform
[2021.05.03-08.20.41:073][  0]LogTemp: Display: Loaded TP LinuxServerTargetPlatform
[2021.05.03-08.20.41:101][  0]LogTemp: Display: Loaded TP LinuxTargetPlatform
[2021.05.03-08.20.41:123][  0]LogTemp: Display: Loaded TP LuminTargetPlatform
[2021.05.03-08.20.41:123][  0]LogTargetPlatformManager: Display: Building Assets For Windows
[2021.05.03-08.20.41:192][  0]LogXGEController: Cannot use XGE Controller as Incredibuild is not installed on this machine.
[2021.05.03-08.20.41:192][  0]LogShaderCompilers: Cannot use XGE Shader Compiler as Incredibuild is not installed on this machine.
[2021.05.03-08.20.41:192][  0]LogShaderCompilers: Display: Using Local Shader Compiler.
[2021.05.03-08.20.42:475][  0]LogDerivedDataCache: Display: Max Cache Size: 512 MB
[2021.05.03-08.20.42:559][  0]LogDerivedDataCache: Loaded boot cache 0.08s 71MB C:/Users/Lotka/AppData/Local/UnrealEngine/4.20/DerivedDataCache/Boot.ddc.
[2021.05.03-08.20.42:560][  0]LogDerivedDataCache: Display: Loaded Boot cache: C:/Users/Lotka/AppData/Local/UnrealEngine/4.20/DerivedDataCache/Boot.ddc
[2021.05.03-08.20.42:560][  0]LogDerivedDataCache: FDerivedDataBackendGraph:  Pak pak cache file ../../../../Projekty/BallRunner_W.Gawlik/BallRunner/DerivedDataCache/DDC.ddp not found, will not use a pak cache.
[2021.05.03-08.20.42:560][  0]LogDerivedDataCache: Unable to find inner node Pak for hierarchical cache Hierarchy.
[2021.05.03-08.20.42:560][  0]LogDerivedDataCache: FDerivedDataBackendGraph:  CompressedPak pak cache file ../../../../Projekty/BallRunner_W.Gawlik/BallRunner/DerivedDataCache/Compressed.ddp not found, will not use a pak cache.
[2021.05.03-08.20.42:560][  0]LogDerivedDataCache: Unable to find inner node CompressedPak for hierarchical cache Hierarchy.
[2021.05.03-08.20.42:588][  0]LogDerivedDataCache: Display: Pak cache opened for reading ../../../Engine/DerivedDataCache/Compressed.ddp.
[2021.05.03-08.20.42:601][  0]LogDerivedDataCache: Using Local data cache path C:/Users/Lotka/AppData/Local/UnrealEngine/Common/DerivedDataCache: Writable
[2021.05.03-08.20.42:601][  0]LogDerivedDataCache: Shared data cache path not found in *engine.ini, will not use an Shared cache.
[2021.05.03-08.20.42:601][  0]LogDerivedDataCache: Unable to find inner node Shared for hierarchical cache Hierarchy.
[2021.05.03-08.20.42:631][  0]LogMaterial: Verifying Global Shaders for PCD3D_SM5
[2021.05.03-08.20.42:633][  0]LogSlate: Using FreeType 2.6.0
[2021.05.03-08.20.42:634][  0]LogSlate: SlateFontServices - WITH_FREETYPE: 1, WITH_HARFBUZZ: 1
[2021.05.03-08.20.42:758][  0]LogAssetRegistry: FAssetRegistry took 0.0306 seconds to start up
[2021.05.03-08.20.43:344][  0]LogInit: Selected Device Profile: [Windows]
[2021.05.03-08.20.43:572][  0]LogSimplygon: Simplygon DLL not present - disabling.
[2021.05.03-08.20.43:575][  0]LogMeshReduction: Using SimplygonSwarm for distributed automatic mesh merging
[2021.05.03-08.20.43:575][  0]LogMeshReduction: Using ProxyLODMeshReduction for automatic mesh merging
[2021.05.03-08.20.43:575][  0]LogMeshReduction: Using QuadricMeshReduction for automatic static mesh reduction
[2021.05.03-08.20.43:575][  0]LogMeshReduction: No automatic skeletal mesh reduction module available
[2021.05.03-08.20.43:611][  0]LogNetVersion: BallRunner 1.0.0, NetCL: 4212847, EngineNetVer: 5, GameNetVer: 0 (Checksum: 346235534)
[2021.05.03-08.20.44:452][  0]LogPackageLocalizationCache: Processed 11 localized package path(s) for 2 prioritized culture(s) in 0.103565 seconds
[2021.05.03-08.20.44:461][  0]LogUObjectArray: 38425 objects as part of root set at end of initial load.
[2021.05.03-08.20.44:461][  0]LogUObjectAllocator: 6690872 out of 0 bytes used by permanent object pool.
[2021.05.03-08.20.44:461][  0]LogUObjectArray: CloseDisregardForGC: 0/0 objects in disregard for GC pool
[2021.05.03-08.20.45:954][  0]LogTcpMessaging: Initializing TcpMessaging bridge
[2021.05.03-08.20.45:968][  0]LogUdpMessaging: Initializing bridge on interface 0.0.0.0:0 to multicast group 230.0.0.1:6666.
[2021.05.03-08.20.46:171][  0]SourceControl: Source control is disabled
[2021.05.03-08.20.46:171][  0]SourceControl: Source control is disabled
[2021.05.03-08.20.46:173][  0]SourceControl: Source control is disabled
[2021.05.03-08.20.46:174][  0]SourceControl: Source control is disabled
[2021.05.03-08.20.46:360][  0]LogAndroidPermission: UAndroidPermissionCallbackProxy::GetInstance
[2021.05.03-08.20.47:397][  0]LogOcInput: OculusInput pre-init called
[2021.05.03-08.20.47:497][  0]LogEngine: Initializing Engine...
[2021.05.03-08.20.47:499][  0]LogHMD: Failed to initialize OpenVR with code 110
[2021.05.03-08.20.47:502][  0]LogStats: UGameplayTagsManager::ConstructGameplayTagTree: ImportINI prefixes -  0.000 s
[2021.05.03-08.20.47:503][  0]LogStats: UGameplayTagsManager::ConstructGameplayTagTree: Construct from data asset -  0.000 s
[2021.05.03-08.20.47:503][  0]LogStats: UGameplayTagsManager::ConstructGameplayTagTree: ImportINI -  0.000 s
[2021.05.03-08.20.47:503][  0]LogStats: UGameplayTagsManager::ConstructGameplayTagTree: GameplayTagTreeChangedEvent.Broadcast -  0.000 s
[2021.05.03-08.20.47:928][  0]LogInit: Initializing FReadOnlyCVARCache
[2021.05.03-08.20.47:945][  0]LogAIModule: Creating AISystem for world Untitled
[2021.05.03-08.20.47:999][  0]LogInit: XAudio2 using 'Głośniki (USB Audio Device)' : 2 channels at 48 kHz using 16 bits per sample (channel mask 0x3)
[2021.05.03-08.20.48:050][  0]LogInit: FAudioDevice initialized.
[2021.05.03-08.20.48:051][  0]LogNetVersion: Set ProjectVersion to 1.0.0.0. Version Checksum will be recalculated on next use.
[2021.05.03-08.20.48:126][  0]LogDerivedDataCache: Saved boot cache 0.07s 71MB C:/Users/Lotka/AppData/Local/UnrealEngine/4.20/DerivedDataCache/Boot.ddc.
[2021.05.03-08.20.48:136][  0]LogInit: Texture streaming: Enabled
[2021.05.03-08.20.48:173][  0]LogEngineSessionManager: EngineSessionManager initialized
[2021.05.03-08.20.48:196][  0]LogInit: Transaction tracking system initialized
[2021.05.03-08.20.48:224][  0]BlueprintLog: New page: Editor Load
[2021.05.03-08.20.48:301][  0]LocalizationService: Localization service is disabled
[2021.05.03-08.20.48:599][  0]LogCook: Display: Max memory allowance for cook 16384mb min free memory 0mb
[2021.05.03-08.20.48:599][  0]LogCook: Display: Mobile HDR setting 1
[2021.05.03-08.20.48:599][  0]LogGameplayTags: Display: UGameplayTagsManager::DoneAddingNativeTags. DelegateIsBound: 0
[2021.05.03-08.20.48:599][  0]LogStats: UGameplayTagsManager::ConstructGameplayTagTree: ImportINI prefixes -  0.000 s
[2021.05.03-08.20.48:599][  0]LogStats: UGameplayTagsManager::ConstructGameplayTagTree: Construct from data asset -  0.000 s
[2021.05.03-08.20.48:599][  0]LogStats: UGameplayTagsManager::ConstructGameplayTagTree: ImportINI -  0.000 s
[2021.05.03-08.20.48:599][  0]LogStats: UGameplayTagsManager::ConstructGameplayTagTree: GameplayTagTreeChangedEvent.Broadcast -  0.000 s
[2021.05.03-08.20.48:728][  0]LogFileCache: Scanning file cache for directory 'P:/Unreal/Projekty/BallRunner_W.Gawlik/BallRunner/Content/' took 0.02s
[2021.05.03-08.20.48:728][  0]SourceControl: Source control is disabled
[2021.05.03-08.20.48:728][  0]Cmd: MAP LOAD FILE="../../../../Projekty/BallRunner_W.Gawlik/BallRunner/Content/StarterContent/Maps/Minimal_Default.umap" TEMPLATE=0 SHOWPROGRESS=1 FEATURELEVEL=3
[2021.05.03-08.20.48:730][  0]LightingResults: New page: Lighting Build
[2021.05.03-08.20.48:733][  0]MapCheck: New page: Map Check
[2021.05.03-08.20.48:733][  0]LightingResults: New page: Lighting Build
[2021.05.03-08.20.49:327][  0]LogAIModule: Creating AISystem for world Minimal_Default
[2021.05.03-08.20.49:339][  0]LogEditorServer: Finished looking for orphan Actors (0.000 secs)
[2021.05.03-08.20.49:384][  0]Cmd: MAP CHECKDEP NOCLEARLOG
[2021.05.03-08.20.49:464][  0]MapCheck: Map check complete: 0 Error(s), 0 Warning(s), took 80,068ms to complete.
[2021.05.03-08.20.49:464][  0]LogFileHelpers: Loading map 'Minimal_Default' took 0.736
[2021.05.03-08.20.49:621][  0]LogSlate: Updating window title bar state: overlay mode, drag disabled, window buttons hidden, title bar hidden
[2021.05.03-08.20.49:633][  0]LogSlate: Updating window title bar state: overlay mode, drag disabled, window buttons hidden, title bar hidden
[2021.05.03-08.20.49:644][  0]LogSlate: Updating window title bar state: overlay mode, drag disabled, window buttons hidden, title bar hidden
[2021.05.03-08.20.49:655][  0]LogSlate: Updating window title bar state: overlay mode, drag disabled, window buttons hidden, title bar hidden
[2021.05.03-08.20.49:667][  0]LogCollectionManager: Loaded 0 collections in 0.001209 seconds
[2021.05.03-08.20.49:726][  0]LogFileCache: Scanning file cache for directory 'P:/Unreal/Projekty/BallRunner_W.Gawlik/BallRunner/Saved/Collections/' took 0.01s
[2021.05.03-08.20.49:726][  0]LogFileCache: Scanning file cache for directory 'P:/Unreal/Projekty/BallRunner_W.Gawlik/BallRunner/Content/Developers/Lotka/Collections/' took 0.01s
[2021.05.03-08.20.49:726][  0]LogFileCache: Scanning file cache for directory 'P:/Unreal/Projekty/BallRunner_W.Gawlik/BallRunner/Content/Collections/' took 0.01s
[2021.05.03-08.20.49:726][  0]LogCollectionManager: Rebuilt the GUID cache for 0 collections in 0.000000 seconds
[2021.05.03-08.20.49:742][  0]LogContentBrowser: Native class hierarchy populated in 0.0149 seconds. Added 2572 classes and 603 folders.
[2021.05.03-08.20.49:756][  0]LogContentBrowser: Native class hierarchy updated for 'WidgetCarousel' in 0.0003 seconds. Added 0 classes and 0 folders.
[2021.05.03-08.20.49:902][  0]LogContentBrowser: Native class hierarchy updated for 'AddContentDialog' in 0.0005 seconds. Added 0 classes and 0 folders.
[2021.05.03-08.20.49:916][  0]LogContentBrowser: Native class hierarchy updated for 'SceneOutliner' in 0.0003 seconds. Added 1 classes and 2 folders.
[2021.05.03-08.20.51:619][  0]LogSlate: Only BGRA pngs, bmps or icos are supported in by External Image Picker
[2021.05.03-08.20.51:726][  0]LogContentBrowser: Native class hierarchy updated for 'HierarchicalLODOutliner' in 0.0009 seconds. Added 0 classes and 0 folders.
[2021.05.03-08.20.51:727][  0]LogLoad: (Engine Initialization) Total time: 15.29 seconds
[2021.05.03-08.20.51:727][  0]LogLoad: (Engine Initialization) Total Blueprint compile time: 0.00 seconds
[2021.05.03-08.20.51:796][  0]LogContentStreaming: Texture pool size now 1000 MB
[2021.05.03-08.20.51:801][  0]LogSlate: Took 0.000447 seconds to synchronously load lazily loaded font '../../../Engine/Content/Slate/Fonts/Roboto-Regular.ttf' (155K)
[2021.05.03-08.20.51:805][  0]LogSlate: Took 0.000442 seconds to synchronously load lazily loaded font '../../../Engine/Content/Slate/Fonts/Roboto-Bold.ttf' (160K)
[2021.05.03-08.20.51:817][  0]LogSlate: Took 0.001348 seconds to synchronously load lazily loaded font '../../../Engine/Content/Editor/Slate/Fonts/FontAwesome.ttf' (139K)
[2021.05.03-08.20.51:887][  0]LogRenderer: Reallocating scene render targets to support 64x64 Format 10 NumSamples 1 (Frame:1).
[2021.05.03-08.20.51:892][  0]LogTemp: Executing iPhonePackager certificates Engine -bundlename com.YourCompany.BallRunner
[2021.05.03-08.20.51:892][  0]LogTemp: CWD: P:\Unreal\UE_4.20\Engine\Binaries\DotNET\IOS
[2021.05.03-08.20.51:892][  0]LogTemp: Initial Dir: P:\Unreal\UE_4.20
[2021.05.03-08.20.51:892][  0]LogTemp: Env CWD: P:\Unreal\UE_4.20\Engine\Binaries\DotNET\IOS
[2021.05.03-08.20.51:901][  0]LogTemp: BranchPath = LAPTOP-G3O3VCMT/P/Unreal/UE_4.20/Engine/Binaries --- GameBranchPath = LAPTOP-G3O3VCMT/P/Unreal/UE_4.20/Engine/Binaries
[2021.05.03-08.20.52:042][  1]LogTemp: IPP ERROR: Could not find provision directory 'C:\Users\Lotka\AppData\Local/Apple Computer/MobileDevice/Provisioning Profiles/'.
[2021.05.03-08.20.52:042][  1]LogRenderer: Reallocating scene render targets to support 588x380 Format 10 NumSamples 1 (Frame:1).
[2021.05.03-08.20.52:113][  2]LogAssetRegistry: Asset discovery search completed in 9.3778 seconds
[2021.05.03-08.20.52:115][  2]LogCollectionManager: Rebuilt the object cache for 0 collections in 0.000001 seconds (found 0 objects)
[2021.05.03-08.20.52:116][  2]LogCollectionManager: Fixed up redirectors for 0 collections in 0.000137 seconds (updated 0 objects)
[2021.05.03-08.20.52:154][  2]LogSlate: Took 0.001827 seconds to synchronously load lazily loaded font '../../../Engine/Content/Slate/Fonts/Roboto-Light.ttf' (167K)
[2021.05.03-08.20.53:110][  5]LogSlate: Took 0.000333 seconds to synchronously load lazily loaded font '../../../Engine/Content/Slate/Fonts/Roboto-Light.ttf' (167K)
[2021.05.03-08.21.03:165][121]LogSlate: FSceneViewport::OnFocusLost() reason 0
[2021.05.03-08.21.03:527][124]LogAssetEditorManager: Opening Asset editor for Blueprint /Game/StarterContent/Blueprints/Cannon/BP_Canon.BP_Canon
[2021.05.03-08.21.04:827][124]LogContentBrowser: Native class hierarchy updated for 'BlueprintGraph' in 0.0015 seconds. Added 116 classes and 0 folders.
[2021.05.03-08.21.06:184][124]LogSlate: Took 0.001849 seconds to synchronously load lazily loaded font '../../../Engine/Content/Slate/Fonts/Roboto-BoldCondensed.ttf' (158K)
[2021.05.03-08.21.06:316][125]LogSlate: Took 0.002243 seconds to synchronously load lazily loaded font '../../../Engine/Content/Slate/Fonts/Roboto-Italic.ttf' (157K)
[2021.05.03-08.21.35:960][645]LogRenderer: Reallocating scene render targets to support 616x672 Format 10 NumSamples 1 (Frame:1).
[2021.05.03-08.21.42:052][761]LogSlate: FSceneViewport::OnFocusLost() reason 0
[2021.05.03-08.22.03:578][153]LogSlate: Took 0.002434 seconds to synchronously load lazily loaded font '../../../Engine/Content/Slate/Fonts/Roboto-BoldCondensedItalic.ttf' (160K)
[2021.05.03-08.24.36:877][606]BlueprintLog: New page: Compile BP_Canon
[2021.05.03-08.24.51:554][741]BlueprintLog: New page: Compile BP_Canon
[2021.05.03-08.25.11:808][904]BlueprintLog: New page: Compile BP_Canon
[2021.05.03-08.25.22:802][ 64]LogAIModule: Creating AISystem for world MainLevel
[2021.05.03-08.25.22:955][ 64]LogAssetEditorManager: Opening Asset editor for World /Game/StarterContent/Maps/Levels/MainLevel.MainLevel
[2021.05.03-08.25.29:146][ 64]LogSlate: Window 'Save Content' being destroyed
[2021.05.03-08.25.29:365][ 64]LogSavePackage: Moving '../../../../Projekty/BallRunner_W.Gawlik/BallRunner/Saved/BP_Canon562A0DBD440F2B912C722EA975696502.tmp' to '../../../../Projekty/BallRunner_W.Gawlik/BallRunner/Content/StarterContent/Blueprints/Cannon/BP_Canon.uasset'
[2021.05.03-08.25.29:369][ 64]Cmd: MAP LOAD FILE="../../../../Projekty/BallRunner_W.Gawlik/BallRunner/Content/StarterContent/Maps/Levels/MainLevel.umap" TEMPLATE=0 SHOWPROGRESS=1 FEATURELEVEL=3
[2021.05.03-08.25.29:369][ 64]LightingResults: New page: Lighting Build
[2021.05.03-08.25.29:371][ 64]LoadErrors: New page: Loading map: MainLevel.umap
[2021.05.03-08.25.29:373][ 64]MapCheck: New page: Map Check
[2021.05.03-08.25.29:373][ 64]LightingResults: New page: Lighting Build
[2021.05.03-08.25.29:716][ 64]LogEditorServer: Finished looking for orphan Actors (0.000 secs)
[2021.05.03-08.25.29:822][ 64]Cmd: MAP CHECKDEP NOCLEARLOG
[2021.05.03-08.25.29:981][ 64]MapCheck: Map check complete: 0 Error(s), 0 Warning(s), took 158,573ms to complete.
[2021.05.03-08.25.29:987][ 64]LogFileHelpers: Loading map 'MainLevel' took 0.619
[2021.05.03-08.25.34:015][163]LogRenderer: Reallocating scene render targets to support 928x672 Format 10 NumSamples 1 (Frame:96).
[2021.05.03-08.25.34:887][189]LogEditorViewport: Clicking on Actor (LMB): BP_Canon_C (BP_Canon)
[2021.05.03-08.25.39:668][313]LogSlate: FSceneViewport::OnFocusLost() reason 0
[2021.05.03-08.25.39:766][315]LogTemp: Repeating last play command: Selected Viewport
[2021.05.03-08.25.39:805][315]LogBlueprintUserMessages: Early PlayInEditor Detection: Level '/Game/StarterContent/Maps/Levels/MainLevel.MainLevel:PersistentLevel' has LevelScriptBlueprint '/Game/StarterContent/Maps/Levels/MainLevel.MainLevel:PersistentLevel.MainLevel' with GeneratedClass '/Game/StarterContent/Maps/Levels/MainLevel.MainLevel_C' with ClassGeneratedBy '/Game/StarterContent/Maps/Levels/MainLevel.MainLevel:PersistentLevel.MainLevel'
[2021.05.03-08.25.39:805][315]LogPlayLevel: PlayLevel: No blueprints needed recompiling
[2021.05.03-08.25.39:819][315]PIE: New page: PIE session: MainLevel (3 maj 2021, 12:25:39)
[2021.05.03-08.25.39:819][315]LogPlayLevel: Creating play world package: /Game/StarterContent/Maps/Levels/UEDPIE_0_MainLevel
[2021.05.03-08.25.39:861][315]LogPlayLevel: PIE: StaticDuplicateObject took: (0.041581s)
[2021.05.03-08.25.39:862][315]LogAIModule: Creating AISystem for world MainLevel
[2021.05.03-08.25.39:863][315]LogPlayLevel: PIE: World Init took: (0.001240s)
[2021.05.03-08.25.39:863][315]LogPlayLevel: PIE: Created PIE world by copying editor world from /Game/StarterContent/Maps/Levels/MainLevel.MainLevel to /Game/StarterContent/Maps/Levels/UEDPIE_0_MainLevel.MainLevel (0.043301s)
[2021.05.03-08.25.39:957][315]LogInit: XAudio2 using 'Głośniki (USB Audio Device)' : 2 channels at 48 kHz using 16 bits per sample (channel mask 0x3)
[2021.05.03-08.25.39:984][315]LogInit: FAudioDevice initialized.
[2021.05.03-08.25.40:033][315]LogLoad: Game class is 'BP_GameMode_C'
[2021.05.03-08.25.40:049][315]LogWorld: Bringing World /Game/StarterContent/Maps/Levels/UEDPIE_0_MainLevel.MainLevel up for play (max tick rate 60) at 2021.05.03-10.25.40
[2021.05.03-08.25.40:050][315]LogWorld: Bringing up level for play took: 0.012949
[2021.05.03-08.25.40:084][315]LogContentBrowser: Native class hierarchy updated for 'MovieSceneCapture' in 0.0005 seconds. Added 10 classes and 0 folders.
[2021.05.03-08.25.40:088][315]PIE: Play in editor start time for /Game/StarterContent/Maps/Levels/UEDPIE_0_MainLevel -0,321
[2021.05.03-08.25.40:088][315]LogBlueprintUserMessages: Late PlayInEditor Detection: Level '/Game/StarterContent/Maps/Levels/MainLevel.MainLevel:PersistentLevel' has LevelScriptBlueprint '/Game/StarterContent/Maps/Levels/MainLevel.MainLevel:PersistentLevel.MainLevel' with GeneratedClass '/Game/StarterContent/Maps/Levels/MainLevel.MainLevel_C' with ClassGeneratedBy '/Game/StarterContent/Maps/Levels/MainLevel.MainLevel:PersistentLevel.MainLevel'
[2021.05.03-08.25.43:043][403]LogBlueprintUserMessages: Early EndPlayMap Detection: Level '/Game/StarterContent/Maps/Levels/MainLevel.MainLevel:PersistentLevel' has LevelScriptBlueprint '/Game/StarterContent/Maps/Levels/MainLevel.MainLevel:PersistentLevel.MainLevel' with GeneratedClass '/Game/StarterContent/Maps/Levels/MainLevel.MainLevel_C' with ClassGeneratedBy '/Game/StarterContent/Maps/Levels/MainLevel.MainLevel:PersistentLevel.MainLevel'
[2021.05.03-08.25.43:043][403]LogSlate: Updating window title bar state: overlay mode, drag disabled, window buttons hidden, title bar hidden
[2021.05.03-08.25.43:109][403]LogPlayLevel: Display: Shutting down PIE online subsystems
[2021.05.03-08.25.43:109][403]LogBlueprintUserMessages: Late EndPlayMap Detection: Level '/Game/StarterContent/Maps/Levels/MainLevel.MainLevel:PersistentLevel' has LevelScriptBlueprint '/Game/StarterContent/Maps/Levels/MainLevel.MainLevel:PersistentLevel.MainLevel' with GeneratedClass '/Game/StarterContent/Maps/Levels/MainLevel.MainLevel_C' with ClassGeneratedBy '/Game/StarterContent/Maps/Levels/MainLevel.MainLevel:PersistentLevel.MainLevel'
[2021.05.03-08.25.43:172][403]LogSlate: Updating window title bar state: overlay mode, drag disabled, window buttons hidden, title bar hidden
[2021.05.03-08.25.43:211][404]LogPlayLevel: Display: Destroying online subsystem :Context_4
[2021.05.03-08.25.45:612][476]LogEditorViewport: Clicking on Actor (LMB): BP_Canon_C (BP_Canon)
[2021.05.03-08.25.47:472][524]LogSlate: FSceneViewport::OnFocusLost() reason 0
[2021.05.03-08.25.50:668][610]LogTemp: Repeating last play command: Selected Viewport
[2021.05.03-08.25.50:696][610]LogBlueprintUserMessages: Early PlayInEditor Detection: Level '/Game/StarterContent/Maps/Levels/MainLevel.MainLevel:PersistentLevel' has LevelScriptBlueprint '/Game/StarterContent/Maps/Levels/MainLevel.MainLevel:PersistentLevel.MainLevel' with GeneratedClass '/Game/StarterContent/Maps/Levels/MainLevel.MainLevel_C' with ClassGeneratedBy '/Game/StarterContent/Maps/Levels/MainLevel.MainLevel:PersistentLevel.MainLevel'
[2021.05.03-08.25.50:696][610]LogPlayLevel: PlayLevel: No blueprints needed recompiling
[2021.05.03-08.25.50:696][610]PIE: New page: PIE session: MainLevel (3 maj 2021, 12:25:50)
[2021.05.03-08.25.50:696][610]LogPlayLevel: Creating play world package: /Game/StarterContent/Maps/Levels/UEDPIE_0_MainLevel
[2021.05.03-08.25.50:737][610]LogPlayLevel: PIE: StaticDuplicateObject took: (0.040038s)
[2021.05.03-08.25.50:738][610]LogAIModule: Creating AISystem for world MainLevel
[2021.05.03-08.25.50:738][610]LogPlayLevel: PIE: World Init took: (0.001372s)
[2021.05.03-08.25.50:738][610]LogPlayLevel: PIE: Created PIE world by copying editor world from /Game/StarterContent/Maps/Levels/MainLevel.MainLevel to /Game/StarterContent/Maps/Levels/UEDPIE_0_MainLevel.MainLevel (0.041815s)
[2021.05.03-08.25.50:837][610]LogInit: XAudio2 using 'Głośniki (USB Audio Device)' : 2 channels at 48 kHz using 16 bits per sample (channel mask 0x3)
[2021.05.03-08.25.50:863][610]LogInit: FAudioDevice initialized.
[2021.05.03-08.25.50:900][610]LogLoad: Game class is 'BP_GameMode_C'
[2021.05.03-08.25.50:913][610]LogWorld: Bringing World /Game/StarterContent/Maps/Levels/UEDPIE_0_MainLevel.MainLevel up for play (max tick rate 60) at 2021.05.03-10.25.50
[2021.05.03-08.25.50:914][610]LogWorld: Bringing up level for play took: 0.012051
[2021.05.03-08.25.50:929][610]PIE: Play in editor start time for /Game/StarterContent/Maps/Levels/UEDPIE_0_MainLevel 0,52
[2021.05.03-08.25.50:929][610]LogBlueprintUserMessages: Late PlayInEditor Detection: Level '/Game/StarterContent/Maps/Levels/MainLevel.MainLevel:PersistentLevel' has LevelScriptBlueprint '/Game/StarterContent/Maps/Levels/MainLevel.MainLevel:PersistentLevel.MainLevel' with GeneratedClass '/Game/StarterContent/Maps/Levels/MainLevel.MainLevel_C' with ClassGeneratedBy '/Game/StarterContent/Maps/Levels/MainLevel.MainLevel:PersistentLevel.MainLevel'
[2021.05.03-08.25.54:066][687]LogBlueprintUserMessages: Early EndPlayMap Detection: Level '/Game/StarterContent/Maps/Levels/MainLevel.MainLevel:PersistentLevel' has LevelScriptBlueprint '/Game/StarterContent/Maps/Levels/MainLevel.MainLevel:PersistentLevel.MainLevel' with GeneratedClass '/Game/StarterContent/Maps/Levels/MainLevel.MainLevel_C' with ClassGeneratedBy '/Game/StarterContent/Maps/Levels/MainLevel.MainLevel:PersistentLevel.MainLevel'
[2021.05.03-08.25.54:066][687]LogSlate: Updating window title bar state: overlay mode, drag disabled, window buttons hidden, title bar hidden
[2021.05.03-08.25.54:155][687]LogPlayLevel: Display: Shutting down PIE online subsystems
[2021.05.03-08.25.54:155][687]LogBlueprintUserMessages: Late EndPlayMap Detection: Level '/Game/StarterContent/Maps/Levels/MainLevel.MainLevel:PersistentLevel' has LevelScriptBlueprint '/Game/StarterContent/Maps/Levels/MainLevel.MainLevel:PersistentLevel.MainLevel' with GeneratedClass '/Game/StarterContent/Maps/Levels/MainLevel.MainLevel_C' with ClassGeneratedBy '/Game/StarterContent/Maps/Levels/MainLevel.MainLevel:PersistentLevel.MainLevel'
[2021.05.03-08.25.54:219][687]LogSlate: Updating window title bar state: overlay mode, drag disabled, window buttons hidden, title bar hidden
[2021.05.03-08.25.54:270][688]LogPlayLevel: Display: Destroying online subsystem :Context_5
[2021.05.03-08.25.55:659][729]LogEditorViewport: Clicking on Actor (LMB): BP_Canon_C (BP_Canon)
[2021.05.03-08.25.56:650][755]LogSlate: FSceneViewport::OnFocusLost() reason 0
[2021.05.03-08.25.58:062][793]LogTemp: Repeating last play command: Selected Viewport
[2021.05.03-08.25.58:090][793]LogBlueprintUserMessages: Early PlayInEditor Detection: Level '/Game/StarterContent/Maps/Levels/MainLevel.MainLevel:PersistentLevel' has LevelScriptBlueprint '/Game/StarterContent/Maps/Levels/MainLevel.MainLevel:PersistentLevel.MainLevel' with GeneratedClass '/Game/StarterContent/Maps/Levels/MainLevel.MainLevel_C' with ClassGeneratedBy '/Game/StarterContent/Maps/Levels/MainLevel.MainLevel:PersistentLevel.MainLevel'
[2021.05.03-08.25.58:091][793]LogPlayLevel: PlayLevel: No blueprints needed recompiling
[2021.05.03-08.25.58:091][793]PIE: New page: PIE session: MainLevel (3 maj 2021, 12:25:58)
[2021.05.03-08.25.58:091][793]LogPlayLevel: Creating play world package: /Game/StarterContent/Maps/Levels/UEDPIE_0_MainLevel
[2021.05.03-08.25.58:136][793]LogPlayLevel: PIE: StaticDuplicateObject took: (0.044655s)
[2021.05.03-08.25.58:137][793]LogAIModule: Creating AISystem for world MainLevel
[2021.05.03-08.25.58:137][793]LogPlayLevel: PIE: World Init took: (0.001387s)
[2021.05.03-08.25.58:138][793]LogPlayLevel: PIE: Created PIE world by copying editor world from /Game/StarterContent/Maps/Levels/MainLevel.MainLevel to /Game/StarterContent/Maps/Levels/UEDPIE_0_MainLevel.MainLevel (0.046670s)
[2021.05.03-08.25.58:243][793]LogInit: XAudio2 using 'Głośniki (USB Audio Device)' : 2 channels at 48 kHz using 16 bits per sample (channel mask 0x3)
[2021.05.03-08.25.58:275][793]LogInit: FAudioDevice initialized.
[2021.05.03-08.25.58:315][793]LogLoad: Game class is 'BP_GameMode_C'
[2021.05.03-08.25.58:329][793]LogWorld: Bringing World /Game/StarterContent/Maps/Levels/UEDPIE_0_MainLevel.MainLevel up for play (max tick rate 60) at 2021.05.03-10.25.58
[2021.05.03-08.25.58:330][793]LogWorld: Bringing up level for play took: 0.012436
[2021.05.03-08.25.58:345][793]PIE: Play in editor start time for /Game/StarterContent/Maps/Levels/UEDPIE_0_MainLevel -0,064
[2021.05.03-08.25.58:346][793]LogBlueprintUserMessages: Late PlayInEditor Detection: Level '/Game/StarterContent/Maps/Levels/MainLevel.MainLevel:PersistentLevel' has LevelScriptBlueprint '/Game/StarterContent/Maps/Levels/MainLevel.MainLevel:PersistentLevel.MainLevel' with GeneratedClass '/Game/StarterContent/Maps/Levels/MainLevel.MainLevel_C' with ClassGeneratedBy '/Game/StarterContent/Maps/Levels/MainLevel.MainLevel:PersistentLevel.MainLevel'
[2021.05.03-08.26.05:663][ 14]LogBlueprintUserMessages: Early EndPlayMap Detection: Level '/Game/StarterContent/Maps/Levels/MainLevel.MainLevel:PersistentLevel' has LevelScriptBlueprint '/Game/StarterContent/Maps/Levels/MainLevel.MainLevel:PersistentLevel.MainLevel' with GeneratedClass '/Game/StarterContent/Maps/Levels/MainLevel.MainLevel_C' with ClassGeneratedBy '/Game/StarterContent/Maps/Levels/MainLevel.MainLevel:PersistentLevel.MainLevel'
[2021.05.03-08.26.05:663][ 14]LogSlate: Updating window title bar state: overlay mode, drag disabled, window buttons hidden, title bar hidden
[2021.05.03-08.26.05:733][ 14]LogPlayLevel: Display: Shutting down PIE online subsystems
[2021.05.03-08.26.05:733][ 14]LogBlueprintUserMessages: Late EndPlayMap Detection: Level '/Game/StarterContent/Maps/Levels/MainLevel.MainLevel:PersistentLevel' has LevelScriptBlueprint '/Game/StarterContent/Maps/Levels/MainLevel.MainLevel:PersistentLevel.MainLevel' with GeneratedClass '/Game/StarterContent/Maps/Levels/MainLevel.MainLevel_C' with ClassGeneratedBy '/Game/StarterContent/Maps/Levels/MainLevel.MainLevel:PersistentLevel.MainLevel'
[2021.05.03-08.26.05:793][ 14]LogSlate: Updating window title bar state: overlay mode, drag disabled, window buttons hidden, title bar hidden
[2021.05.03-08.26.05:846][ 15]LogPlayLevel: Display: Destroying online subsystem :Context_6
[2021.05.03-08.26.08:957][ 73]LogSavePackage: Moving '../../../../Projekty/BallRunner_W.Gawlik/BallRunner/Saved/MainLevel2BEC36D3459519141D792E8901EAFBDA.tmp' to '../../../../Projekty/BallRunner_W.Gawlik/BallRunner/Content/StarterContent/Maps/Levels/MainLevel.umap'
[2021.05.03-08.26.09:387][ 73]LogSavePackage: Moving '../../../../Projekty/BallRunner_W.Gawlik/BallRunner/Saved/MainLevel_BuiltData036A6B8C4C23DA7D156447880AFD4CDA.tmp' to '../../../../Projekty/BallRunner_W.Gawlik/BallRunner/Content/StarterContent/Maps/Levels/MainLevel_BuiltData.uasset'
[2021.05.03-08.26.45:233][421]BlueprintLog: New page: Compile BP_Canon
[2021.05.03-08.28.06:831][922]LogEditorViewport: Clicking on Actor (LMB): BP_Canon_C (BP_Canon)
[2021.05.03-08.28.15:330][ 91]LogSlate: FSceneViewport::OnFocusLost() reason 0
[2021.05.03-08.28.22:673][229]LogSlate: FSceneViewport::OnFocusLost() reason 0
[2021.05.03-08.28.53:597][757]LogSavePackage: Moving '../../../../Projekty/BallRunner_W.Gawlik/BallRunner/Saved/MainLevelAEA7F2674CF4E31AFEA3EA8B07084EBD.tmp' to '../../../../Projekty/BallRunner_W.Gawlik/BallRunner/Content/StarterContent/Maps/Levels/MainLevel.umap'
[2021.05.03-08.28.53:899][757]LogSavePackage: Moving '../../../../Projekty/BallRunner_W.Gawlik/BallRunner/Saved/MainLevel_BuiltDataF86DE9674F9CED125262DFABF9372B6C.tmp' to '../../../../Projekty/BallRunner_W.Gawlik/BallRunner/Content/StarterContent/Maps/Levels/MainLevel_BuiltData.uasset'
[2021.05.03-08.29.34:347][  5]LogSlate: Window 'BP_Canon*' being destroyed
[2021.05.03-08.29.34:356][  5]LogSlate: Window 'BP_Canon*' being destroyed
[2021.05.03-08.29.35:468][ 84]LogSavePackage: Moving '../../../../Projekty/BallRunner_W.Gawlik/BallRunner/Saved/MainLevel59D03A7C4E6EB38FF4DA6F9272E72ED0.tmp' to '../../../../Projekty/BallRunner_W.Gawlik/BallRunner/Content/StarterContent/Maps/Levels/MainLevel.umap'
[2021.05.03-08.29.35:589][ 84]LogSavePackage: Moving '../../../../Projekty/BallRunner_W.Gawlik/BallRunner/Saved/MainLevel_BuiltDataF7D37B2446DB39B840B50DA13989202B.tmp' to '../../../../Projekty/BallRunner_W.Gawlik/BallRunner/Content/StarterContent/Maps/Levels/MainLevel_BuiltData.uasset'
[2021.05.03-08.29.37:827][211]LogSlate: Window 'Save Content' being destroyed
[2021.05.03-08.29.37:890][211]LogSavePackage: Moving '../../../../Projekty/BallRunner_W.Gawlik/BallRunner/Saved/BP_CanonF24B7EA94CBEAD8171D0E4999D90884C.tmp' to '../../../../Projekty/BallRunner_W.Gawlik/BallRunner/Content/StarterContent/Blueprints/Cannon/BP_Canon.uasset'
[2021.05.03-08.29.37:947][211]LogSlate: Window 'BallRunner - Unreal Editor' being destroyed
[2021.05.03-08.29.37:949][211]LogWindowsTextInputMethodSystem: Display: IME system now deactivated.
[2021.05.03-08.29.38:156][212]Cmd: QUIT_EDITOR
[2021.05.03-08.29.38:656][212]LogExit: Preparing to exit.
[2021.05.03-08.29.39:293][212]LogExit: Editor shut down
[2021.05.03-08.29.39:293][212]LogExit: Transaction tracking system shut down
[2021.05.03-08.29.39:505][212]LogExit: Object subsystem successfully closed.
[2021.05.03-08.29.39:526][212]LogShaderCompilers: Display: Shaders left to compile 0
[2021.05.03-08.29.39:529][212]LogD3D11RHI: Shutdown
[2021.05.03-08.29.39:529][212]LogD3D11RHI: CleanupD3DDevice
[2021.05.03-08.29.39:531][212]LogD3D11RHI: ~FD3D11DynamicRHI
[2021.05.03-08.29.39:537][212]LogModuleManager: Shutting down and abandoning module MovieSceneCapture (618)
[2021.05.03-08.29.39:537][212]LogModuleManager: Shutting down and abandoning module Voice (616)
[2021.05.03-08.29.39:537][212]LogModuleManager: Shutting down and abandoning module BlueprintGraph (614)
[2021.05.03-08.29.39:537][212]LogModuleManager: Shutting down and abandoning module HierarchicalLODOutliner (612)
[2021.05.03-08.29.39:537][212]LogModuleManager: Shutting down and abandoning module ExternalImagePicker (610)
[2021.05.03-08.29.39:537][212]LogModuleManager: Shutting down and abandoning module SceneOutliner (608)
[2021.05.03-08.29.39:537][212]LogModuleManager: Shutting down and abandoning module AddContentDialog (606)
[2021.05.03-08.29.39:538][212]LogModuleManager: Shutting down and abandoning module WidgetCarousel (605)
[2021.05.03-08.29.39:538][212]LogModuleManager: Shutting down and abandoning module EditorWidgets (602)
[2021.05.03-08.29.39:538][212]LogModuleManager: Shutting down and abandoning module CollectionManager (600)
[2021.05.03-08.29.39:539][212]LogModuleManager: Shutting down and abandoning module StatsViewer (598)
[2021.05.03-08.29.39:539][212]LogModuleManager: Shutting down and abandoning module FoliageEdit (596)
[2021.05.03-08.29.39:539][212]LogModuleManager: Shutting down and abandoning module LandscapeEditor (594)
[2021.05.03-08.29.39:539][212]LogModuleManager: Shutting down and abandoning module MeshPaintMode (592)
[2021.05.03-08.29.39:539][212]LogModuleManager: Shutting down and abandoning module SceneDepthPickerMode (590)
[2021.05.03-08.29.39:539][212]LogModuleManager: Shutting down and abandoning module ActorPickerMode (588)
[2021.05.03-08.29.39:539][212]LogModuleManager: Shutting down and abandoning module GeometryMode (586)
[2021.05.03-08.29.39:539][212]LogModuleManager: Shutting down and abandoning module TextureAlignMode (584)
[2021.05.03-08.29.39:539][212]LogModuleManager: Shutting down and abandoning module BspMode (582)
[2021.05.03-08.29.39:539][212]LogModuleManager: Shutting down and abandoning module PIEPreviewDeviceProfileSelector (580)
[2021.05.03-08.29.39:539][212]LogModuleManager: Shutting down and abandoning module SequenceRecorderSections (578)
[2021.05.03-08.29.39:539][212]LogModuleManager: Shutting down and abandoning module AutomationWorker (576)
[2021.05.03-08.29.39:539][212]LogModuleManager: Shutting down and abandoning module AudioCaptureEditor (574)
[2021.05.03-08.29.39:539][212]LogModuleManager: Shutting down and abandoning module SequenceRecorder (573)
[2021.05.03-08.29.39:539][212]LogModuleManager: Shutting down and abandoning module MatineeToLevelSequence (570)
[2021.05.03-08.29.39:539][212]LogModuleManager: Shutting down and abandoning module LevelSequenceEditor (568)
[2021.05.03-08.29.39:539][212]LogModuleManager: Shutting down and abandoning module PlacementMode (567)
[2021.05.03-08.29.39:539][212]LogModuleManager: Shutting down and abandoning module MaterialEditor (566)
[2021.05.03-08.29.39:539][212]LogModuleManager: Shutting down and abandoning module WmfMediaFactory (562)
[2021.05.03-08.29.39:539][212]LogModuleManager: Shutting down and abandoning module WmfMediaEditor (560)
[2021.05.03-08.29.39:539][212]LogModuleManager: Shutting down and abandoning module MediaPlayerEditor (558)
[2021.05.03-08.29.39:539][212]LogModuleManager: Shutting down and abandoning module OpenExrWrapper (556)
[2021.05.03-08.29.39:539][212]LogModuleManager: Shutting down and abandoning module ImgMediaFactory (554)
[2021.05.03-08.29.39:539][212]LogModuleManager: Shutting down and abandoning module ImgMediaEditor (552)
[2021.05.03-08.29.39:539][212]LogModuleManager: Shutting down and abandoning module AvfMediaFactory (550)
[2021.05.03-08.29.39:539][212]LogModuleManager: Shutting down and abandoning module AvfMediaEditor (548)
[2021.05.03-08.29.39:539][212]LogModuleManager: Shutting down and abandoning module AndroidMediaFactory (546)
[2021.05.03-08.29.39:539][212]LogModuleManager: Shutting down and abandoning module AndroidMediaEditor (544)
[2021.05.03-08.29.39:539][212]LogModuleManager: Shutting down and abandoning module MagicLeapCameraPreviewFactory (542)
[2021.05.03-08.29.39:539][212]LogModuleManager: Shutting down and abandoning module MagicLeapMediaFactory (540)
[2021.05.03-08.29.39:539][212]LogModuleManager: Shutting down and abandoning module MagicLeapMediaEditor (538)
[2021.05.03-08.29.39:539][212]LogModuleManager: Shutting down and abandoning module CharacterAI (536)
[2021.05.03-08.29.39:539][212]LogModuleManager: Shutting down and abandoning module SmartSnapping (534)
[2021.05.03-08.29.39:539][212]LogModuleManager: Shutting down and abandoning module SessionServices (532)
[2021.05.03-08.29.39:539][212]LogModuleManager: Shutting down and abandoning module ViewportSnapping (530)
[2021.05.03-08.29.39:539][212]LogModuleManager: Shutting down and abandoning module ViewportInteraction (528)
[2021.05.03-08.29.39:539][212]LogModuleManager: Shutting down and abandoning module ClothPainter (526)
[2021.05.03-08.29.39:539][212]LogModuleManager: Shutting down and abandoning module SkeletalMeshEditor (525)
[2021.05.03-08.29.39:539][212]LogModuleManager: Shutting down and abandoning module LogVisualizer (522)
[2021.05.03-08.29.39:540][212]LogModuleManager: Shutting down and abandoning module IntroTutorials (520)
[2021.05.03-08.29.39:540][212]LogModuleManager: Shutting down and abandoning module GameProjectGeneration (519)
[2021.05.03-08.29.39:540][212]LogModuleManager: Shutting down and abandoning module LuminPlatformEditor (516)
[2021.05.03-08.29.39:540][212]LogModuleManager: Shutting down and abandoning module IOSPlatformEditor (514)
[2021.05.03-08.29.39:540][212]LogModuleManager: Shutting down and abandoning module HTML5PlatformEditor (512)
[2021.05.03-08.29.39:540][212]LogModuleManager: Shutting down and abandoning module AndroidPlatformEditor (510)
[2021.05.03-08.29.39:540][212]LogModuleManager: Shutting down and abandoning module AndroidDeviceDetection (509)
[2021.05.03-08.29.39:647][212]LogModuleManager: Shutting down and abandoning module WindowsPlatformEditor (506)
[2021.05.03-08.29.39:647][212]LogModuleManager: Shutting down and abandoning module LuminRuntimeSettings (504)
[2021.05.03-08.29.39:647][212]LogModuleManager: Shutting down and abandoning module IOSRuntimeSettings (502)
[2021.05.03-08.29.39:647][212]LogModuleManager: Shutting down and abandoning module AndroidRuntimeSettings (500)
[2021.05.03-08.29.39:647][212]LogModuleManager: Shutting down and abandoning module InputBindingEditor (498)
[2021.05.03-08.29.39:647][212]LogModuleManager: Shutting down and abandoning module MergeActors (496)
[2021.05.03-08.29.39:647][212]LogModuleManager: Shutting down and abandoning module LocalizationDashboard (494)
[2021.05.03-08.29.39:647][212]LogModuleManager: Shutting down and abandoning module LocalizationService (493)
[2021.05.03-08.29.39:647][212]LogModuleManager: Shutting down and abandoning module HardwareTargeting (490)
[2021.05.03-08.29.39:647][212]LogModuleManager: Shutting down and abandoning module DeviceProfileEditor (488)
[2021.05.03-08.29.39:647][212]LogModuleManager: Shutting down and abandoning module UndoHistory (486)
[2021.05.03-08.29.39:647][212]LogModuleManager: Shutting down and abandoning module XmlParser (484)
[2021.05.03-08.29.39:647][212]LogModuleManager: Shutting down and abandoning module Blutility (482)
[2021.05.03-08.29.39:647][212]LogModuleManager: Shutting down and abandoning module ProjectSettingsViewer (480)
[2021.05.03-08.29.39:647][212]LogModuleManager: Shutting down and abandoning module ProjectTargetPlatformEditor (479)
[2021.05.03-08.29.39:647][212]LogModuleManager: Shutting down and abandoning module EditorSettingsViewer (476)
[2021.05.03-08.29.39:647][212]LogModuleManager: Shutting down and abandoning module SettingsEditor (474)
[2021.05.03-08.29.39:647][212]LogModuleManager: Shutting down and abandoning module ProjectLauncher (472)
[2021.05.03-08.29.39:647][212]LogModuleManager: Shutting down and abandoning module SessionFrontend (470)
[2021.05.03-08.29.39:647][212]LogModuleManager: Shutting down and abandoning module ProfilerClient (468)
[2021.05.03-08.29.39:647][212]LogModuleManager: Shutting down and abandoning module DeviceManager (466)
[2021.05.03-08.29.39:647][212]LogModuleManager: Shutting down and abandoning module TargetDeviceServices (465)
[2021.05.03-08.29.39:690][212]LogModuleManager: Shutting down and abandoning module AutomationController (462)
[2021.05.03-08.29.39:690][212]LogModuleManager: Shutting down and abandoning module AutomationWindow (460)
[2021.05.03-08.29.39:690][212]LogModuleManager: Shutting down and abandoning module Layers (458)
[2021.05.03-08.29.39:690][212]LogModuleManager: Shutting down and abandoning module ComponentVisualizers (456)
[2021.05.03-08.29.39:690][212]LogModuleManager: Shutting down and abandoning module DetailCustomizations (454)
[2021.05.03-08.29.39:690][212]LogModuleManager: Shutting down and abandoning module PackagesDialog (452)
[2021.05.03-08.29.39:690][212]LogModuleManager: Shutting down and abandoning module Persona (450)
[2021.05.03-08.29.39:690][212]LogModuleManager: Shutting down and abandoning module AdvancedPreviewScene (449)
[2021.05.03-08.29.39:690][212]LogModuleManager: Shutting down and abandoning module AnimGraph (447)
[2021.05.03-08.29.39:690][212]LogModuleManager: Shutting down and abandoning module Kismet (444)
[2021.05.03-08.29.39:693][212]LogModuleManager: Shutting down and abandoning module GraphEditor (442)
[2021.05.03-08.29.39:693][212]LogModuleManager: Shutting down and abandoning module ClassViewer (440)
[2021.05.03-08.29.39:693][212]LogModuleManager: Shutting down and abandoning module Toolbox (438)
[2021.05.03-08.29.39:693][212]LogModuleManager: Shutting down and abandoning module ModuleUI (436)
[2021.05.03-08.29.39:693][212]LogModuleManager: Shutting down and abandoning module MovieSceneTools (434)
[2021.05.03-08.29.39:693][212]LogModuleManager: Shutting down and abandoning module OutputLog (432)
[2021.05.03-08.29.39:693][212]LogModuleManager: Shutting down and abandoning module GammaUI (430)
[2021.05.03-08.29.39:693][212]LogModuleManager: Shutting down and abandoning module Documentation (428)
[2021.05.03-08.29.39:693][212]LogModuleManager: Shutting down and abandoning module MovieSceneTracks (426)
[2021.05.03-08.29.39:693][212]LogModuleManager: Shutting down and abandoning module MovieScene (424)
[2021.05.03-08.29.39:694][212]LogModuleManager: Shutting down and abandoning module StreamingPauseRendering (422)
[2021.05.03-08.29.39:694][212]LogModuleManager: Shutting down and abandoning module LauncherPlatform (420)
[2021.05.03-08.29.39:694][212]LogModuleManager: Shutting down and abandoning module AnalyticsET (418)
[2021.05.03-08.29.39:694][212]LogModuleManager: Shutting down and abandoning module PortalServices (416)
[2021.05.03-08.29.39:694][212]LogModuleManager: Shutting down and abandoning module PortalRpc (414)
[2021.05.03-08.29.39:694][212]LogModuleManager: Shutting down and abandoning module MessagingRpc (412)
[2021.05.03-08.29.39:694][212]LogModuleManager: Shutting down and abandoning module AIModule (410)
[2021.05.03-08.29.39:694][212]LogModuleManager: Shutting down and abandoning module GameplayDebugger (409)
[2021.05.03-08.29.39:694][212]LogModuleManager: Shutting down and abandoning module AITestSuite (407)
[2021.05.03-08.29.39:694][212]LogModuleManager: Shutting down and abandoning module NavigationSystem (405)
[2021.05.03-08.29.39:694][212]LogModuleManager: Shutting down and abandoning module DesktopPlatform (402)
[2021.05.03-08.29.39:694][212]LogModuleManager: Shutting down and abandoning module ProfilerService (400)
[2021.05.03-08.29.39:735][212]LogModuleManager: Shutting down and abandoning module TaskGraph (398)
[2021.05.03-08.29.39:735][212]LogModuleManager: Shutting down and abandoning module SteamVRController (396)
[2021.05.03-08.29.39:735][212]LogModuleManager: Shutting down and abandoning module ProceduralMeshComponentEditor (394)
[2021.05.03-08.29.39:735][212]LogModuleManager: Shutting down and abandoning module ProceduralMeshComponent (392)
[2021.05.03-08.29.39:735][212]LogModuleManager: Shutting down and abandoning module OculusInput (390)
[2021.05.03-08.29.39:735][212]LogModuleManager: Shutting down and abandoning module MobilePatchingUtils (388)
[2021.05.03-08.29.39:735][212]LogModuleManager: Shutting down and abandoning module EditableMesh (386)
[2021.05.03-08.29.39:735][212]LogModuleManager: Shutting down and abandoning module CustomMeshComponent (384)
[2021.05.03-08.29.39:735][212]LogModuleManager: Shutting down and abandoning module CableComponent (382)
[2021.05.03-08.29.39:735][212]LogModuleManager: Shutting down and abandoning module AudioCapture (380)
[2021.05.03-08.29.39:735][212]LogModuleManager: Shutting down and abandoning module ArchVisCharacter (378)
[2021.05.03-08.29.39:735][212]LogModuleManager: Shutting down and abandoning module AndroidPermission (376)
[2021.05.03-08.29.39:735][212]LogModuleManager: Shutting down and abandoning module NUTUnrealEngine4 (374)
[2021.05.03-08.29.39:735][212]LogModuleManager: Shutting down and abandoning module NetcodeUnitTest (372)
[2021.05.03-08.29.39:735][212]LogModuleManager: Shutting down and abandoning module MediaCompositingEditor (370)
[2021.05.03-08.29.39:735][212]LogModuleManager: Shutting down and abandoning module MediaCompositing (368)
[2021.05.03-08.29.39:735][212]LogModuleManager: Shutting down and abandoning module LinearTimecode (366)
[2021.05.03-08.29.39:735][212]LogModuleManager: Shutting down and abandoning module ImgMedia (364)
[2021.05.03-08.29.39:738][212]LogModuleManager: Shutting down and abandoning module HTML5Networking (362)
[2021.05.03-08.29.39:738][212]LogModuleManager: Shutting down and abandoning module GeometryCacheTracks (360)
[2021.05.03-08.29.39:738][212]LogModuleManager: Shutting down and abandoning module GeometryCacheSequencer (358)
[2021.05.03-08.29.39:738][212]LogModuleManager: Shutting down and abandoning module BackChannel (356)
[2021.05.03-08.29.39:738][212]LogModuleManager: Shutting down and abandoning module AppleVision (354)
[2021.05.03-08.29.39:738][212]LogModuleManager: Shutting down and abandoning module AppleImageUtils (352)
[2021.05.03-08.29.39:738][212]LogModuleManager: Shutting down and abandoning module AlembicImporter (350)
[2021.05.03-08.29.39:738][212]LogModuleManager: Shutting down and abandoning module AlembicLibrary (349)
[2021.05.03-08.29.39:738][212]LogModuleManager: Shutting down and abandoning module GeometryCache (348)
[2021.05.03-08.29.39:738][212]LogModuleManager: Shutting down and abandoning module GeometryCacheEd (347)
[2021.05.03-08.29.39:738][212]LogModuleManager: Shutting down and abandoning module DatasmithContentEditor (342)
[2021.05.03-08.29.39:738][212]LogModuleManager: Shutting down and abandoning module DatasmithContent (340)
[2021.05.03-08.29.39:739][212]LogModuleManager: Shutting down and abandoning module SpeedTreeImporter (338)
[2021.05.03-08.29.39:739][212]LogModuleManager: Shutting down and abandoning module PluginBrowser (336)
[2021.05.03-08.29.39:739][212]LogModuleManager: Shutting down and abandoning module MobileLauncherProfileWizard (334)
[2021.05.03-08.29.39:739][212]LogModuleManager: Shutting down and abandoning module PolygonModeling (332)
[2021.05.03-08.29.39:739][212]LogModuleManager: Shutting down and abandoning module MeshEditor (330)
[2021.05.03-08.29.39:739][212]LogModuleManager: Shutting down and abandoning module CryptoKeysOpenSSL (328)
[2021.05.03-08.29.39:739][212]LogModuleManager: Shutting down and abandoning module CryptoKeys (326)
[2021.05.03-08.29.39:739][212]LogModuleManager: Shutting down and abandoning module VisualStudioSourceCodeAccess (324)
[2021.05.03-08.29.39:739][212]LogModuleManager: Shutting down and abandoning module VisualStudioCodeSourceCodeAccess (322)
[2021.05.03-08.29.39:739][212]LogModuleManager: Shutting down and abandoning module UObjectPlugin (320)
[2021.05.03-08.29.39:739][212]LogModuleManager: Shutting down and abandoning module SubversionSourceControl (318)
[2021.05.03-08.29.39:739][212]LogModuleManager: Shutting down and abandoning module PerforceSourceControl (316)
[2021.05.03-08.29.39:739][212]LogModuleManager: Shutting down and abandoning module GitSourceControl (314)
[2021.05.03-08.29.39:739][212]LogModuleManager: Shutting down and abandoning module SourceControl (313)
[2021.05.03-08.29.39:739][212]LogModuleManager: Shutting down and abandoning module CLionSourceCodeAccess (310)
[2021.05.03-08.29.39:739][212]LogModuleManager: Shutting down and abandoning module LightPropagationVolumeEditor (308)
[2021.05.03-08.29.39:739][212]LogModuleManager: Shutting down and abandoning module PaperTiledImporter (306)
[2021.05.03-08.29.39:739][212]LogModuleManager: Shutting down and abandoning module PaperSpriteSheetImporter (304)
[2021.05.03-08.29.39:739][212]LogModuleManager: Shutting down and abandoning module Paper2DEditor (302)
[2021.05.03-08.29.39:739][212]LogModuleManager: Shutting down and abandoning module MeshPaint (301)
[2021.05.03-08.29.39:739][212]LogModuleManager: Shutting down and abandoning module RuntimePhysXCooking (298)
[2021.05.03-08.29.39:739][212]LogModuleManager: Shutting down and abandoning module PhysXVehiclesEditor (296)
[2021.05.03-08.29.39:739][212]LogModuleManager: Shutting down and abandoning module PhysXVehicles (294)
[2021.05.03-08.29.39:739][212]LogModuleManager: Shutting down and abandoning module OculusEditor (292)
[2021.05.03-08.29.39:739][212]LogModuleManager: Shutting down and abandoning module LocationServicesBPLibrary (290)
[2021.05.03-08.29.39:739][212]LogModuleManager: Shutting down and abandoning module ImmediatePhysicsEditor (288)
[2021.05.03-08.29.39:739][212]LogModuleManager: Shutting down and abandoning module ImmediatePhysics (286)
[2021.05.03-08.29.39:739][212]LogModuleManager: Shutting down and abandoning module ActorSequence (284)
[2021.05.03-08.29.39:739][212]LogModuleManager: Shutting down and abandoning module UdpMessaging (282)
[2021.05.03-08.29.39:840][212]LogModuleManager: Shutting down and abandoning module TcpMessaging (280)
[2021.05.03-08.29.39:940][212]LogModuleManager: Shutting down and abandoning module MagicLeapAudio (278)
[2021.05.03-08.29.39:940][212]LogModuleManager: Shutting down and abandoning module GameplayTagsEditor (276)
[2021.05.03-08.29.39:940][212]LogModuleManager: Shutting down and abandoning module FacialAnimationEditor (274)
[2021.05.03-08.29.39:940][212]LogModuleManager: Shutting down and abandoning module FacialAnimation (272)
[2021.05.03-08.29.39:940][212]LogModuleManager: Shutting down and abandoning module DataValidation (270)
[2021.05.03-08.29.39:940][212]LogModuleManager: Shutting down and abandoning module AssetManagerEditor (268)
[2021.05.03-08.29.39:940][212]LogModuleManager: Shutting down and abandoning module LevelEditor (267)
[2021.05.03-08.29.39:940][212]LogModuleManager: Shutting down and abandoning module PixelInspectorModule (266)
[2021.05.03-08.29.39:940][212]LogModuleManager: Shutting down and abandoning module CommonMenuExtensions (264)
[2021.05.03-08.29.39:940][212]LogModuleManager: Shutting down and abandoning module MainFrame (262)
[2021.05.03-08.29.39:940][212]LogModuleManager: Shutting down and abandoning module HotReload (261)
[2021.05.03-08.29.39:941][212]LogModuleManager: Shutting down and abandoning module ContentBrowser (257)
[2021.05.03-08.29.39:941][212]LogModuleManager: Shutting down and abandoning module TreeMap (255)
[2021.05.03-08.29.39:941][212]LogModuleManager: Shutting down and abandoning module LightPropagationVolumeRuntime (252)
[2021.05.03-08.29.39:941][212]LogModuleManager: Shutting down and abandoning module AISupportModule (250)
[2021.05.03-08.29.39:941][212]LogModuleManager: Shutting down and abandoning module Paper2D (248)
[2021.05.03-08.29.39:941][212]LogModuleManager: Shutting down and abandoning module WindowsMoviePlayer (246)
[2021.05.03-08.29.39:941][212]LogModuleManager: Shutting down and abandoning module WmfMedia (244)
[2021.05.03-08.29.39:943][212]LogModuleManager: Shutting down and abandoning module Media (243)
[2021.05.03-08.29.39:949][212]LogModuleManager: Shutting down and abandoning module PacketHandler (240)
[2021.05.03-08.29.39:949][212]LogModuleManager: Shutting down and abandoning module ClothingSystemEditor (238)
[2021.05.03-08.29.39:949][212]LogModuleManager: Shutting down and abandoning module ClothingSystemRuntime (236)
[2021.05.03-08.29.39:949][212]LogModuleManager: Shutting down and abandoning module MediaAssets (234)
[2021.05.03-08.29.39:949][212]LogModuleManager: Shutting down and abandoning module Overlay (232)
[2021.05.03-08.29.39:949][212]LogModuleManager: Shutting down and abandoning module OverlayEditor (231)
[2021.05.03-08.29.39:949][212]LogModuleManager: Shutting down and abandoning module VREditor (228)
[2021.05.03-08.29.39:949][212]LogModuleManager: Shutting down and abandoning module StringTableEditor (226)
[2021.05.03-08.29.39:949][212]LogModuleManager: Shutting down and abandoning module GameplayTasksEditor (224)
[2021.05.03-08.29.39:949][212]LogModuleManager: Shutting down and abandoning module BehaviorTreeEditor (222)
[2021.05.03-08.29.39:949][212]LogModuleManager: Shutting down and abandoning module FunctionalTesting (220)
[2021.05.03-08.29.39:949][212]LogModuleManager: Shutting down and abandoning module CollisionAnalyzer (218)
[2021.05.03-08.29.39:949][212]LogModuleManager: Shutting down and abandoning module WorkspaceMenuStructure (217)
[2021.05.03-08.29.39:949][212]LogModuleManager: Shutting down and abandoning module UMG (214)
[2021.05.03-08.29.39:949][212]LogModuleManager: Shutting down and abandoning module UMGEditor (213)
[2021.05.03-08.29.39:949][212]LogModuleManager: Shutting down and abandoning module Sequencer (212)
[2021.05.03-08.29.39:949][212]LogModuleManager: Shutting down and abandoning module MessageLog (209)
[2021.05.03-08.29.39:949][212]LogModuleManager: Shutting down and abandoning module SlateReflector (204)
[2021.05.03-08.29.39:949][212]LogModuleManager: Shutting down and abandoning module Slate (202)
[2021.05.03-08.29.39:949][212]LogModuleManager: Shutting down and abandoning module EditorStyle (200)
[2021.05.03-08.29.39:950][212]LogModuleManager: Shutting down and abandoning module MRMesh (198)
[2021.05.03-08.29.39:950][212]LogModuleManager: Shutting down and abandoning module SourceCodeAccess (196)
[2021.05.03-08.29.39:950][212]LogModuleManager: Shutting down and abandoning module HeadMountedDisplay (194)
[2021.05.03-08.29.39:950][212]LogModuleManager: Shutting down and abandoning module XAudio2 (192)
[2021.05.03-08.29.39:950][212]LogModuleManager: Shutting down and abandoning module Networking (190)
[2021.05.03-08.29.39:950][212]LogModuleManager: Shutting down and abandoning module Core (188)
[2021.05.03-08.29.39:950][212]LogModuleManager: Shutting down and abandoning module LevelSequence (186)
[2021.05.03-08.29.39:950][212]LogModuleManager: Shutting down and abandoning module KismetCompiler (184)
[2021.05.03-08.29.39:950][212]LogModuleManager: Shutting down and abandoning module MeshUtilities (182)
[2021.05.03-08.29.39:950][212]LogModuleManager: Shutting down and abandoning module MeshMergeUtilities (181)
[2021.05.03-08.29.39:950][212]LogModuleManager: Shutting down and abandoning module MeshReductionInterface (180)
[2021.05.03-08.29.39:950][212]LogModuleManager: Shutting down and abandoning module SimplygonSwarm (179)
[2021.05.03-08.29.39:950][212]LogModuleManager: Shutting down and abandoning module ProxyLODMeshReduction (177)
[2021.05.03-08.29.39:950][212]LogModuleManager: Shutting down and abandoning module SimplygonMeshReduction (175)
[2021.05.03-08.29.39:950][212]LogModuleManager: Shutting down and abandoning module QuadricMeshReduction (173)
[2021.05.03-08.29.39:950][212]LogModuleManager: Shutting down and abandoning module MaterialBaking (169)
[2021.05.03-08.29.39:950][212]LogModuleManager: Shutting down and abandoning module DirectoryWatcher (165)
[2021.05.03-08.29.39:950][212]LogModuleManager: Shutting down and abandoning module DerivedDataCache (162)
[2021.05.03-08.29.39:993][212]LogDerivedDataCache: Shutdown
[2021.05.03-08.29.39:993][212]LogModuleManager: Shutting down and abandoning module XGEController (160)
[2021.05.03-08.29.39:993][212]LogModuleManager: Shutting down and abandoning module TargetPlatform (158)
[2021.05.03-08.29.39:993][212]LogModuleManager: Shutting down and abandoning module VulkanShaderFormat (157)
[2021.05.03-08.29.39:993][212]LogModuleManager: Shutting down and abandoning module ShaderFormatVectorVM (155)
[2021.05.03-08.29.39:993][212]LogModuleManager: Shutting down and abandoning module ShaderFormatOpenGL (153)
[2021.05.03-08.29.39:993][212]LogModuleManager: Shutting down and abandoning module ShaderFormatD3D (151)
[2021.05.03-08.29.39:994][212]LogModuleManager: Shutting down and abandoning module MetalShaderFormat (149)
[2021.05.03-08.29.39:994][212]LogModuleManager: Shutting down and abandoning module TextureFormatUncompressed (147)
[2021.05.03-08.29.39:994][212]LogModuleManager: Shutting down and abandoning module TextureFormatPVR (145)
[2021.05.03-08.29.39:994][212]LogModuleManager: Shutting down and abandoning module TextureFormatDXT (143)
[2021.05.03-08.29.39:994][212]LogModuleManager: Shutting down and abandoning module TextureFormatIntelISPCTexComp (141)
[2021.05.03-08.29.39:994][212]LogModuleManager: Shutting down and abandoning module TextureFormatASTC (139)
[2021.05.03-08.29.39:994][212]LogModuleManager: Shutting down and abandoning module ImageWrapper (138)
[2021.05.03-08.29.39:994][212]LogModuleManager: Shutting down and abandoning module TextureFormatAndroid (135)
[2021.05.03-08.29.39:994][212]LogModuleManager: Shutting down and abandoning module AudioFormatOpus (133)
[2021.05.03-08.29.39:994][212]LogModuleManager: Shutting down and abandoning module AudioFormatOgg (131)
[2021.05.03-08.29.39:994][212]LogModuleManager: Shutting down and abandoning module AudioFormatADPCM (129)
[2021.05.03-08.29.39:994][212]LogModuleManager: Shutting down and abandoning module LuminTargetPlatform (127)
[2021.05.03-08.29.39:994][212]LogModuleManager: Shutting down and abandoning module LinuxTargetPlatform (125)
[2021.05.03-08.29.39:994][212]LogModuleManager: Shutting down and abandoning module LinuxServerTargetPlatform (123)
[2021.05.03-08.29.39:994][212]LogModuleManager: Shutting down and abandoning module LinuxNoEditorTargetPlatform (121)
[2021.05.03-08.29.39:994][212]LogModuleManager: Shutting down and abandoning module LinuxClientTargetPlatform (119)
[2021.05.03-08.29.39:994][212]LogModuleManager: Shutting down and abandoning module TVOSTargetPlatform (117)
[2021.05.03-08.29.39:995][212]LogModuleManager: Shutting down and abandoning module Messaging (115)
[2021.05.03-08.29.39:995][212]LogModuleManager: Shutting down and abandoning module IOSTargetPlatform (113)
[2021.05.03-08.29.39:996][212]LogModuleManager: Shutting down and abandoning module HTML5TargetPlatform (111)
[2021.05.03-08.29.39:996][212]LogModuleManager: Shutting down and abandoning module AndroidTargetPlatform (109)
[2021.05.03-08.29.40:001][212]LogModuleManager: Shutting down and abandoning module WindowsTargetPlatform (107)
[2021.05.03-08.29.40:001][212]LogModuleManager: Shutting down and abandoning module WindowsServerTargetPlatform (105)
[2021.05.03-08.29.40:001][212]LogModuleManager: Shutting down and abandoning module WindowsNoEditorTargetPlatform (103)
[2021.05.03-08.29.40:001][212]LogModuleManager: Shutting down and abandoning module WindowsClientTargetPlatform (101)
[2021.05.03-08.29.40:001][212]LogModuleManager: Shutting down and abandoning module MacTargetPlatform (99)
[2021.05.03-08.29.40:001][212]LogModuleManager: Shutting down and abandoning module MacServerTargetPlatform (97)
[2021.05.03-08.29.40:001][212]LogModuleManager: Shutting down and abandoning module MacNoEditorTargetPlatform (95)
[2021.05.03-08.29.40:001][212]LogModuleManager: Shutting down and abandoning module MacClientTargetPlatform (93)
[2021.05.03-08.29.40:001][212]LogModuleManager: Shutting down and abandoning module AllDesktopTargetPlatform (91)
[2021.05.03-08.29.40:001][212]LogModuleManager: Shutting down and abandoning module InputCore (88)
[2021.05.03-08.29.40:001][212]LogModuleManager: Shutting down and abandoning module Settings (86)
[2021.05.03-08.29.40:001][212]LogModuleManager: Shutting down and abandoning module PhysXCooking (84)
[2021.05.03-08.29.40:001][212]LogModuleManager: Shutting down and abandoning module SteamVR (82)
[2021.05.03-08.29.40:001][212]LogModuleManager: Shutting down and abandoning module OculusHMD (80)
[2021.05.03-08.29.40:001][212]LogModuleManager: Shutting down and abandoning module ExampleDeviceProfileSelector (78)
[2021.05.03-08.29.40:001][212]LogModuleManager: Shutting down and abandoning module LauncherChunkInstaller (76)
[2021.05.03-08.29.40:001][212]LogModuleManager: Shutting down and abandoning module OnlineBlueprintSupport (74)
[2021.05.03-08.29.40:001][212]LogModuleManager: Shutting down and abandoning module OnlineSubsystem (70)
[2021.05.03-08.29.40:002][212]LogModuleManager: Shutting down and abandoning module XMPP (65)
[2021.05.03-08.29.40:002][212]LogModuleManager: Shutting down and abandoning module WebSockets (64)
[2021.05.03-08.29.40:006][212]LogModuleManager: Shutting down and abandoning module HTTP (61)
[2021.05.03-08.29.40:007][212]LogHttp: Display: Http module shutting down, but needs to wait on 1 outstanding Http requests:
[2021.05.03-08.29.40:007][212]LogHttp: Display: 	verb=[POST] url=[https://datarouter.ol.epicgames.com/datarouter/api/v1/public/data?SessionID=%7B9E673A51-479B-C1A0-7414-3090622BDAB5%7D&AppID=UEEditor.Rocket.Release&AppVersion=4.20.3-4369336%2B%2B%2BUE4%2BRelease-4.20&UserID=4a55da304b5a55eb6b8b118fb5fbf03c%7C323b72e8b67847799dafc345eb1072de%7C6f448ca3-c922-471a-b88d-eebc0e36d197&AppEnvironment=datacollector-binary&UploadType=eteventstream] status=Processing
[2021.05.03-08.29.40:019][212]LogModuleManager: Shutting down and abandoning module SSL (60)
[2021.05.03-08.29.40:020][212]LogModuleManager: Shutting down and abandoning module MagicLeapEmulator (56)
[2021.05.03-08.29.40:020][212]LogModuleManager: Shutting down and abandoning module MagicLeapPrivileges (54)
[2021.05.03-08.29.40:020][212]LogModuleManager: Shutting down and abandoning module MagicLeapIdentity (52)
[2021.05.03-08.29.40:020][212]LogModuleManager: Shutting down and abandoning module MagicLeapHelperVulkan (50)
[2021.05.03-08.29.40:020][212]LogModuleManager: Shutting down and abandoning module MagicLeapHelperOpenGL (48)
[2021.05.03-08.29.40:020][212]LogModuleManager: Shutting down and abandoning module MagicLeapSecureStorage (46)
[2021.05.03-08.29.40:020][212]LogModuleManager: Shutting down and abandoning module MagicLeapGestures (44)
[2021.05.03-08.29.40:020][212]LogModuleManager: Shutting down and abandoning module MagicLeapEyeTracker (42)
[2021.05.03-08.29.40:020][212]LogModuleManager: Shutting down and abandoning module MagicLeapController (40)
[2021.05.03-08.29.40:020][212]LogSlate: Slate User Destroyed.  User Index 0, Is Virtual User: 0
[2021.05.03-08.29.40:020][212]LogModuleManager: Shutting down and abandoning module MagicLeap (38)
[2021.05.03-08.29.40:020][212]LogModuleManager: Shutting down and abandoning module AnimationModifiers (36)
[2021.05.03-08.29.40:020][212]LogModuleManager: Shutting down and abandoning module PropertyEditor (35)
[2021.05.03-08.29.40:020][212]LogModuleManager: Shutting down and abandoning module AudioEditor (32)
[2021.05.03-08.29.40:020][212]LogModuleManager: Shutting down and abandoning module TextureCompressor (30)
[2021.05.03-08.29.40:021][212]LogModuleManager: Shutting down and abandoning module ShaderCore (28)
[2021.05.03-08.29.40:021][212]LogModuleManager: Shutting down and abandoning module Landscape (26)
[2021.05.03-08.29.40:021][212]LogModuleManager: Shutting down and abandoning module SlateRHIRenderer (24)
[2021.05.03-08.29.40:022][212]LogModuleManager: Shutting down and abandoning module OpenGLDrv (22)
[2021.05.03-08.29.40:022][212]LogModuleManager: Shutting down and abandoning module D3D11RHI (20)
[2021.05.03-08.29.40:022][212]LogModuleManager: Shutting down and abandoning module AnimGraphRuntime (18)
[2021.05.03-08.29.40:022][212]LogModuleManager: Shutting down and abandoning module Renderer (16)
[2021.05.03-08.29.40:022][212]LogModuleManager: Shutting down and abandoning module Engine (14)
[2021.05.03-08.29.40:022][212]LogModuleManager: Shutting down and abandoning module CoreUObject (12)
[2021.05.03-08.29.40:022][212]LogModuleManager: Shutting down and abandoning module NetworkFile (10)
[2021.05.03-08.29.40:022][212]LogModuleManager: Shutting down and abandoning module CookedIterativeFile (8)
[2021.05.03-08.29.40:022][212]LogModuleManager: Shutting down and abandoning module StreamingFile (6)
[2021.05.03-08.29.40:022][212]LogModuleManager: Shutting down and abandoning module SandboxFile (4)
[2021.05.03-08.29.40:022][212]LogModuleManager: Shutting down and abandoning module PakFile (2)
[2021.05.03-08.29.40:031][212]LogExit: Exiting.
[2021.05.03-08.29.40:036][212]Log file closed, 05/03/21 10:29:40
