Log file open, 05/27/21 07:54:17
LogWindows: Failed to load 'aqProf.dll' (GetLastError=126)
LogWindows: File 'aqProf.dll' does not exist
LogWindows: Failed to load 'VSPerf140.dll' (GetLastError=126)
LogWindows: File 'VSPerf140.dll' does not exist
LogWindows: Failed to load 'VtuneApi.dll' (GetLastError=126)
LogWindows: File 'VtuneApi.dll' does not exist
LogWindows: Failed to load 'VtuneApi32e.dll' (GetLastError=126)
LogWindows: File 'VtuneApi32e.dll' does not exist
LogInit: Display: Running engine for game: BallRunner
LogPlatformFile: Not using cached read wrapper
LogTaskGraph: Started task graph with 5 named threads and 35 total threads with 3 sets of task threads.
LogStats: Stats thread started at 0.577161
LogD3D11RHI: Loaded GFSDK_Aftermath_Lib.x64.dll
LogICUInternationalization: Display: ICU TimeZone Detection - Raw Offset: +1:00, Platform Override: ''
LogPluginManager: Mounting plugin Paper2D
LogPluginManager: Mounting plugin AISupport
LogPluginManager: Mounting plugin LightPropagationVolume
LogPluginManager: Mounting plugin CLionSourceCodeAccess
LogPluginManager: Mounting plugin CodeLiteSourceCodeAccess
LogPluginManager: Mounting plugin GitSourceControl
LogPluginManager: Mounting plugin KDevelopSourceCodeAccess
LogPluginManager: Mounting plugin NullSourceCodeAccess
LogPluginManager: Mounting plugin PerforceSourceControl
LogPluginManager: Mounting plugin SubversionSourceControl
LogPluginManager: Mounting plugin UObjectPlugin
LogPluginManager: Mounting plugin VisualStudioCodeSourceCodeAccess
LogPluginManager: Mounting plugin VisualStudioSourceCodeAccess
LogPluginManager: Mounting plugin XCodeSourceCodeAccess
LogPluginManager: Mounting plugin AssetManagerEditor
LogPluginManager: Mounting plugin CryptoKeys
LogPluginManager: Mounting plugin DataValidation
LogPluginManager: Mounting plugin FacialAnimation
LogPluginManager: Mounting plugin GameplayTagsEditor
LogPluginManager: Mounting plugin MacGraphicsSwitching
LogPluginManager: Mounting plugin MeshEditor
LogPluginManager: Mounting plugin MobileLauncherProfileWizard
LogPluginManager: Mounting plugin PluginBrowser
LogPluginManager: Mounting plugin SpeedTreeImporter
LogPluginManager: Mounting plugin DatasmithContent
LogPluginManager: Mounting plugin AlembicImporter
LogPluginManager: Mounting plugin AppleImageUtils
LogPluginManager: Mounting plugin AppleVision
LogPluginManager: Mounting plugin BackChannel
LogPluginManager: Mounting plugin CharacterAI
LogPluginManager: Mounting plugin GeometryCache
LogPluginManager: Mounting plugin HTML5Networking
LogPluginManager: Mounting plugin ProxyLODPlugin
LogPluginManager: Mounting plugin MagicLeap
LogPluginManager: Mounting plugin MagicLeapEmulator
LogPluginManager: Mounting plugin MagicLeapMedia
LogPluginManager: Mounting plugin AndroidMedia
LogPluginManager: Mounting plugin AvfMedia
LogPluginManager: Mounting plugin ImgMedia
LogPluginManager: Mounting plugin LinearTimecode
LogPluginManager: Mounting plugin MediaCompositing
LogPluginManager: Mounting plugin MediaPlayerEditor
LogPluginManager: Mounting plugin WmfMedia
LogPluginManager: Mounting plugin TcpMessaging
LogPluginManager: Mounting plugin UdpMessaging
LogPluginManager: Mounting plugin ActorSequence
LogPluginManager: Mounting plugin LevelSequenceEditor
LogPluginManager: Mounting plugin MatineeToLevelSequence
LogPluginManager: Mounting plugin NetcodeUnitTest
LogPluginManager: Mounting plugin NUTUnrealEngine4
LogPluginManager: Mounting plugin OnlineSubsystemGooglePlay
LogPluginManager: Mounting plugin OnlineSubsystemIOS
LogPluginManager: Mounting plugin OnlineSubsystem
LogPluginManager: Mounting plugin OnlineSubsystemNull
LogPluginManager: Mounting plugin OnlineSubsystemUtils
LogPluginManager: Mounting plugin LauncherChunkInstaller
LogPluginManager: Mounting plugin AndroidDeviceProfileSelector
LogPluginManager: Mounting plugin AndroidMoviePlayer
LogPluginManager: Mounting plugin AndroidPermission
LogPluginManager: Mounting plugin AppleMoviePlayer
LogPluginManager: Mounting plugin ArchVisCharacter
LogPluginManager: Mounting plugin AudioCapture
LogPluginManager: Mounting plugin CableComponent
LogPluginManager: Mounting plugin CustomMeshComponent
LogPluginManager: Mounting plugin EditableMesh
LogPluginManager: Mounting plugin ExampleDeviceProfileSelector
LogPluginManager: Mounting plugin GoogleCloudMessaging
LogPluginManager: Mounting plugin ImmediatePhysics
LogPluginManager: Mounting plugin IOSDeviceProfileSelector
LogPluginManager: Mounting plugin LinuxDeviceProfileSelector
LogPluginManager: Mounting plugin LocationServicesBPLibrary
LogPluginManager: Mounting plugin MobilePatchingUtils
LogPluginManager: Mounting plugin OculusVR
LogPluginManager: Plugin shader directory ../../../Engine/Plugins/Runtime/Oculus/OculusVR/Shaders found
LogPluginManager: Mapping shader source directory ../../../Engine/Plugins/Runtime/Oculus/OculusVR/Shaders to virtual directory /Plugin/OculusVR
LogPluginManager: Mounting plugin PhysXVehicles
LogPluginManager: Mounting plugin ProceduralMeshComponent
LogPluginManager: Mounting plugin RuntimePhysXCooking
LogPluginManager: Mounting plugin SteamVR
LogPluginManager: Mounting plugin WindowsMoviePlayer
LogStreaming: Display: Took  0.144s to configure plugins.
LogInit: Using libcurl 7.55.1-DEV
LogInit:  - built for x86_64-pc-win32
LogInit:  - supports SSL with OpenSSL/1.0.2h
LogInit:  - supports HTTP deflate (compression) using libz 1.2.8
LogInit:  - other features:
LogInit:      CURL_VERSION_SSL
LogInit:      CURL_VERSION_LIBZ
LogInit:      CURL_VERSION_IPV6
LogInit:      CURL_VERSION_ASYNCHDNS
LogInit:      CURL_VERSION_LARGEFILE
LogInit:      CURL_VERSION_IDN
LogInit:  CurlRequestOptions (configurable via config and command line):
LogInit:  - bVerifyPeer = false  - Libcurl will NOT verify peer certificate
LogInit:  - bUseHttpProxy = false  - Libcurl will NOT use HTTP proxy
LogInit:  - bDontReuseConnections = false  - Libcurl will reuse connections
LogInit:  - CertBundlePath = nullptr  - Libcurl will use whatever was configured at build time.
LogInit:  - MaxHostConnections = 16  - Libcurl will limit the number of connections to a host
LogInit:  - LocalHostAddr = Default
LogInit:  - BufferSize = 65536
LogInit: WinSock: version 1.1 (2.2), MaxSocks=32767, MaxUdp=65467
LogInit: Build: ++UE4+Release-4.20-CL-4369336
LogInit: Engine Version: 4.20.3-4369336+++UE4+Release-4.20
LogInit: Compatible Engine Version: 4.20.0-4212847+++UE4+Release-4.20
LogInit: Net CL: 4212847
LogInit: OS: Windows 10 (), CPU: Intel(R) Core(TM) i7-9750H CPU @ 2.60GHz, GPU: Intel(R) UHD Graphics 630
LogInit: Compiled (64-bit): Sep 17 2018 12:26:19
LogInit: Compiled with Visual C++: 19.13.26129.00
LogInit: Build Configuration: Development
LogInit: Branch Name: ++UE4+Release-4.20
LogInit: Command Line: -EpicPortal  -epicusername="LottieChar" -epicuserid=323b72e8b67847799dafc345eb1072de -epiclocale=pl
LogInit: Base Directory: P:/Unreal/UE_4.20/Engine/Binaries/Win64/
LogInit: Installed Engine Build: 1
LogDevObjectVersion: Number of dev versions registered: 20
LogDevObjectVersion:   Dev-Blueprints (B0D832E4-1F89-4F0D-ACCF-7EB736FD4AA2): 10
LogDevObjectVersion:   Dev-Build (E1C64328-A22C-4D53-A36C-8E866417BD8C): 0
LogDevObjectVersion:   Dev-Core (375EC13C-06E4-48FB-B500-84F0262A717E): 2
LogDevObjectVersion:   Dev-Editor (E4B068ED-F494-42E9-A231-DA0B2E46BB41): 24
LogDevObjectVersion:   Dev-Framework (CFFC743F-43B0-4480-9391-14DF171D2073): 34
LogDevObjectVersion:   Dev-Mobile (B02B49B5-BB20-44E9-A304-32B752E40360): 2
LogDevObjectVersion:   Dev-Networking (A4E4105C-59A1-49B5-A7C5-40C4547EDFEE): 0
LogDevObjectVersion:   Dev-Online (39C831C9-5AE6-47DC-9A44-9C173E1C8E7C): 0
LogDevObjectVersion:   Dev-Physics (78F01B33-EBEA-4F98-B9B4-84EACCB95AA2): 0
LogDevObjectVersion:   Dev-Platform (6631380F-2D4D-43E0-8009-CF276956A95A): 0
LogDevObjectVersion:   Dev-Rendering (12F88B9F-8875-4AFC-A67C-D90C383ABD29): 26
LogDevObjectVersion:   Dev-Sequencer (7B5AE74C-D270-4C10-A958-57980B212A5A): 9
LogDevObjectVersion:   Dev-VR (D7296918-1DD6-4BDD-9DE2-64A83CC13884): 2
LogDevObjectVersion:   Dev-LoadTimes (C2A15278-BFE7-4AFE-6C17-90FF531DF755): 1
LogDevObjectVersion:   Private-Geometry (6EACA3D4-40EC-4CC1-B786-8BED09428FC5): 3
LogDevObjectVersion:   Dev-AnimPhys (29E575DD-E0A3-4627-9D10-D276232CDCEA): 17
LogDevObjectVersion:   Dev-ReflectionCapture (6B266CEC-1EC7-4B8F-A30B-E4D90942FC07): 1
LogDevObjectVersion:   Dev-Automation (0DF73D61-A23F-47EA-B727-89E90C41499A): 1
LogDevObjectVersion:   FortniteMain (601D1886-AC64-4F84-AA16-D3DE0DEAC7D6): 12
LogDevObjectVersion:   Dev-Enterprise (9DFFBCD6-494F-0158-E221-12823C92A888): 1
LogStreaming: Display: Took  0.001s to delete old logs.
LogInit: Presizing for max 8388607 objects, including 0 objects not considered by GC, pre-allocating 0 bytes for permanent pool.
LogInit: Object subsystem initialized
[2021.05.27-05.54.17:619][  0]LogInit: Selected Device Profile: [Windows]
[2021.05.27-05.54.17:619][  0]LogInit: Applying CVar settings loaded from the selected device profile: [Windows]
[2021.05.27-05.54.17:630][  0]LogHAL: Display: Platform has ~ 16 GB [17023324160 / 17179869184 / 16], which maps to Larger [LargestMinGB=32, LargerMinGB=12, DefaultMinGB=8, SmallerMinGB=6, SmallestMinGB=0)
[2021.05.27-05.54.17:631][  0]LogInit: Setting Device Profile CVar: [[r.Vulkan.UseRealUBs:1]]
[2021.05.27-05.54.17:631][  0]LogInit: Going up to parent DeviceProfile []
[2021.05.27-05.54.17:631][  0]LogInit: Computer: LAPTOP-G3O3VCMT
[2021.05.27-05.54.17:631][  0]LogInit: User: Lotka
[2021.05.27-05.54.17:631][  0]LogInit: CPU Page size=4096, Cores=6
[2021.05.27-05.54.17:631][  0]LogInit: High frequency timer resolution =10.000000 MHz
[2021.05.27-05.54.17:631][  0]LogMemory: Memory total: Physical=15.9GB (16GB approx)
[2021.05.27-05.54.17:631][  0]LogMemory: Platform Memory Stats for Windows
[2021.05.27-05.54.17:631][  0]LogMemory: Process Physical Memory: 102.98 MB used, 102.98 MB peak
[2021.05.27-05.54.17:631][  0]LogMemory: Process Virtual Memory: 86.03 MB used, 86.03 MB peak
[2021.05.27-05.54.17:632][  0]LogMemory: Physical Memory: 8791.09 MB used,  7443.61 MB free, 16234.71 MB total
[2021.05.27-05.54.17:632][  0]LogMemory: Virtual Memory: 4641.50 MB used,  7443.61 MB free, 134217728.00 MB total
[2021.05.27-05.54.17:781][  0]LogInit: Using OS detected language (pl-PL).
[2021.05.27-05.54.17:781][  0]LogInit: Using OS detected locale (pl-PL).
[2021.05.27-05.54.17:782][  0]LogTextLocalizationManager: No specific localization for 'pl-PL' exists, so the 'pl' localization will be used.
[2021.05.27-05.54.17:784][  0]LogStreaming: Display: Took  0.003s to InitEngineTextLocalization.
[2021.05.27-05.54.17:784][  0]LogInit: Setting process to per monitor DPI aware
[2021.05.27-05.54.17:824][  0]LogSlate: New Slate User Created.  User Index 0, Is Virtual User: 0
[2021.05.27-05.54.17:824][  0]LogSlate: Slate User Registered.  User Index 0, Is Virtual User: 0
[2021.05.27-05.54.18:240][  0]LogHMD: Failed to initialize OpenVR with code 110
[2021.05.27-05.54.18:240][  0]LogD3D11RHI: D3D11 adapters:
[2021.05.27-05.54.18:394][  0]LogD3D11RHI:    0. 'NVIDIA GeForce RTX 2070' (Feature Level 11_0)
[2021.05.27-05.54.18:394][  0]LogD3D11RHI:       8031/0/8117 MB DedicatedVideo/DedicatedSystem/SharedSystem, Outputs:2, VendorId:0x10de
[2021.05.27-05.54.18:427][  0]LogD3D11RHI:    1. 'Intel(R) UHD Graphics 630' (Feature Level 11_0)
[2021.05.27-05.54.18:427][  0]LogD3D11RHI:       128/0/8117 MB DedicatedVideo/DedicatedSystem/SharedSystem, Outputs:0, VendorId:0x8086
[2021.05.27-05.54.18:430][  0]LogD3D11RHI:    2. 'Microsoft Basic Render Driver' (Feature Level 11_0)
[2021.05.27-05.54.18:430][  0]LogD3D11RHI:       0/0/8117 MB DedicatedVideo/DedicatedSystem/SharedSystem, Outputs:0, VendorId:0x1414
[2021.05.27-05.54.18:430][  0]LogD3D11RHI: Chosen D3D11 Adapter: 0
[2021.05.27-05.54.18:440][  0]LogD3D11RHI: Creating new Direct3DDevice
[2021.05.27-05.54.18:440][  0]LogD3D11RHI:     GPU DeviceId: 0x1f10 (for the marketing name, search the web for "GPU Device Id")
[2021.05.27-05.54.18:440][  0]LogWindows: EnumDisplayDevices:
[2021.05.27-05.54.18:440][  0]LogWindows:    0. 'Intel(R) UHD Graphics 630' (P:1 D:1)
[2021.05.27-05.54.18:441][  0]LogWindows:    1. 'Intel(R) UHD Graphics 630' (P:0 D:0)
[2021.05.27-05.54.18:441][  0]LogWindows:    2. 'Intel(R) UHD Graphics 630' (P:0 D:0)
[2021.05.27-05.54.18:441][  0]LogWindows:    3. 'NVIDIA GeForce RTX 2070' (P:0 D:1)
[2021.05.27-05.54.18:442][  0]LogWindows:    4. 'NVIDIA GeForce RTX 2070' (P:0 D:0)
[2021.05.27-05.54.18:442][  0]LogWindows:    5. 'NVIDIA GeForce RTX 2070' (P:0 D:0)
[2021.05.27-05.54.18:443][  0]LogWindows:    6. 'NVIDIA GeForce RTX 2070' (P:0 D:0)
[2021.05.27-05.54.18:443][  0]LogWindows: DebugString: PrimaryIsNotTheChoosenAdapter PrimaryIsNotTheChoosenAdapter PrimaryIsNotTheChoosenAdapter FoundDriverCount:4 
[2021.05.27-05.54.18:443][  0]LogD3D11RHI:     Adapter Name: NVIDIA GeForce RTX 2070
[2021.05.27-05.54.18:443][  0]LogD3D11RHI:   Driver Version: 466.27 (internal:27.21.14.6627, unified:466.27)
[2021.05.27-05.54.18:443][  0]LogD3D11RHI:      Driver Date: 4-23-2021
[2021.05.27-05.54.18:443][  0]LogRHI: Texture pool is 5621 MB (70% of 8031 MB)
[2021.05.27-05.54.18:584][  0]LogD3D11RHI: Async texture creation enabled
[2021.05.27-05.54.18:617][  0]LogD3D11RHI: GPU Timing Frequency: 1000.000000 (Debug: 2 2)
[2021.05.27-05.54.18:622][  0]LogD3D11RHI: HDR output is supported on display 1 (NvId: 0x80061081).
[2021.05.27-05.54.18:622][  0]LogShaderCompilers: Guid format shader working directory is -6 characters bigger than the processId version (../../../../Projekty/BallRunner_W.Gawlik/BallRunner/Intermediate/Shaders/WorkingDirectory/24468/).
[2021.05.27-05.54.18:623][  0]LogShaderCompilers: Cleaned the shader compiler working directory 'C:/Users/Lotka/AppData/Local/Temp/UnrealShaderWorkingDir/800E62ED434E028BC4D6819F8BD4C595/'.
[2021.05.27-05.54.19:007][  0]LogTemp: Display: Loaded TP AllDesktopTargetPlatform
[2021.05.27-05.54.19:024][  0]LogTemp: Display: Loaded TP MacClientTargetPlatform
[2021.05.27-05.54.19:042][  0]LogTemp: Display: Loaded TP MacNoEditorTargetPlatform
[2021.05.27-05.54.19:060][  0]LogTemp: Display: Loaded TP MacServerTargetPlatform
[2021.05.27-05.54.19:079][  0]LogTemp: Display: Loaded TP MacTargetPlatform
[2021.05.27-05.54.19:097][  0]LogTemp: Display: Loaded TP WindowsClientTargetPlatform
[2021.05.27-05.54.19:114][  0]LogTemp: Display: Loaded TP WindowsNoEditorTargetPlatform
[2021.05.27-05.54.19:132][  0]LogTemp: Display: Loaded TP WindowsServerTargetPlatform
[2021.05.27-05.54.19:140][  0]LogTemp: Display: Loaded TP WindowsTargetPlatform
[2021.05.27-05.54.19:249][  0]LogTemp: Display: Loaded TP AndroidTargetPlatform
[2021.05.27-05.54.19:249][  0]LogTemp: Display: Loaded TP AndroidTargetPlatform
[2021.05.27-05.54.19:250][  0]LogTemp: Display: Loaded TP AndroidTargetPlatform
[2021.05.27-05.54.19:250][  0]LogTemp: Display: Loaded TP AndroidTargetPlatform
[2021.05.27-05.54.19:250][  0]LogTemp: Display: Loaded TP AndroidTargetPlatform
[2021.05.27-05.54.19:250][  0]LogTemp: Display: Loaded TP AndroidTargetPlatform
[2021.05.27-05.54.19:250][  0]LogTemp: Display: Loaded TP AndroidTargetPlatform
[2021.05.27-05.54.19:250][  0]LogTemp: Display: Loaded TP AndroidTargetPlatform
[2021.05.27-05.54.19:250][  0]LogTemp: Display: Loaded TP AndroidTargetPlatform
[2021.05.27-05.54.19:250][  0]LogTemp: Display: Loaded TP AndroidTargetPlatform
[2021.05.27-05.54.19:250][  0]LogTemp: Display: Loaded TP AndroidTargetPlatform
[2021.05.27-05.54.19:250][  0]LogTemp: Display: Loaded TP AndroidTargetPlatform
[2021.05.27-05.54.19:250][  0]LogTemp: Display: Loaded TP AndroidTargetPlatform
[2021.05.27-05.54.19:250][  0]LogTemp: Display: Loaded TP AndroidTargetPlatform
[2021.05.27-05.54.19:250][  0]LogTemp: Display: Loaded TP AndroidTargetPlatform
[2021.05.27-05.54.19:250][  0]LogTemp: Display: Loaded TP AndroidTargetPlatform
[2021.05.27-05.54.19:250][  0]LogTemp: Display: Loaded TP AndroidTargetPlatform
[2021.05.27-05.54.19:250][  0]LogTemp: Display: Loaded TP AndroidTargetPlatform
[2021.05.27-05.54.19:252][  0]LogTemp: Display: Loaded TP HTML5TargetPlatform
[2021.05.27-05.54.19:321][  0]LogTemp: Display: Loaded TP IOSTargetPlatform
[2021.05.27-05.54.19:321][  0]LogTemp: Display: Loaded TP IOSTargetPlatform
[2021.05.27-05.54.19:353][  0]LogTemp: Display: Loaded TP TVOSTargetPlatform
[2021.05.27-05.54.19:354][  0]LogTemp: Display: Loaded TP TVOSTargetPlatform
[2021.05.27-05.54.19:370][  0]LogTemp: Display: Loaded TP LinuxClientTargetPlatform
[2021.05.27-05.54.19:387][  0]LogTemp: Display: Loaded TP LinuxNoEditorTargetPlatform
[2021.05.27-05.54.19:405][  0]LogTemp: Display: Loaded TP LinuxServerTargetPlatform
[2021.05.27-05.54.19:423][  0]LogTemp: Display: Loaded TP LinuxTargetPlatform
[2021.05.27-05.54.19:435][  0]LogTemp: Display: Loaded TP LuminTargetPlatform
[2021.05.27-05.54.19:435][  0]LogTargetPlatformManager: Display: Building Assets For Windows
[2021.05.27-05.54.19:495][  0]LogXGEController: Cannot use XGE Controller as Incredibuild is not installed on this machine.
[2021.05.27-05.54.19:495][  0]LogShaderCompilers: Cannot use XGE Shader Compiler as Incredibuild is not installed on this machine.
[2021.05.27-05.54.19:495][  0]LogShaderCompilers: Display: Using Local Shader Compiler.
[2021.05.27-05.54.20:516][  0]LogDerivedDataCache: Display: Max Cache Size: 512 MB
[2021.05.27-05.54.20:587][  0]LogDerivedDataCache: Loaded boot cache 0.07s 71MB C:/Users/Lotka/AppData/Local/UnrealEngine/4.20/DerivedDataCache/Boot.ddc.
[2021.05.27-05.54.20:588][  0]LogDerivedDataCache: Display: Loaded Boot cache: C:/Users/Lotka/AppData/Local/UnrealEngine/4.20/DerivedDataCache/Boot.ddc
[2021.05.27-05.54.20:588][  0]LogDerivedDataCache: FDerivedDataBackendGraph:  Pak pak cache file ../../../../Projekty/BallRunner_W.Gawlik/BallRunner/DerivedDataCache/DDC.ddp not found, will not use a pak cache.
[2021.05.27-05.54.20:588][  0]LogDerivedDataCache: Unable to find inner node Pak for hierarchical cache Hierarchy.
[2021.05.27-05.54.20:588][  0]LogDerivedDataCache: FDerivedDataBackendGraph:  CompressedPak pak cache file ../../../../Projekty/BallRunner_W.Gawlik/BallRunner/DerivedDataCache/Compressed.ddp not found, will not use a pak cache.
[2021.05.27-05.54.20:588][  0]LogDerivedDataCache: Unable to find inner node CompressedPak for hierarchical cache Hierarchy.
[2021.05.27-05.54.20:610][  0]LogDerivedDataCache: Display: Pak cache opened for reading ../../../Engine/DerivedDataCache/Compressed.ddp.
[2021.05.27-05.54.20:622][  0]LogDerivedDataCache: Using Local data cache path C:/Users/Lotka/AppData/Local/UnrealEngine/Common/DerivedDataCache: Writable
[2021.05.27-05.54.20:622][  0]LogDerivedDataCache: Shared data cache path not found in *engine.ini, will not use an Shared cache.
[2021.05.27-05.54.20:622][  0]LogDerivedDataCache: Unable to find inner node Shared for hierarchical cache Hierarchy.
[2021.05.27-05.54.20:647][  0]LogMaterial: Verifying Global Shaders for PCD3D_SM5
[2021.05.27-05.54.20:648][  0]LogSlate: Using FreeType 2.6.0
[2021.05.27-05.54.20:649][  0]LogSlate: SlateFontServices - WITH_FREETYPE: 1, WITH_HARFBUZZ: 1
[2021.05.27-05.54.20:748][  0]LogAssetRegistry: FAssetRegistry took 0.0275 seconds to start up
[2021.05.27-05.54.21:161][  0]LogInit: Selected Device Profile: [Windows]
[2021.05.27-05.54.21:328][  0]LogSimplygon: Simplygon DLL not present - disabling.
[2021.05.27-05.54.21:331][  0]LogMeshReduction: Using SimplygonSwarm for distributed automatic mesh merging
[2021.05.27-05.54.21:331][  0]LogMeshReduction: Using ProxyLODMeshReduction for automatic mesh merging
[2021.05.27-05.54.21:331][  0]LogMeshReduction: Using QuadricMeshReduction for automatic static mesh reduction
[2021.05.27-05.54.21:331][  0]LogMeshReduction: No automatic skeletal mesh reduction module available
[2021.05.27-05.54.21:350][  0]LogNetVersion: BallRunner 1.0.0, NetCL: 4212847, EngineNetVer: 5, GameNetVer: 0 (Checksum: 346235534)
[2021.05.27-05.54.21:999][  0]LogPackageLocalizationCache: Processed 11 localized package path(s) for 2 prioritized culture(s) in 0.121016 seconds
[2021.05.27-05.54.22:008][  0]LogUObjectArray: 38425 objects as part of root set at end of initial load.
[2021.05.27-05.54.22:008][  0]LogUObjectAllocator: 6690872 out of 0 bytes used by permanent object pool.
[2021.05.27-05.54.22:008][  0]LogUObjectArray: CloseDisregardForGC: 0/0 objects in disregard for GC pool
[2021.05.27-05.54.23:310][  0]LogTcpMessaging: Initializing TcpMessaging bridge
[2021.05.27-05.54.23:324][  0]LogUdpMessaging: Initializing bridge on interface 0.0.0.0:0 to multicast group 230.0.0.1:6666.
[2021.05.27-05.54.23:489][  0]SourceControl: Source control is disabled
[2021.05.27-05.54.23:490][  0]SourceControl: Source control is disabled
[2021.05.27-05.54.23:491][  0]SourceControl: Source control is disabled
[2021.05.27-05.54.23:492][  0]SourceControl: Source control is disabled
[2021.05.27-05.54.23:658][  0]LogAndroidPermission: UAndroidPermissionCallbackProxy::GetInstance
[2021.05.27-05.54.24:674][  0]LogOcInput: OculusInput pre-init called
[2021.05.27-05.54.24:746][  0]LogEngine: Initializing Engine...
[2021.05.27-05.54.24:747][  0]LogHMD: Failed to initialize OpenVR with code 110
[2021.05.27-05.54.24:749][  0]LogStats: UGameplayTagsManager::ConstructGameplayTagTree: ImportINI prefixes -  0.000 s
[2021.05.27-05.54.24:749][  0]LogStats: UGameplayTagsManager::ConstructGameplayTagTree: Construct from data asset -  0.000 s
[2021.05.27-05.54.24:749][  0]LogStats: UGameplayTagsManager::ConstructGameplayTagTree: ImportINI -  0.000 s
[2021.05.27-05.54.24:749][  0]LogStats: UGameplayTagsManager::ConstructGameplayTagTree: GameplayTagTreeChangedEvent.Broadcast -  0.000 s
[2021.05.27-05.54.25:047][  0]LogInit: Initializing FReadOnlyCVARCache
[2021.05.27-05.54.25:060][  0]LogAIModule: Creating AISystem for world Untitled
[2021.05.27-05.54.25:096][  0]LogInit: XAudio2 using 'Głośniki (USB Audio Device)' : 2 channels at 48 kHz using 16 bits per sample (channel mask 0x3)
[2021.05.27-05.54.25:126][  0]LogInit: FAudioDevice initialized.
[2021.05.27-05.54.25:127][  0]LogNetVersion: Set ProjectVersion to 1.0.0.0. Version Checksum will be recalculated on next use.
[2021.05.27-05.54.25:219][  0]LogDerivedDataCache: Saved boot cache 0.09s 71MB C:/Users/Lotka/AppData/Local/UnrealEngine/4.20/DerivedDataCache/Boot.ddc.
[2021.05.27-05.54.25:226][  0]LogInit: Texture streaming: Enabled
[2021.05.27-05.54.25:242][  0]LogEngineSessionManager: EngineSessionManager initialized
[2021.05.27-05.54.25:254][  0]LogInit: Transaction tracking system initialized
[2021.05.27-05.54.25:273][  0]BlueprintLog: New page: Editor Load
[2021.05.27-05.54.25:343][  0]LocalizationService: Localization service is disabled
[2021.05.27-05.54.25:664][  0]LogCook: Display: Max memory allowance for cook 16384mb min free memory 0mb
[2021.05.27-05.54.25:664][  0]LogCook: Display: Mobile HDR setting 1
[2021.05.27-05.54.25:664][  0]LogGameplayTags: Display: UGameplayTagsManager::DoneAddingNativeTags. DelegateIsBound: 0
[2021.05.27-05.54.25:664][  0]LogStats: UGameplayTagsManager::ConstructGameplayTagTree: ImportINI prefixes -  0.000 s
[2021.05.27-05.54.25:664][  0]LogStats: UGameplayTagsManager::ConstructGameplayTagTree: Construct from data asset -  0.000 s
[2021.05.27-05.54.25:664][  0]LogStats: UGameplayTagsManager::ConstructGameplayTagTree: ImportINI -  0.000 s
[2021.05.27-05.54.25:664][  0]LogStats: UGameplayTagsManager::ConstructGameplayTagTree: GameplayTagTreeChangedEvent.Broadcast -  0.000 s
[2021.05.27-05.54.25:672][  0]LogFileCache: Scanning file cache for directory 'P:/Unreal/Projekty/BallRunner_W.Gawlik/BallRunner/Content/' took 0.02s
[2021.05.27-05.54.25:784][  0]SourceControl: Source control is disabled
[2021.05.27-05.54.25:785][  0]Cmd: MAP LOAD FILE="../../../../Projekty/BallRunner_W.Gawlik/BallRunner/Content/StarterContent/Maps/Minimal_Default.umap" TEMPLATE=0 SHOWPROGRESS=1 FEATURELEVEL=3
[2021.05.27-05.54.25:786][  0]LightingResults: New page: Lighting Build
[2021.05.27-05.54.25:789][  0]MapCheck: New page: Map Check
[2021.05.27-05.54.25:789][  0]LightingResults: New page: Lighting Build
[2021.05.27-05.54.26:416][  0]LogAIModule: Creating AISystem for world Minimal_Default
[2021.05.27-05.54.26:427][  0]LogEditorServer: Finished looking for orphan Actors (0.000 secs)
[2021.05.27-05.54.26:466][  0]Cmd: MAP CHECKDEP NOCLEARLOG
[2021.05.27-05.54.26:546][  0]MapCheck: Map check complete: 0 Error(s), 0 Warning(s), took 79,878ms to complete.
[2021.05.27-05.54.26:546][  0]LogFileHelpers: Loading map 'Minimal_Default' took 0.761
[2021.05.27-05.54.26:725][  0]LogSlate: Updating window title bar state: overlay mode, drag disabled, window buttons hidden, title bar hidden
[2021.05.27-05.54.26:737][  0]LogSlate: Updating window title bar state: overlay mode, drag disabled, window buttons hidden, title bar hidden
[2021.05.27-05.54.26:747][  0]LogSlate: Updating window title bar state: overlay mode, drag disabled, window buttons hidden, title bar hidden
[2021.05.27-05.54.26:758][  0]LogSlate: Updating window title bar state: overlay mode, drag disabled, window buttons hidden, title bar hidden
[2021.05.27-05.54.26:771][  0]LogCollectionManager: Loaded 0 collections in 0.001306 seconds
[2021.05.27-05.54.26:831][  0]LogFileCache: Scanning file cache for directory 'P:/Unreal/Projekty/BallRunner_W.Gawlik/BallRunner/Saved/Collections/' took 0.01s
[2021.05.27-05.54.26:831][  0]LogFileCache: Scanning file cache for directory 'P:/Unreal/Projekty/BallRunner_W.Gawlik/BallRunner/Content/Developers/Lotka/Collections/' took 0.01s
[2021.05.27-05.54.26:831][  0]LogFileCache: Scanning file cache for directory 'P:/Unreal/Projekty/BallRunner_W.Gawlik/BallRunner/Content/Collections/' took 0.01s
[2021.05.27-05.54.26:831][  0]LogCollectionManager: Rebuilt the GUID cache for 0 collections in 0.000001 seconds
[2021.05.27-05.54.26:847][  0]LogContentBrowser: Native class hierarchy populated in 0.0138 seconds. Added 2572 classes and 603 folders.
[2021.05.27-05.54.26:860][  0]LogContentBrowser: Native class hierarchy updated for 'WidgetCarousel' in 0.0003 seconds. Added 0 classes and 0 folders.
[2021.05.27-05.54.27:012][  0]LogContentBrowser: Native class hierarchy updated for 'AddContentDialog' in 0.0003 seconds. Added 0 classes and 0 folders.
[2021.05.27-05.54.27:024][  0]LogContentBrowser: Native class hierarchy updated for 'SceneOutliner' in 0.0003 seconds. Added 1 classes and 2 folders.
[2021.05.27-05.54.28:602][  0]LogSlate: Only BGRA pngs, bmps or icos are supported in by External Image Picker
[2021.05.27-05.54.28:646][  0]LogSlate: Took 0.000314 seconds to synchronously load lazily loaded font '../../../Engine/Content/Slate/Fonts/Roboto-Regular.ttf' (155K)
[2021.05.27-05.54.28:650][  0]LogSlate: Took 0.000543 seconds to synchronously load lazily loaded font '../../../Engine/Content/Slate/Fonts/Roboto-Bold.ttf' (160K)
[2021.05.27-05.54.28:663][  0]LogSlate: Took 0.001427 seconds to synchronously load lazily loaded font '../../../Engine/Content/Editor/Slate/Fonts/FontAwesome.ttf' (139K)
[2021.05.27-05.54.28:796][  0]LogTemp: Executing iPhonePackager certificates Engine -bundlename com.YourCompany.BallRunner
[2021.05.27-05.54.28:796][  0]LogTemp: CWD: P:\Unreal\UE_4.20\Engine\Binaries\DotNET\IOS
[2021.05.27-05.54.28:796][  0]LogTemp: Initial Dir: P:\Unreal\UE_4.20
[2021.05.27-05.54.28:796][  0]LogTemp: Env CWD: P:\Unreal\UE_4.20\Engine\Binaries\DotNET\IOS
[2021.05.27-05.54.28:796][  0]LogTemp: BranchPath = LAPTOP-G3O3VCMT/P/Unreal/UE_4.20/Engine/Binaries --- GameBranchPath = LAPTOP-G3O3VCMT/P/Unreal/UE_4.20/Engine/Binaries
[2021.05.27-05.54.28:796][  0]LogTemp: IPP ERROR: Could not find provision directory 'C:\Users\Lotka\AppData\Local/Apple Computer/MobileDevice/Provisioning Profiles/'.
[2021.05.27-05.54.28:796][  0]LogRenderer: Reallocating scene render targets to support 968x392 Format 10 NumSamples 1 (Frame:1).
[2021.05.27-05.54.28:990][  0]LogContentBrowser: Native class hierarchy updated for 'HierarchicalLODOutliner' in 0.0003 seconds. Added 0 classes and 0 folders.
[2021.05.27-05.54.28:991][  0]LogLoad: (Engine Initialization) Total time: 13.57 seconds
[2021.05.27-05.54.28:991][  0]LogLoad: (Engine Initialization) Total Blueprint compile time: 0.00 seconds
[2021.05.27-05.54.29:060][  0]LogContentStreaming: Texture pool size now 1000 MB
[2021.05.27-05.54.29:126][  1]LogAssetRegistry: Asset discovery search completed in 8.4005 seconds
[2021.05.27-05.54.29:128][  1]LogCollectionManager: Rebuilt the object cache for 0 collections in 0.000000 seconds (found 0 objects)
[2021.05.27-05.54.29:128][  1]LogCollectionManager: Fixed up redirectors for 0 collections in 0.000067 seconds (updated 0 objects)
[2021.05.27-05.54.30:452][  5]LogSlate: Took 0.002944 seconds to synchronously load lazily loaded font '../../../Engine/Content/Slate/Fonts/Roboto-Light.ttf' (167K)
[2021.05.27-05.54.31:115][  7]LogSlate: FSceneViewport::OnFocusLost() reason 0
[2021.05.27-05.54.31:127][  7]LogSlate: Took 0.000274 seconds to synchronously load lazily loaded font '../../../Engine/Content/Slate/Fonts/Roboto-Light.ttf' (167K)
[2021.05.27-05.54.36:001][ 49]LogAIModule: Creating AISystem for world MainLevel
[2021.05.27-05.54.36:092][ 49]LogAssetEditorManager: Opening Asset editor for World /Game/StarterContent/Maps/Levels/MainLevel.MainLevel
[2021.05.27-05.54.36:137][ 49]Cmd: MAP LOAD FILE="../../../../Projekty/BallRunner_W.Gawlik/BallRunner/Content/StarterContent/Maps/Levels/MainLevel.umap" TEMPLATE=0 SHOWPROGRESS=1 FEATURELEVEL=3
[2021.05.27-05.54.36:137][ 49]LightingResults: New page: Lighting Build
[2021.05.27-05.54.36:138][ 49]LoadErrors: New page: Loading map: MainLevel.umap
[2021.05.27-05.54.36:139][ 49]MapCheck: New page: Map Check
[2021.05.27-05.54.36:139][ 49]LightingResults: New page: Lighting Build
[2021.05.27-05.54.36:334][ 49]LogEditorServer: Finished looking for orphan Actors (0.000 secs)
[2021.05.27-05.54.36:406][ 49]Cmd: MAP CHECKDEP NOCLEARLOG
[2021.05.27-05.54.36:512][ 49]MapCheck: Map check complete: 0 Error(s), 0 Warning(s), took 105,635ms to complete.
[2021.05.27-05.54.36:512][ 49]LogFileHelpers: Loading map 'MainLevel' took 0.376
[2021.05.27-05.54.51:339][494]LogRenderer: Reallocating scene render targets to support 968x396 Format 10 NumSamples 1 (Frame:440).
[2021.05.27-05.54.51:390][495]LogRenderer: Reallocating scene render targets to support 968x408 Format 10 NumSamples 1 (Frame:442).
[2021.05.27-05.54.51:443][496]LogRenderer: Reallocating scene render targets to support 968x436 Format 10 NumSamples 1 (Frame:444).
[2021.05.27-05.54.51:493][497]LogRenderer: Reallocating scene render targets to support 968x456 Format 10 NumSamples 1 (Frame:446).
[2021.05.27-05.54.51:537][498]LogRenderer: Reallocating scene render targets to support 968x476 Format 10 NumSamples 1 (Frame:448).
[2021.05.27-05.54.51:580][499]LogRenderer: Reallocating scene render targets to support 968x484 Format 10 NumSamples 1 (Frame:450).
[2021.05.27-05.54.51:626][500]LogRenderer: Reallocating scene render targets to support 968x492 Format 10 NumSamples 1 (Frame:452).
[2021.05.27-05.54.51:671][501]LogRenderer: Reallocating scene render targets to support 968x496 Format 10 NumSamples 1 (Frame:454).
[2021.05.27-05.54.51:715][502]LogRenderer: Reallocating scene render targets to support 968x508 Format 10 NumSamples 1 (Frame:456).
[2021.05.27-05.54.51:764][503]LogRenderer: Reallocating scene render targets to support 968x512 Format 10 NumSamples 1 (Frame:458).
[2021.05.27-05.54.53:561][559]LogRenderer: Reallocating scene render targets to support 976x512 Format 10 NumSamples 1 (Frame:505).
[2021.05.27-05.54.53:614][560]LogRenderer: Reallocating scene render targets to support 980x512 Format 10 NumSamples 1 (Frame:507).
[2021.05.27-05.54.53:674][561]LogRenderer: Reallocating scene render targets to support 988x512 Format 10 NumSamples 1 (Frame:509).
[2021.05.27-05.54.53:723][562]LogRenderer: Reallocating scene render targets to support 1004x512 Format 10 NumSamples 1 (Frame:511).
[2021.05.27-05.54.53:770][563]LogRenderer: Reallocating scene render targets to support 1028x512 Format 10 NumSamples 1 (Frame:513).
[2021.05.27-05.54.53:818][564]LogRenderer: Reallocating scene render targets to support 1044x512 Format 10 NumSamples 1 (Frame:515).
[2021.05.27-05.54.53:865][565]LogRenderer: Reallocating scene render targets to support 1052x512 Format 10 NumSamples 1 (Frame:517).
[2021.05.27-05.56.28:293][900]LogSlate: FSceneViewport::OnFocusLost() reason 0
[2021.05.27-05.56.29:721][933]LogAssetEditorManager: Opening Asset editor for Blueprint /Game/StarterContent/Blueprints/Cannon/BP_Canon.BP_Canon
[2021.05.27-05.56.30:673][933]LogContentBrowser: Native class hierarchy updated for 'BlueprintGraph' in 0.0008 seconds. Added 116 classes and 0 folders.
[2021.05.27-05.56.31:734][933]LogSlate: Took 0.001494 seconds to synchronously load lazily loaded font '../../../Engine/Content/Slate/Fonts/Roboto-BoldCondensed.ttf' (158K)
[2021.05.27-05.56.31:840][934]LogSlate: Took 0.002024 seconds to synchronously load lazily loaded font '../../../Engine/Content/Slate/Fonts/Roboto-Italic.ttf' (157K)
