Log file open, 05/02/21 20:43:35
LogWindows: Failed to load 'aqProf.dll' (GetLastError=126)
LogWindows: File 'aqProf.dll' does not exist
LogWindows: Failed to load 'VSPerf140.dll' (GetLastError=126)
LogWindows: File 'VSPerf140.dll' does not exist
LogWindows: Failed to load 'VtuneApi.dll' (GetLastError=126)
LogWindows: File 'VtuneApi.dll' does not exist
LogWindows: Failed to load 'VtuneApi32e.dll' (GetLastError=126)
LogWindows: File 'VtuneApi32e.dll' does not exist
LogInit: Display: Running engine for game: BallRunner
LogPlatformFile: Not using cached read wrapper
LogTaskGraph: Started task graph with 5 named threads and 35 total threads with 3 sets of task threads.
LogStats: Stats thread started at 0.593940
LogD3D11RHI: Loaded GFSDK_Aftermath_Lib.x64.dll
LogICUInternationalization: Display: ICU TimeZone Detection - Raw Offset: +1:00, Platform Override: ''
LogPluginManager: Mounting plugin Paper2D
LogPluginManager: Mounting plugin AISupport
LogPluginManager: Mounting plugin LightPropagationVolume
LogPluginManager: Mounting plugin CLionSourceCodeAccess
LogPluginManager: Mounting plugin CodeLiteSourceCodeAccess
LogPluginManager: Mounting plugin GitSourceControl
LogPluginManager: Mounting plugin KDevelopSourceCodeAccess
LogPluginManager: Mounting plugin NullSourceCodeAccess
LogPluginManager: Mounting plugin PerforceSourceControl
LogPluginManager: Mounting plugin SubversionSourceControl
LogPluginManager: Mounting plugin UObjectPlugin
LogPluginManager: Mounting plugin VisualStudioCodeSourceCodeAccess
LogPluginManager: Mounting plugin VisualStudioSourceCodeAccess
LogPluginManager: Mounting plugin XCodeSourceCodeAccess
LogPluginManager: Mounting plugin AssetManagerEditor
LogPluginManager: Mounting plugin CryptoKeys
LogPluginManager: Mounting plugin DataValidation
LogPluginManager: Mounting plugin FacialAnimation
LogPluginManager: Mounting plugin GameplayTagsEditor
LogPluginManager: Mounting plugin MacGraphicsSwitching
LogPluginManager: Mounting plugin MeshEditor
LogPluginManager: Mounting plugin MobileLauncherProfileWizard
LogPluginManager: Mounting plugin PluginBrowser
LogPluginManager: Mounting plugin SpeedTreeImporter
LogPluginManager: Mounting plugin DatasmithContent
LogPluginManager: Mounting plugin AlembicImporter
LogPluginManager: Mounting plugin AppleImageUtils
LogPluginManager: Mounting plugin AppleVision
LogPluginManager: Mounting plugin BackChannel
LogPluginManager: Mounting plugin CharacterAI
LogPluginManager: Mounting plugin GeometryCache
LogPluginManager: Mounting plugin HTML5Networking
LogPluginManager: Mounting plugin ProxyLODPlugin
LogPluginManager: Mounting plugin MagicLeap
LogPluginManager: Mounting plugin MagicLeapEmulator
LogPluginManager: Mounting plugin MagicLeapMedia
LogPluginManager: Mounting plugin AndroidMedia
LogPluginManager: Mounting plugin AvfMedia
LogPluginManager: Mounting plugin ImgMedia
LogPluginManager: Mounting plugin LinearTimecode
LogPluginManager: Mounting plugin MediaCompositing
LogPluginManager: Mounting plugin MediaPlayerEditor
LogPluginManager: Mounting plugin WmfMedia
LogPluginManager: Mounting plugin TcpMessaging
LogPluginManager: Mounting plugin UdpMessaging
LogPluginManager: Mounting plugin ActorSequence
LogPluginManager: Mounting plugin LevelSequenceEditor
LogPluginManager: Mounting plugin MatineeToLevelSequence
LogPluginManager: Mounting plugin NetcodeUnitTest
LogPluginManager: Mounting plugin NUTUnrealEngine4
LogPluginManager: Mounting plugin OnlineSubsystemGooglePlay
LogPluginManager: Mounting plugin OnlineSubsystemIOS
LogPluginManager: Mounting plugin OnlineSubsystem
LogPluginManager: Mounting plugin OnlineSubsystemNull
LogPluginManager: Mounting plugin OnlineSubsystemUtils
LogPluginManager: Mounting plugin LauncherChunkInstaller
LogPluginManager: Mounting plugin AndroidDeviceProfileSelector
LogPluginManager: Mounting plugin AndroidMoviePlayer
LogPluginManager: Mounting plugin AndroidPermission
LogPluginManager: Mounting plugin AppleMoviePlayer
LogPluginManager: Mounting plugin ArchVisCharacter
LogPluginManager: Mounting plugin AudioCapture
LogPluginManager: Mounting plugin CableComponent
LogPluginManager: Mounting plugin CustomMeshComponent
LogPluginManager: Mounting plugin EditableMesh
LogPluginManager: Mounting plugin ExampleDeviceProfileSelector
LogPluginManager: Mounting plugin GoogleCloudMessaging
LogPluginManager: Mounting plugin ImmediatePhysics
LogPluginManager: Mounting plugin IOSDeviceProfileSelector
LogPluginManager: Mounting plugin LinuxDeviceProfileSelector
LogPluginManager: Mounting plugin LocationServicesBPLibrary
LogPluginManager: Mounting plugin MobilePatchingUtils
LogPluginManager: Mounting plugin OculusVR
LogPluginManager: Plugin shader directory ../../../Engine/Plugins/Runtime/Oculus/OculusVR/Shaders found
LogPluginManager: Mapping shader source directory ../../../Engine/Plugins/Runtime/Oculus/OculusVR/Shaders to virtual directory /Plugin/OculusVR
LogPluginManager: Mounting plugin PhysXVehicles
LogPluginManager: Mounting plugin ProceduralMeshComponent
LogPluginManager: Mounting plugin RuntimePhysXCooking
LogPluginManager: Mounting plugin SteamVR
LogPluginManager: Mounting plugin WindowsMoviePlayer
LogStreaming: Display: Took  0.119s to configure plugins.
LogInit: Using libcurl 7.55.1-DEV
LogInit:  - built for x86_64-pc-win32
LogInit:  - supports SSL with OpenSSL/1.0.2h
LogInit:  - supports HTTP deflate (compression) using libz 1.2.8
LogInit:  - other features:
LogInit:      CURL_VERSION_SSL
LogInit:      CURL_VERSION_LIBZ
LogInit:      CURL_VERSION_IPV6
LogInit:      CURL_VERSION_ASYNCHDNS
LogInit:      CURL_VERSION_LARGEFILE
LogInit:      CURL_VERSION_IDN
LogInit:  CurlRequestOptions (configurable via config and command line):
LogInit:  - bVerifyPeer = false  - Libcurl will NOT verify peer certificate
LogInit:  - bUseHttpProxy = false  - Libcurl will NOT use HTTP proxy
LogInit:  - bDontReuseConnections = false  - Libcurl will reuse connections
LogInit:  - CertBundlePath = nullptr  - Libcurl will use whatever was configured at build time.
LogInit:  - MaxHostConnections = 16  - Libcurl will limit the number of connections to a host
LogInit:  - LocalHostAddr = Default
LogInit:  - BufferSize = 65536
LogInit: WinSock: version 1.1 (2.2), MaxSocks=32767, MaxUdp=65467
LogInit: Build: ++UE4+Release-4.20-CL-4369336
LogInit: Engine Version: 4.20.3-4369336+++UE4+Release-4.20
LogInit: Compatible Engine Version: 4.20.0-4212847+++UE4+Release-4.20
LogInit: Net CL: 4212847
LogInit: OS: Windows 10 (), CPU: Intel(R) Core(TM) i7-9750H CPU @ 2.60GHz, GPU: Intel(R) UHD Graphics 630
LogInit: Compiled (64-bit): Sep 17 2018 12:26:19
LogInit: Compiled with Visual C++: 19.13.26129.00
LogInit: Build Configuration: Development
LogInit: Branch Name: ++UE4+Release-4.20
LogInit: Command Line: -EpicPortal  -epicusername="LottieChar" -epicuserid=323b72e8b67847799dafc345eb1072de -epiclocale=pl
LogInit: Base Directory: P:/Unreal/UE_4.20/Engine/Binaries/Win64/
LogInit: Installed Engine Build: 1
LogDevObjectVersion: Number of dev versions registered: 20
LogDevObjectVersion:   Dev-Blueprints (B0D832E4-1F89-4F0D-ACCF-7EB736FD4AA2): 10
LogDevObjectVersion:   Dev-Build (E1C64328-A22C-4D53-A36C-8E866417BD8C): 0
LogDevObjectVersion:   Dev-Core (375EC13C-06E4-48FB-B500-84F0262A717E): 2
LogDevObjectVersion:   Dev-Editor (E4B068ED-F494-42E9-A231-DA0B2E46BB41): 24
LogDevObjectVersion:   Dev-Framework (CFFC743F-43B0-4480-9391-14DF171D2073): 34
LogDevObjectVersion:   Dev-Mobile (B02B49B5-BB20-44E9-A304-32B752E40360): 2
LogDevObjectVersion:   Dev-Networking (A4E4105C-59A1-49B5-A7C5-40C4547EDFEE): 0
LogDevObjectVersion:   Dev-Online (39C831C9-5AE6-47DC-9A44-9C173E1C8E7C): 0
LogDevObjectVersion:   Dev-Physics (78F01B33-EBEA-4F98-B9B4-84EACCB95AA2): 0
LogDevObjectVersion:   Dev-Platform (6631380F-2D4D-43E0-8009-CF276956A95A): 0
LogDevObjectVersion:   Dev-Rendering (12F88B9F-8875-4AFC-A67C-D90C383ABD29): 26
LogDevObjectVersion:   Dev-Sequencer (7B5AE74C-D270-4C10-A958-57980B212A5A): 9
LogDevObjectVersion:   Dev-VR (D7296918-1DD6-4BDD-9DE2-64A83CC13884): 2
LogDevObjectVersion:   Dev-LoadTimes (C2A15278-BFE7-4AFE-6C17-90FF531DF755): 1
LogDevObjectVersion:   Private-Geometry (6EACA3D4-40EC-4CC1-B786-8BED09428FC5): 3
LogDevObjectVersion:   Dev-AnimPhys (29E575DD-E0A3-4627-9D10-D276232CDCEA): 17
LogDevObjectVersion:   Dev-ReflectionCapture (6B266CEC-1EC7-4B8F-A30B-E4D90942FC07): 1
LogDevObjectVersion:   Dev-Automation (0DF73D61-A23F-47EA-B727-89E90C41499A): 1
LogDevObjectVersion:   FortniteMain (601D1886-AC64-4F84-AA16-D3DE0DEAC7D6): 12
LogDevObjectVersion:   Dev-Enterprise (9DFFBCD6-494F-0158-E221-12823C92A888): 1
LogStreaming: Display: Took  0.000s to delete old logs.
LogInit: Presizing for max 8388607 objects, including 0 objects not considered by GC, pre-allocating 0 bytes for permanent pool.
LogInit: Object subsystem initialized
[2021.05.02-18.43.36:258][  0]LogInit: Selected Device Profile: [Windows]
[2021.05.02-18.43.36:258][  0]LogInit: Applying CVar settings loaded from the selected device profile: [Windows]
[2021.05.02-18.43.36:269][  0]LogHAL: Display: Platform has ~ 16 GB [17023324160 / 17179869184 / 16], which maps to Larger [LargestMinGB=32, LargerMinGB=12, DefaultMinGB=8, SmallerMinGB=6, SmallestMinGB=0)
[2021.05.02-18.43.36:269][  0]LogInit: Setting Device Profile CVar: [[r.Vulkan.UseRealUBs:1]]
[2021.05.02-18.43.36:269][  0]LogInit: Going up to parent DeviceProfile []
[2021.05.02-18.43.36:269][  0]LogInit: Computer: LAPTOP-G3O3VCMT
[2021.05.02-18.43.36:269][  0]LogInit: User: Lotka
[2021.05.02-18.43.36:269][  0]LogInit: CPU Page size=4096, Cores=6
[2021.05.02-18.43.36:269][  0]LogInit: High frequency timer resolution =10.000000 MHz
[2021.05.02-18.43.36:270][  0]LogMemory: Memory total: Physical=15.9GB (16GB approx)
[2021.05.02-18.43.36:270][  0]LogMemory: Platform Memory Stats for Windows
[2021.05.02-18.43.36:270][  0]LogMemory: Process Physical Memory: 103.01 MB used, 103.02 MB peak
[2021.05.02-18.43.36:270][  0]LogMemory: Process Virtual Memory: 86.01 MB used, 86.01 MB peak
[2021.05.02-18.43.36:270][  0]LogMemory: Physical Memory: 8856.49 MB used,  7378.21 MB free, 16234.71 MB total
[2021.05.02-18.43.36:270][  0]LogMemory: Virtual Memory: 4641.50 MB used,  7378.21 MB free, 134217728.00 MB total
[2021.05.02-18.43.36:353][  0]LogInit: Using OS detected language (pl-PL).
[2021.05.02-18.43.36:353][  0]LogInit: Using OS detected locale (pl-PL).
[2021.05.02-18.43.36:354][  0]LogTextLocalizationManager: No specific localization for 'pl-PL' exists, so the 'pl' localization will be used.
[2021.05.02-18.43.36:357][  0]LogStreaming: Display: Took  0.003s to InitEngineTextLocalization.
[2021.05.02-18.43.36:357][  0]LogInit: Setting process to per monitor DPI aware
[2021.05.02-18.43.36:397][  0]LogSlate: New Slate User Created.  User Index 0, Is Virtual User: 0
[2021.05.02-18.43.36:397][  0]LogSlate: Slate User Registered.  User Index 0, Is Virtual User: 0
[2021.05.02-18.43.36:783][  0]LogHMD: Failed to initialize OpenVR with code 110
[2021.05.02-18.43.36:783][  0]LogD3D11RHI: D3D11 adapters:
[2021.05.02-18.43.36:930][  0]LogD3D11RHI:    0. 'NVIDIA GeForce RTX 2070' (Feature Level 11_0)
[2021.05.02-18.43.36:930][  0]LogD3D11RHI:       8031/0/8117 MB DedicatedVideo/DedicatedSystem/SharedSystem, Outputs:1, VendorId:0x10de
[2021.05.02-18.43.36:952][  0]LogD3D11RHI:    1. 'Intel(R) UHD Graphics 630' (Feature Level 11_0)
[2021.05.02-18.43.36:952][  0]LogD3D11RHI:       128/0/8117 MB DedicatedVideo/DedicatedSystem/SharedSystem, Outputs:0, VendorId:0x8086
[2021.05.02-18.43.36:955][  0]LogD3D11RHI:    2. 'Microsoft Basic Render Driver' (Feature Level 11_0)
[2021.05.02-18.43.36:955][  0]LogD3D11RHI:       0/0/8117 MB DedicatedVideo/DedicatedSystem/SharedSystem, Outputs:0, VendorId:0x1414
[2021.05.02-18.43.36:955][  0]LogD3D11RHI: Chosen D3D11 Adapter: 0
[2021.05.02-18.43.36:993][  0]LogD3D11RHI: Creating new Direct3DDevice
[2021.05.02-18.43.36:993][  0]LogD3D11RHI:     GPU DeviceId: 0x1f10 (for the marketing name, search the web for "GPU Device Id")
[2021.05.02-18.43.36:993][  0]LogWindows: EnumDisplayDevices:
[2021.05.02-18.43.36:993][  0]LogWindows:    0. 'Intel(R) UHD Graphics 630' (P:1 D:1)
[2021.05.02-18.43.36:994][  0]LogWindows:    1. 'Intel(R) UHD Graphics 630' (P:0 D:0)
[2021.05.02-18.43.36:994][  0]LogWindows:    2. 'Intel(R) UHD Graphics 630' (P:0 D:0)
[2021.05.02-18.43.36:995][  0]LogWindows:    3. 'NVIDIA GeForce RTX 2070' (P:0 D:0)
[2021.05.02-18.43.36:995][  0]LogWindows:    4. 'NVIDIA GeForce RTX 2070' (P:0 D:0)
[2021.05.02-18.43.36:996][  0]LogWindows:    5. 'NVIDIA GeForce RTX 2070' (P:0 D:0)
[2021.05.02-18.43.36:998][  0]LogWindows:    6. 'NVIDIA GeForce RTX 2070' (P:0 D:0)
[2021.05.02-18.43.36:999][  0]LogWindows: DebugString: PrimaryIsNotTheChoosenAdapter PrimaryIsNotTheChoosenAdapter PrimaryIsNotTheChoosenAdapter FoundDriverCount:4 
[2021.05.02-18.43.36:999][  0]LogD3D11RHI:     Adapter Name: NVIDIA GeForce RTX 2070
[2021.05.02-18.43.36:999][  0]LogD3D11RHI:   Driver Version: 441.12 (internal:26.21.14.4112, unified:441.12)
[2021.05.02-18.43.36:999][  0]LogD3D11RHI:      Driver Date: 10-24-2019
[2021.05.02-18.43.36:999][  0]LogRHI: Texture pool is 5621 MB (70% of 8031 MB)
[2021.05.02-18.43.37:108][  0]LogD3D11RHI: Async texture creation enabled
[2021.05.02-18.43.37:134][  0]LogD3D11RHI: GPU Timing Frequency: 1000.000000 (Debug: 2 2)
[2021.05.02-18.43.37:136][  0]LogShaderCompilers: Guid format shader working directory is -6 characters bigger than the processId version (../../../../Projekty/BallRunner_W.Gawlik/BallRunner/Intermediate/Shaders/WorkingDirectory/18148/).
[2021.05.02-18.43.37:136][  0]LogShaderCompilers: Cleaned the shader compiler working directory 'C:/Users/Lotka/AppData/Local/Temp/UnrealShaderWorkingDir/B1B766F24CB811BCDD2B35AA365B690B/'.
[2021.05.02-18.43.37:570][  0]LogTemp: Display: Loaded TP AllDesktopTargetPlatform
[2021.05.02-18.43.37:588][  0]LogTemp: Display: Loaded TP MacClientTargetPlatform
[2021.05.02-18.43.37:608][  0]LogTemp: Display: Loaded TP MacNoEditorTargetPlatform
[2021.05.02-18.43.37:626][  0]LogTemp: Display: Loaded TP MacServerTargetPlatform
[2021.05.02-18.43.37:645][  0]LogTemp: Display: Loaded TP MacTargetPlatform
[2021.05.02-18.43.37:664][  0]LogTemp: Display: Loaded TP WindowsClientTargetPlatform
[2021.05.02-18.43.37:689][  0]LogTemp: Display: Loaded TP WindowsNoEditorTargetPlatform
[2021.05.02-18.43.37:722][  0]LogTemp: Display: Loaded TP WindowsServerTargetPlatform
[2021.05.02-18.43.37:735][  0]LogTemp: Display: Loaded TP WindowsTargetPlatform
[2021.05.02-18.43.37:862][  0]LogTemp: Display: Loaded TP AndroidTargetPlatform
[2021.05.02-18.43.37:862][  0]LogTemp: Display: Loaded TP AndroidTargetPlatform
[2021.05.02-18.43.37:862][  0]LogTemp: Display: Loaded TP AndroidTargetPlatform
[2021.05.02-18.43.37:862][  0]LogTemp: Display: Loaded TP AndroidTargetPlatform
[2021.05.02-18.43.37:862][  0]LogTemp: Display: Loaded TP AndroidTargetPlatform
[2021.05.02-18.43.37:862][  0]LogTemp: Display: Loaded TP AndroidTargetPlatform
[2021.05.02-18.43.37:862][  0]LogTemp: Display: Loaded TP AndroidTargetPlatform
[2021.05.02-18.43.37:862][  0]LogTemp: Display: Loaded TP AndroidTargetPlatform
[2021.05.02-18.43.37:862][  0]LogTemp: Display: Loaded TP AndroidTargetPlatform
[2021.05.02-18.43.37:862][  0]LogTemp: Display: Loaded TP AndroidTargetPlatform
[2021.05.02-18.43.37:862][  0]LogTemp: Display: Loaded TP AndroidTargetPlatform
[2021.05.02-18.43.37:862][  0]LogTemp: Display: Loaded TP AndroidTargetPlatform
[2021.05.02-18.43.37:862][  0]LogTemp: Display: Loaded TP AndroidTargetPlatform
[2021.05.02-18.43.37:862][  0]LogTemp: Display: Loaded TP AndroidTargetPlatform
[2021.05.02-18.43.37:862][  0]LogTemp: Display: Loaded TP AndroidTargetPlatform
[2021.05.02-18.43.37:862][  0]LogTemp: Display: Loaded TP AndroidTargetPlatform
[2021.05.02-18.43.37:863][  0]LogTemp: Display: Loaded TP AndroidTargetPlatform
[2021.05.02-18.43.37:863][  0]LogTemp: Display: Loaded TP AndroidTargetPlatform
[2021.05.02-18.43.37:865][  0]LogTemp: Display: Loaded TP HTML5TargetPlatform
[2021.05.02-18.43.37:947][  0]LogTemp: Display: Loaded TP IOSTargetPlatform
[2021.05.02-18.43.37:947][  0]LogTemp: Display: Loaded TP IOSTargetPlatform
[2021.05.02-18.43.37:986][  0]LogTemp: Display: Loaded TP TVOSTargetPlatform
[2021.05.02-18.43.37:986][  0]LogTemp: Display: Loaded TP TVOSTargetPlatform
[2021.05.02-18.43.38:003][  0]LogTemp: Display: Loaded TP LinuxClientTargetPlatform
[2021.05.02-18.43.38:020][  0]LogTemp: Display: Loaded TP LinuxNoEditorTargetPlatform
[2021.05.02-18.43.38:037][  0]LogTemp: Display: Loaded TP LinuxServerTargetPlatform
[2021.05.02-18.43.38:055][  0]LogTemp: Display: Loaded TP LinuxTargetPlatform
[2021.05.02-18.43.38:068][  0]LogTemp: Display: Loaded TP LuminTargetPlatform
[2021.05.02-18.43.38:068][  0]LogTargetPlatformManager: Display: Building Assets For Windows
[2021.05.02-18.43.38:138][  0]LogXGEController: Cannot use XGE Controller as Incredibuild is not installed on this machine.
[2021.05.02-18.43.38:139][  0]LogShaderCompilers: Cannot use XGE Shader Compiler as Incredibuild is not installed on this machine.
[2021.05.02-18.43.38:139][  0]LogShaderCompilers: Display: Using Local Shader Compiler.
[2021.05.02-18.43.39:393][  0]LogDerivedDataCache: Display: Max Cache Size: 512 MB
[2021.05.02-18.43.39:487][  0]LogDerivedDataCache: Loaded boot cache 0.09s 71MB C:/Users/Lotka/AppData/Local/UnrealEngine/4.20/DerivedDataCache/Boot.ddc.
[2021.05.02-18.43.39:488][  0]LogDerivedDataCache: Display: Loaded Boot cache: C:/Users/Lotka/AppData/Local/UnrealEngine/4.20/DerivedDataCache/Boot.ddc
[2021.05.02-18.43.39:488][  0]LogDerivedDataCache: FDerivedDataBackendGraph:  Pak pak cache file ../../../../Projekty/BallRunner_W.Gawlik/BallRunner/DerivedDataCache/DDC.ddp not found, will not use a pak cache.
[2021.05.02-18.43.39:488][  0]LogDerivedDataCache: Unable to find inner node Pak for hierarchical cache Hierarchy.
[2021.05.02-18.43.39:488][  0]LogDerivedDataCache: FDerivedDataBackendGraph:  CompressedPak pak cache file ../../../../Projekty/BallRunner_W.Gawlik/BallRunner/DerivedDataCache/Compressed.ddp not found, will not use a pak cache.
[2021.05.02-18.43.39:488][  0]LogDerivedDataCache: Unable to find inner node CompressedPak for hierarchical cache Hierarchy.
[2021.05.02-18.43.39:518][  0]LogDerivedDataCache: Display: Pak cache opened for reading ../../../Engine/DerivedDataCache/Compressed.ddp.
[2021.05.02-18.43.39:531][  0]LogDerivedDataCache: Using Local data cache path C:/Users/Lotka/AppData/Local/UnrealEngine/Common/DerivedDataCache: Writable
[2021.05.02-18.43.39:531][  0]LogDerivedDataCache: Shared data cache path not found in *engine.ini, will not use an Shared cache.
[2021.05.02-18.43.39:531][  0]LogDerivedDataCache: Unable to find inner node Shared for hierarchical cache Hierarchy.
[2021.05.02-18.43.39:556][  0]LogMaterial: Verifying Global Shaders for PCD3D_SM5
[2021.05.02-18.43.39:562][  0]LogSlate: Using FreeType 2.6.0
[2021.05.02-18.43.39:563][  0]LogSlate: SlateFontServices - WITH_FREETYPE: 1, WITH_HARFBUZZ: 1
[2021.05.02-18.43.39:675][  0]LogAssetRegistry: FAssetRegistry took 0.0275 seconds to start up
[2021.05.02-18.43.40:175][  0]LogInit: Selected Device Profile: [Windows]
[2021.05.02-18.43.40:241][  0]LogSimplygon: Simplygon DLL not present - disabling.
[2021.05.02-18.43.40:245][  0]LogMeshReduction: Using SimplygonSwarm for distributed automatic mesh merging
[2021.05.02-18.43.40:245][  0]LogMeshReduction: Using ProxyLODMeshReduction for automatic mesh merging
[2021.05.02-18.43.40:245][  0]LogMeshReduction: Using QuadricMeshReduction for automatic static mesh reduction
[2021.05.02-18.43.40:245][  0]LogMeshReduction: No automatic skeletal mesh reduction module available
[2021.05.02-18.43.40:400][  0]LogNetVersion: BallRunner 1.0.0, NetCL: 4212847, EngineNetVer: 5, GameNetVer: 0 (Checksum: 346235534)
[2021.05.02-18.43.41:059][  0]LogPackageLocalizationCache: Processed 11 localized package path(s) for 2 prioritized culture(s) in 0.090885 seconds
[2021.05.02-18.43.41:072][  0]LogUObjectArray: 38425 objects as part of root set at end of initial load.
[2021.05.02-18.43.41:072][  0]LogUObjectAllocator: 6690872 out of 0 bytes used by permanent object pool.
[2021.05.02-18.43.41:072][  0]LogUObjectArray: CloseDisregardForGC: 0/0 objects in disregard for GC pool
[2021.05.02-18.43.42:424][  0]LogTcpMessaging: Initializing TcpMessaging bridge
[2021.05.02-18.43.42:438][  0]LogUdpMessaging: Initializing bridge on interface 0.0.0.0:0 to multicast group 230.0.0.1:6666.
[2021.05.02-18.43.42:620][  0]SourceControl: Source control is disabled
[2021.05.02-18.43.42:620][  0]SourceControl: Source control is disabled
[2021.05.02-18.43.42:621][  0]SourceControl: Source control is disabled
[2021.05.02-18.43.42:622][  0]SourceControl: Source control is disabled
[2021.05.02-18.43.42:803][  0]LogAndroidPermission: UAndroidPermissionCallbackProxy::GetInstance
[2021.05.02-18.43.43:778][  0]LogOcInput: OculusInput pre-init called
[2021.05.02-18.43.43:857][  0]LogEngine: Initializing Engine...
[2021.05.02-18.43.43:858][  0]LogHMD: Failed to initialize OpenVR with code 110
[2021.05.02-18.43.43:862][  0]LogStats: UGameplayTagsManager::ConstructGameplayTagTree: ImportINI prefixes -  0.000 s
[2021.05.02-18.43.43:862][  0]LogStats: UGameplayTagsManager::ConstructGameplayTagTree: Construct from data asset -  0.000 s
[2021.05.02-18.43.43:862][  0]LogStats: UGameplayTagsManager::ConstructGameplayTagTree: ImportINI -  0.000 s
[2021.05.02-18.43.43:862][  0]LogStats: UGameplayTagsManager::ConstructGameplayTagTree: GameplayTagTreeChangedEvent.Broadcast -  0.000 s
[2021.05.02-18.43.44:159][  0]LogInit: Initializing FReadOnlyCVARCache
[2021.05.02-18.43.44:176][  0]LogAIModule: Creating AISystem for world Untitled
[2021.05.02-18.43.44:217][  0]LogInit: XAudio2 using 'Głośniki (USB Audio Device)' : 2 channels at 48 kHz using 16 bits per sample (channel mask 0x3)
[2021.05.02-18.43.44:243][  0]LogInit: FAudioDevice initialized.
[2021.05.02-18.43.44:244][  0]LogNetVersion: Set ProjectVersion to 1.0.0.0. Version Checksum will be recalculated on next use.
[2021.05.02-18.43.44:298][  0]LogDerivedDataCache: Saved boot cache 0.05s 71MB C:/Users/Lotka/AppData/Local/UnrealEngine/4.20/DerivedDataCache/Boot.ddc.
[2021.05.02-18.43.44:306][  0]LogInit: Texture streaming: Enabled
[2021.05.02-18.43.44:325][  0]LogEngineSessionManager: EngineSessionManager initialized
[2021.05.02-18.43.44:343][  0]LogInit: Transaction tracking system initialized
[2021.05.02-18.43.44:369][  0]BlueprintLog: New page: Editor Load
[2021.05.02-18.43.44:452][  0]LocalizationService: Localization service is disabled
[2021.05.02-18.43.44:786][  0]LogCook: Display: Max memory allowance for cook 16384mb min free memory 0mb
[2021.05.02-18.43.44:786][  0]LogCook: Display: Mobile HDR setting 1
[2021.05.02-18.43.44:786][  0]LogGameplayTags: Display: UGameplayTagsManager::DoneAddingNativeTags. DelegateIsBound: 0
[2021.05.02-18.43.44:786][  0]LogStats: UGameplayTagsManager::ConstructGameplayTagTree: ImportINI prefixes -  0.000 s
[2021.05.02-18.43.44:786][  0]LogStats: UGameplayTagsManager::ConstructGameplayTagTree: Construct from data asset -  0.000 s
[2021.05.02-18.43.44:786][  0]LogStats: UGameplayTagsManager::ConstructGameplayTagTree: ImportINI -  0.000 s
[2021.05.02-18.43.44:786][  0]LogStats: UGameplayTagsManager::ConstructGameplayTagTree: GameplayTagTreeChangedEvent.Broadcast -  0.000 s
[2021.05.02-18.43.44:919][  0]LogFileCache: Scanning file cache for directory 'P:/Unreal/Projekty/BallRunner_W.Gawlik/BallRunner/Content/' took 0.02s
[2021.05.02-18.43.44:919][  0]SourceControl: Source control is disabled
[2021.05.02-18.43.44:919][  0]Cmd: MAP LOAD FILE="../../../../Projekty/BallRunner_W.Gawlik/BallRunner/Content/StarterContent/Maps/Minimal_Default.umap" TEMPLATE=0 SHOWPROGRESS=1 FEATURELEVEL=3
[2021.05.02-18.43.44:920][  0]LightingResults: New page: Lighting Build
[2021.05.02-18.43.44:922][  0]MapCheck: New page: Map Check
[2021.05.02-18.43.44:922][  0]LightingResults: New page: Lighting Build
[2021.05.02-18.43.45:425][  0]LogAIModule: Creating AISystem for world Minimal_Default
[2021.05.02-18.43.45:435][  0]LogEditorServer: Finished looking for orphan Actors (0.000 secs)
[2021.05.02-18.43.45:475][  0]Cmd: MAP CHECKDEP NOCLEARLOG
[2021.05.02-18.43.45:567][  0]MapCheck: Map check complete: 0 Error(s), 0 Warning(s), took 91,998ms to complete.
[2021.05.02-18.43.45:567][  0]LogFileHelpers: Loading map 'Minimal_Default' took 0.648
[2021.05.02-18.43.45:741][  0]LogSlate: Updating window title bar state: overlay mode, drag disabled, window buttons hidden, title bar hidden
[2021.05.02-18.43.45:754][  0]LogSlate: Updating window title bar state: overlay mode, drag disabled, window buttons hidden, title bar hidden
[2021.05.02-18.43.45:769][  0]LogSlate: Updating window title bar state: overlay mode, drag disabled, window buttons hidden, title bar hidden
[2021.05.02-18.43.45:780][  0]LogSlate: Updating window title bar state: overlay mode, drag disabled, window buttons hidden, title bar hidden
[2021.05.02-18.43.45:787][  0]LogCollectionManager: Loaded 0 collections in 0.001779 seconds
[2021.05.02-18.43.45:829][  0]LogFileCache: Scanning file cache for directory 'P:/Unreal/Projekty/BallRunner_W.Gawlik/BallRunner/Saved/Collections/' took 0.01s
[2021.05.02-18.43.45:830][  0]LogFileCache: Scanning file cache for directory 'P:/Unreal/Projekty/BallRunner_W.Gawlik/BallRunner/Content/Developers/Lotka/Collections/' took 0.01s
[2021.05.02-18.43.45:830][  0]LogFileCache: Scanning file cache for directory 'P:/Unreal/Projekty/BallRunner_W.Gawlik/BallRunner/Content/Collections/' took 0.01s
[2021.05.02-18.43.45:830][  0]LogCollectionManager: Rebuilt the GUID cache for 0 collections in 0.000000 seconds
[2021.05.02-18.43.45:855][  0]LogContentBrowser: Native class hierarchy populated in 0.0247 seconds. Added 2572 classes and 603 folders.
[2021.05.02-18.43.45:861][  0]LogContentBrowser: Native class hierarchy updated for 'WidgetCarousel' in 0.0003 seconds. Added 0 classes and 0 folders.
[2021.05.02-18.43.45:920][  0]LogContentBrowser: Native class hierarchy updated for 'AddContentDialog' in 0.0003 seconds. Added 0 classes and 0 folders.
[2021.05.02-18.43.45:924][  0]LogContentBrowser: Native class hierarchy updated for 'SceneOutliner' in 0.0003 seconds. Added 1 classes and 2 folders.
[2021.05.02-18.43.47:565][  0]LogSlate: Only BGRA pngs, bmps or icos are supported in by External Image Picker
[2021.05.02-18.43.47:655][  0]LogContentBrowser: Native class hierarchy updated for 'HierarchicalLODOutliner' in 0.0003 seconds. Added 0 classes and 0 folders.
[2021.05.02-18.43.47:656][  0]LogLoad: (Engine Initialization) Total time: 13.68 seconds
[2021.05.02-18.43.47:656][  0]LogLoad: (Engine Initialization) Total Blueprint compile time: 0.00 seconds
[2021.05.02-18.43.47:733][  0]LogContentStreaming: Texture pool size now 1000 MB
[2021.05.02-18.43.47:737][  0]LogSlate: Took 0.000396 seconds to synchronously load lazily loaded font '../../../Engine/Content/Slate/Fonts/Roboto-Regular.ttf' (155K)
[2021.05.02-18.43.47:741][  0]LogSlate: Took 0.000392 seconds to synchronously load lazily loaded font '../../../Engine/Content/Slate/Fonts/Roboto-Bold.ttf' (160K)
[2021.05.02-18.43.47:751][  0]LogSlate: Took 0.000314 seconds to synchronously load lazily loaded font '../../../Engine/Content/Editor/Slate/Fonts/FontAwesome.ttf' (139K)
[2021.05.02-18.43.47:808][  0]LogRenderer: Reallocating scene render targets to support 64x64 Format 10 NumSamples 1 (Frame:1).
[2021.05.02-18.43.47:808][  0]LogTemp: Executing iPhonePackager certificates Engine -bundlename com.YourCompany.BallRunner
[2021.05.02-18.43.47:808][  0]LogTemp: CWD: P:\Unreal\UE_4.20\Engine\Binaries\DotNET\IOS
[2021.05.02-18.43.47:808][  0]LogTemp: Initial Dir: P:\Unreal\UE_4.20
[2021.05.02-18.43.47:808][  0]LogTemp: Env CWD: P:\Unreal\UE_4.20\Engine\Binaries\DotNET\IOS
[2021.05.02-18.43.47:808][  0]LogTemp: BranchPath = LAPTOP-G3O3VCMT/P/Unreal/UE_4.20/Engine/Binaries --- GameBranchPath = LAPTOP-G3O3VCMT/P/Unreal/UE_4.20/Engine/Binaries
[2021.05.02-18.43.47:825][  0]LogTemp: IPP ERROR: Could not find provision directory 'C:\Users\Lotka\AppData\Local/Apple Computer/MobileDevice/Provisioning Profiles/'.
[2021.05.02-18.43.47:935][  1]LogRenderer: Reallocating scene render targets to support 476x380 Format 10 NumSamples 1 (Frame:1).
[2021.05.02-18.43.48:011][  2]LogAssetRegistry: Asset discovery search completed in 8.3580 seconds
[2021.05.02-18.43.48:013][  2]LogCollectionManager: Rebuilt the object cache for 0 collections in 0.000000 seconds (found 0 objects)
[2021.05.02-18.43.48:013][  2]LogCollectionManager: Fixed up redirectors for 0 collections in 0.000103 seconds (updated 0 objects)
[2021.05.02-18.43.48:037][  2]LogSlate: Took 0.000231 seconds to synchronously load lazily loaded font '../../../Engine/Content/Slate/Fonts/Roboto-Light.ttf' (167K)
[2021.05.02-18.43.51:416][134]LogSlate: FSceneViewport::OnFocusLost() reason 0
[2021.05.02-18.43.53:527][182]LogSlate: Took 0.000297 seconds to synchronously load lazily loaded font '../../../Engine/Content/Slate/Fonts/Roboto-Light.ttf' (167K)
[2021.05.02-18.43.54:344][182]LogAIModule: Creating AISystem for world MainLevel
[2021.05.02-18.43.54:440][182]LogAssetEditorManager: Opening Asset editor for World /Game/StarterContent/Maps/Levels/MainLevel.MainLevel
[2021.05.02-18.43.54:480][182]Cmd: MAP LOAD FILE="../../../../Projekty/BallRunner_W.Gawlik/BallRunner/Content/StarterContent/Maps/Levels/MainLevel.umap" TEMPLATE=0 SHOWPROGRESS=1 FEATURELEVEL=3
[2021.05.02-18.43.54:480][182]LightingResults: New page: Lighting Build
[2021.05.02-18.43.54:481][182]LoadErrors: New page: Loading map: MainLevel.umap
[2021.05.02-18.43.54:482][182]MapCheck: New page: Map Check
[2021.05.02-18.43.54:482][182]LightingResults: New page: Lighting Build
[2021.05.02-18.43.54:719][182]LogEditorServer: Finished looking for orphan Actors (0.000 secs)
[2021.05.02-18.43.54:787][182]Cmd: MAP CHECKDEP NOCLEARLOG
[2021.05.02-18.43.54:900][182]MapCheck: Map check complete: 0 Error(s), 0 Warning(s), took 112,728ms to complete.
[2021.05.02-18.43.54:900][182]LogFileHelpers: Loading map 'MainLevel' took 0.421
[2021.05.02-18.44.17:642][470]LogAssetEditorManager: Opening Asset editor for Blueprint /Game/StarterContent/Blueprints/Cannon/BP_Canon.BP_Canon
[2021.05.02-18.44.18:645][470]LogContentBrowser: Native class hierarchy updated for 'BlueprintGraph' in 0.0008 seconds. Added 116 classes and 0 folders.
[2021.05.02-18.44.19:833][470]LogSlate: Took 0.000247 seconds to synchronously load lazily loaded font '../../../Engine/Content/Slate/Fonts/Roboto-BoldCondensed.ttf' (158K)
[2021.05.02-18.44.19:914][471]LogSlate: Took 0.000368 seconds to synchronously load lazily loaded font '../../../Engine/Content/Slate/Fonts/Roboto-Italic.ttf' (157K)
[2021.05.02-18.44.45:672][841]LogRenderer: Reallocating scene render targets to support 928x416 Format 10 NumSamples 1 (Frame:586).
[2021.05.02-18.44.47:836][903]LogTemp: Repeating last play command: Selected Viewport
[2021.05.02-18.44.47:855][903]LogBlueprintUserMessages: Early PlayInEditor Detection: Level '/Game/StarterContent/Maps/Levels/MainLevel.MainLevel:PersistentLevel' has LevelScriptBlueprint '/Game/StarterContent/Maps/Levels/MainLevel.MainLevel:PersistentLevel.MainLevel' with GeneratedClass '/Game/StarterContent/Maps/Levels/MainLevel.MainLevel_C' with ClassGeneratedBy '/Game/StarterContent/Maps/Levels/MainLevel.MainLevel:PersistentLevel.MainLevel'
[2021.05.02-18.44.47:855][903]LogPlayLevel: PlayLevel: No blueprints needed recompiling
[2021.05.02-18.44.47:867][903]PIE: New page: PIE session: MainLevel (2 maj 2021, 22:44:47)
[2021.05.02-18.44.47:867][903]LogPlayLevel: Creating play world package: /Game/StarterContent/Maps/Levels/UEDPIE_0_MainLevel
[2021.05.02-18.44.47:897][903]LogPlayLevel: PIE: StaticDuplicateObject took: (0.029939s)
[2021.05.02-18.44.47:898][903]LogAIModule: Creating AISystem for world MainLevel
[2021.05.02-18.44.47:898][903]LogPlayLevel: PIE: World Init took: (0.000884s)
[2021.05.02-18.44.47:898][903]LogPlayLevel: PIE: Created PIE world by copying editor world from /Game/StarterContent/Maps/Levels/MainLevel.MainLevel to /Game/StarterContent/Maps/Levels/UEDPIE_0_MainLevel.MainLevel (0.031076s)
[2021.05.02-18.44.47:968][903]LogInit: XAudio2 using 'Głośniki (USB Audio Device)' : 2 channels at 48 kHz using 16 bits per sample (channel mask 0x3)
[2021.05.02-18.44.48:032][903]LogInit: FAudioDevice initialized.
[2021.05.02-18.44.48:126][903]LogLoad: Game class is 'BP_GameMode_C'
[2021.05.02-18.44.48:135][903]LogWorld: Bringing World /Game/StarterContent/Maps/Levels/UEDPIE_0_MainLevel.MainLevel up for play (max tick rate 60) at 2021.05.02-20.44.48
[2021.05.02-18.44.48:136][903]LogWorld: Bringing up level for play took: 0.008082
[2021.05.02-18.44.48:153][903]LogContentBrowser: Native class hierarchy updated for 'MovieSceneCapture' in 0.0004 seconds. Added 10 classes and 0 folders.
[2021.05.02-18.44.48:154][903]PIE: Play in editor start time for /Game/StarterContent/Maps/Levels/UEDPIE_0_MainLevel 0,171
[2021.05.02-18.44.48:155][903]LogBlueprintUserMessages: Late PlayInEditor Detection: Level '/Game/StarterContent/Maps/Levels/MainLevel.MainLevel:PersistentLevel' has LevelScriptBlueprint '/Game/StarterContent/Maps/Levels/MainLevel.MainLevel:PersistentLevel.MainLevel' with GeneratedClass '/Game/StarterContent/Maps/Levels/MainLevel.MainLevel_C' with ClassGeneratedBy '/Game/StarterContent/Maps/Levels/MainLevel.MainLevel:PersistentLevel.MainLevel'
[2021.05.02-18.44.59:346][220]LogBlueprintUserMessages: Early EndPlayMap Detection: Level '/Game/StarterContent/Maps/Levels/MainLevel.MainLevel:PersistentLevel' has LevelScriptBlueprint '/Game/StarterContent/Maps/Levels/MainLevel.MainLevel:PersistentLevel.MainLevel' with GeneratedClass '/Game/StarterContent/Maps/Levels/MainLevel.MainLevel_C' with ClassGeneratedBy '/Game/StarterContent/Maps/Levels/MainLevel.MainLevel:PersistentLevel.MainLevel'
[2021.05.02-18.44.59:346][220]LogSlate: Updating window title bar state: overlay mode, drag disabled, window buttons hidden, title bar hidden
[2021.05.02-18.44.59:415][220]LogPlayLevel: Display: Shutting down PIE online subsystems
[2021.05.02-18.44.59:415][220]LogBlueprintUserMessages: Late EndPlayMap Detection: Level '/Game/StarterContent/Maps/Levels/MainLevel.MainLevel:PersistentLevel' has LevelScriptBlueprint '/Game/StarterContent/Maps/Levels/MainLevel.MainLevel:PersistentLevel.MainLevel' with GeneratedClass '/Game/StarterContent/Maps/Levels/MainLevel.MainLevel_C' with ClassGeneratedBy '/Game/StarterContent/Maps/Levels/MainLevel.MainLevel:PersistentLevel.MainLevel'
[2021.05.02-18.44.59:458][220]LogSlate: Updating window title bar state: overlay mode, drag disabled, window buttons hidden, title bar hidden
[2021.05.02-18.44.59:499][221]LogPlayLevel: Display: Destroying online subsystem :Context_5
[2021.05.02-18.45.00:747][251]Cmd: SELECT NONE
[2021.05.02-18.45.04:235][323]LogSlate: FSceneViewport::OnFocusLost() reason 0
[2021.05.02-18.45.18:461][626]LogEditorViewport: Clicking on Actor (LMB): BP_Lampka_kamienna_C (Lampka_kamienna)
[2021.05.02-18.45.21:528][718]LogEditorViewport: Clicking Background
[2021.05.02-18.45.23:846][764]LogSlate: FSceneViewport::OnFocusLost() reason 2
[2021.05.02-18.47.19:165][482]LogSlate: FSceneViewport::OnFocusLost() reason 0
[2021.05.02-18.47.46:028][121]BlueprintLog: New page: Compile BP_Canon
[2021.05.02-18.49.45:361][932]BlueprintLog: New page: Compile BP_Canon
[2021.05.02-18.49.53:595][142]LogSlate: FSceneViewport::OnFocusLost() reason 0
[2021.05.02-18.49.58:342][265]LogEditorViewport: Clicking on Actor (LMB): BP_Canon_C (BP_Canon)
[2021.05.02-18.50.00:654][324]LogSlate: FSceneViewport::OnFocusLost() reason 0
[2021.05.02-18.50.08:313][545]LogEditorViewport: Clicking on Actor (LMB): BP_Canon_C (BP_Canon)
[2021.05.02-18.50.09:286][573]LogSlate: FSceneViewport::OnFocusLost() reason 0
[2021.05.02-18.50.50:241][476]BlueprintLog: New page: Compile BP_Canon
[2021.05.02-18.51.16:178][968]LogTemp: Repeating last play command: Selected Viewport
[2021.05.02-18.51.16:201][968]LogBlueprintUserMessages: Early PlayInEditor Detection: Level '/Game/StarterContent/Maps/Levels/MainLevel.MainLevel:PersistentLevel' has LevelScriptBlueprint '/Game/StarterContent/Maps/Levels/MainLevel.MainLevel:PersistentLevel.MainLevel' with GeneratedClass '/Game/StarterContent/Maps/Levels/MainLevel.MainLevel_C' with ClassGeneratedBy '/Game/StarterContent/Maps/Levels/MainLevel.MainLevel:PersistentLevel.MainLevel'
[2021.05.02-18.51.16:201][968]LogPlayLevel: PlayLevel: No blueprints needed recompiling
[2021.05.02-18.51.16:202][968]PIE: New page: PIE session: MainLevel (2 maj 2021, 22:51:16)
[2021.05.02-18.51.16:202][968]LogPlayLevel: Creating play world package: /Game/StarterContent/Maps/Levels/UEDPIE_0_MainLevel
[2021.05.02-18.51.16:233][968]LogPlayLevel: PIE: StaticDuplicateObject took: (0.031418s)
[2021.05.02-18.51.16:234][968]LogAIModule: Creating AISystem for world MainLevel
[2021.05.02-18.51.16:234][968]LogPlayLevel: PIE: World Init took: (0.001083s)
[2021.05.02-18.51.16:234][968]LogPlayLevel: PIE: Created PIE world by copying editor world from /Game/StarterContent/Maps/Levels/MainLevel.MainLevel to /Game/StarterContent/Maps/Levels/UEDPIE_0_MainLevel.MainLevel (0.032731s)
[2021.05.02-18.51.16:299][968]LogInit: XAudio2 using 'Głośniki (USB Audio Device)' : 2 channels at 48 kHz using 16 bits per sample (channel mask 0x3)
[2021.05.02-18.51.16:318][968]LogInit: FAudioDevice initialized.
[2021.05.02-18.51.16:349][968]LogLoad: Game class is 'BP_GameMode_C'
[2021.05.02-18.51.16:357][968]LogWorld: Bringing World /Game/StarterContent/Maps/Levels/UEDPIE_0_MainLevel.MainLevel up for play (max tick rate 60) at 2021.05.02-20.51.16
[2021.05.02-18.51.16:358][968]LogWorld: Bringing up level for play took: 0.007624
[2021.05.02-18.51.16:372][968]PIE: Play in editor start time for /Game/StarterContent/Maps/Levels/UEDPIE_0_MainLevel 0,389
[2021.05.02-18.51.16:372][968]LogBlueprintUserMessages: Late PlayInEditor Detection: Level '/Game/StarterContent/Maps/Levels/MainLevel.MainLevel:PersistentLevel' has LevelScriptBlueprint '/Game/StarterContent/Maps/Levels/MainLevel.MainLevel:PersistentLevel.MainLevel' with GeneratedClass '/Game/StarterContent/Maps/Levels/MainLevel.MainLevel_C' with ClassGeneratedBy '/Game/StarterContent/Maps/Levels/MainLevel.MainLevel:PersistentLevel.MainLevel'
[2021.05.02-18.51.26:297][ 88]LogSavePackage: Moving '../../../../Projekty/BallRunner_W.Gawlik/BallRunner/Saved/MainLevel8675813A421A1E1603EDBD82539B465F.tmp' to '../../../../Projekty/BallRunner_W.Gawlik/BallRunner/Content/StarterContent/Maps/Levels/MainLevel.umap'
[2021.05.02-18.51.26:593][ 88]LogSavePackage: Moving '../../../../Projekty/BallRunner_W.Gawlik/BallRunner/Saved/MainLevel_BuiltData642F94E240B17AC251667883AA93E7DE.tmp' to '../../../../Projekty/BallRunner_W.Gawlik/BallRunner/Content/StarterContent/Maps/Levels/MainLevel_BuiltData.uasset'
[2021.05.02-18.51.27:213][100]Cmd: SELECT NONE
[2021.05.02-18.51.28:048][110]LogBlueprintUserMessages: Early EndPlayMap Detection: Level '/Game/StarterContent/Maps/Levels/MainLevel.MainLevel:PersistentLevel' has LevelScriptBlueprint '/Game/StarterContent/Maps/Levels/MainLevel.MainLevel:PersistentLevel.MainLevel' with GeneratedClass '/Game/StarterContent/Maps/Levels/MainLevel.MainLevel_C' with ClassGeneratedBy '/Game/StarterContent/Maps/Levels/MainLevel.MainLevel:PersistentLevel.MainLevel'
[2021.05.02-18.51.28:048][110]LogSlate: Updating window title bar state: overlay mode, drag disabled, window buttons hidden, title bar hidden
[2021.05.02-18.51.28:180][110]LogPlayLevel: Display: Shutting down PIE online subsystems
[2021.05.02-18.51.28:180][110]LogBlueprintUserMessages: Late EndPlayMap Detection: Level '/Game/StarterContent/Maps/Levels/MainLevel.MainLevel:PersistentLevel' has LevelScriptBlueprint '/Game/StarterContent/Maps/Levels/MainLevel.MainLevel:PersistentLevel.MainLevel' with GeneratedClass '/Game/StarterContent/Maps/Levels/MainLevel.MainLevel_C' with ClassGeneratedBy '/Game/StarterContent/Maps/Levels/MainLevel.MainLevel:PersistentLevel.MainLevel'
[2021.05.02-18.51.28:224][110]LogSlate: Updating window title bar state: overlay mode, drag disabled, window buttons hidden, title bar hidden
[2021.05.02-18.51.28:277][111]LogPlayLevel: Display: Destroying online subsystem :Context_6
[2021.05.02-18.51.31:282][156]LogEditorViewport: Clicking on Actor (LMB): BP_Canon_C (BP_Canon)
[2021.05.02-18.51.32:748][177]LogSlate: FSceneViewport::OnFocusLost() reason 0
[2021.05.02-18.51.43:032][401]LogSavePackage: Moving '../../../../Projekty/BallRunner_W.Gawlik/BallRunner/Saved/MainLevel357A126B4E6A32DC7E3B54A163DE77CD.tmp' to '../../../../Projekty/BallRunner_W.Gawlik/BallRunner/Content/StarterContent/Maps/Levels/MainLevel.umap'
[2021.05.02-18.51.43:231][401]LogSavePackage: Moving '../../../../Projekty/BallRunner_W.Gawlik/BallRunner/Saved/MainLevel_BuiltData02E2023147B6CF1623B7C682EAF1D613.tmp' to '../../../../Projekty/BallRunner_W.Gawlik/BallRunner/Content/StarterContent/Maps/Levels/MainLevel_BuiltData.uasset'
[2021.05.02-18.51.44:587][437]LogTemp: Repeating last play command: Selected Viewport
[2021.05.02-18.51.44:606][437]LogBlueprintUserMessages: Early PlayInEditor Detection: Level '/Game/StarterContent/Maps/Levels/MainLevel.MainLevel:PersistentLevel' has LevelScriptBlueprint '/Game/StarterContent/Maps/Levels/MainLevel.MainLevel:PersistentLevel.MainLevel' with GeneratedClass '/Game/StarterContent/Maps/Levels/MainLevel.MainLevel_C' with ClassGeneratedBy '/Game/StarterContent/Maps/Levels/MainLevel.MainLevel:PersistentLevel.MainLevel'
[2021.05.02-18.51.44:606][437]LogPlayLevel: PlayLevel: No blueprints needed recompiling
[2021.05.02-18.51.44:606][437]PIE: New page: PIE session: MainLevel (2 maj 2021, 22:51:44)
[2021.05.02-18.51.44:606][437]LogPlayLevel: Creating play world package: /Game/StarterContent/Maps/Levels/UEDPIE_0_MainLevel
[2021.05.02-18.51.44:636][437]LogPlayLevel: PIE: StaticDuplicateObject took: (0.029255s)
[2021.05.02-18.51.44:637][437]LogAIModule: Creating AISystem for world MainLevel
[2021.05.02-18.51.44:637][437]LogPlayLevel: PIE: World Init took: (0.000834s)
[2021.05.02-18.51.44:637][437]LogPlayLevel: PIE: Created PIE world by copying editor world from /Game/StarterContent/Maps/Levels/MainLevel.MainLevel to /Game/StarterContent/Maps/Levels/UEDPIE_0_MainLevel.MainLevel (0.030323s)
[2021.05.02-18.51.44:703][437]LogInit: XAudio2 using 'Głośniki (USB Audio Device)' : 2 channels at 48 kHz using 16 bits per sample (channel mask 0x3)
[2021.05.02-18.51.44:723][437]LogInit: FAudioDevice initialized.
[2021.05.02-18.51.44:758][437]LogLoad: Game class is 'BP_GameMode_C'
[2021.05.02-18.51.44:766][437]LogWorld: Bringing World /Game/StarterContent/Maps/Levels/UEDPIE_0_MainLevel.MainLevel up for play (max tick rate 60) at 2021.05.02-20.51.44
[2021.05.02-18.51.44:767][437]LogWorld: Bringing up level for play took: 0.007685
[2021.05.02-18.51.44:780][437]PIE: Play in editor start time for /Game/StarterContent/Maps/Levels/UEDPIE_0_MainLevel 0,797
[2021.05.02-18.51.44:780][437]LogBlueprintUserMessages: Late PlayInEditor Detection: Level '/Game/StarterContent/Maps/Levels/MainLevel.MainLevel:PersistentLevel' has LevelScriptBlueprint '/Game/StarterContent/Maps/Levels/MainLevel.MainLevel:PersistentLevel.MainLevel' with GeneratedClass '/Game/StarterContent/Maps/Levels/MainLevel.MainLevel_C' with ClassGeneratedBy '/Game/StarterContent/Maps/Levels/MainLevel.MainLevel:PersistentLevel.MainLevel'
[2021.05.02-18.51.49:889][574]LogBlueprintUserMessages: Early EndPlayMap Detection: Level '/Game/StarterContent/Maps/Levels/MainLevel.MainLevel:PersistentLevel' has LevelScriptBlueprint '/Game/StarterContent/Maps/Levels/MainLevel.MainLevel:PersistentLevel.MainLevel' with GeneratedClass '/Game/StarterContent/Maps/Levels/MainLevel.MainLevel_C' with ClassGeneratedBy '/Game/StarterContent/Maps/Levels/MainLevel.MainLevel:PersistentLevel.MainLevel'
[2021.05.02-18.51.49:889][574]LogSlate: Updating window title bar state: overlay mode, drag disabled, window buttons hidden, title bar hidden
[2021.05.02-18.51.49:976][574]LogPlayLevel: Display: Shutting down PIE online subsystems
[2021.05.02-18.51.49:976][574]LogBlueprintUserMessages: Late EndPlayMap Detection: Level '/Game/StarterContent/Maps/Levels/MainLevel.MainLevel:PersistentLevel' has LevelScriptBlueprint '/Game/StarterContent/Maps/Levels/MainLevel.MainLevel:PersistentLevel.MainLevel' with GeneratedClass '/Game/StarterContent/Maps/Levels/MainLevel.MainLevel_C' with ClassGeneratedBy '/Game/StarterContent/Maps/Levels/MainLevel.MainLevel:PersistentLevel.MainLevel'
[2021.05.02-18.51.50:023][574]LogSlate: Updating window title bar state: overlay mode, drag disabled, window buttons hidden, title bar hidden
[2021.05.02-18.51.50:077][575]LogPlayLevel: Display: Destroying online subsystem :Context_7
[2021.05.02-18.51.53:912][689]LogEditorViewport: Clicking on Actor (LMB): BP_Blast_C (BP_Blast)
[2021.05.02-18.51.55:278][730]Cmd: DELETE
[2021.05.02-18.51.55:278][730]Cmd: ACTOR DELETE
[2021.05.02-18.51.55:291][730]LogEditorActor: Deleted Actor: BP_Blast_C
[2021.05.02-18.51.55:334][730]LogEditorActor: Deleted 1 Actors (0.055 secs)
[2021.05.02-18.51.56:263][758]LogSlate: FSceneViewport::OnFocusLost() reason 0
[2021.05.02-18.51.56:361][760]LogTemp: Repeating last play command: Selected Viewport
[2021.05.02-18.51.56:380][760]LogBlueprintUserMessages: Early PlayInEditor Detection: Level '/Game/StarterContent/Maps/Levels/MainLevel.MainLevel:PersistentLevel' has LevelScriptBlueprint '/Game/StarterContent/Maps/Levels/MainLevel.MainLevel:PersistentLevel.MainLevel' with GeneratedClass '/Game/StarterContent/Maps/Levels/MainLevel.MainLevel_C' with ClassGeneratedBy '/Game/StarterContent/Maps/Levels/MainLevel.MainLevel:PersistentLevel.MainLevel'
[2021.05.02-18.51.56:380][760]LogPlayLevel: PlayLevel: No blueprints needed recompiling
[2021.05.02-18.51.56:381][760]PIE: New page: PIE session: MainLevel (2 maj 2021, 22:51:56)
[2021.05.02-18.51.56:381][760]LogPlayLevel: Creating play world package: /Game/StarterContent/Maps/Levels/UEDPIE_0_MainLevel
[2021.05.02-18.51.56:410][760]LogPlayLevel: PIE: StaticDuplicateObject took: (0.029036s)
[2021.05.02-18.51.56:411][760]LogAIModule: Creating AISystem for world MainLevel
[2021.05.02-18.51.56:411][760]LogPlayLevel: PIE: World Init took: (0.000956s)
[2021.05.02-18.51.56:411][760]LogPlayLevel: PIE: Created PIE world by copying editor world from /Game/StarterContent/Maps/Levels/MainLevel.MainLevel to /Game/StarterContent/Maps/Levels/UEDPIE_0_MainLevel.MainLevel (0.030277s)
[2021.05.02-18.51.56:473][760]LogInit: XAudio2 using 'Głośniki (USB Audio Device)' : 2 channels at 48 kHz using 16 bits per sample (channel mask 0x3)
[2021.05.02-18.51.56:491][760]LogInit: FAudioDevice initialized.
[2021.05.02-18.51.56:528][760]LogLoad: Game class is 'BP_GameMode_C'
[2021.05.02-18.51.56:537][760]LogWorld: Bringing World /Game/StarterContent/Maps/Levels/UEDPIE_0_MainLevel.MainLevel up for play (max tick rate 60) at 2021.05.02-20.51.56
[2021.05.02-18.51.56:537][760]LogWorld: Bringing up level for play took: 0.007608
[2021.05.02-18.51.56:551][760]PIE: Play in editor start time for /Game/StarterContent/Maps/Levels/UEDPIE_0_MainLevel 0,567
[2021.05.02-18.51.56:551][760]LogBlueprintUserMessages: Late PlayInEditor Detection: Level '/Game/StarterContent/Maps/Levels/MainLevel.MainLevel:PersistentLevel' has LevelScriptBlueprint '/Game/StarterContent/Maps/Levels/MainLevel.MainLevel:PersistentLevel.MainLevel' with GeneratedClass '/Game/StarterContent/Maps/Levels/MainLevel.MainLevel_C' with ClassGeneratedBy '/Game/StarterContent/Maps/Levels/MainLevel.MainLevel:PersistentLevel.MainLevel'
[2021.05.02-18.52.26:326][633]LogBlueprintUserMessages: Early EndPlayMap Detection: Level '/Game/StarterContent/Maps/Levels/MainLevel.MainLevel:PersistentLevel' has LevelScriptBlueprint '/Game/StarterContent/Maps/Levels/MainLevel.MainLevel:PersistentLevel.MainLevel' with GeneratedClass '/Game/StarterContent/Maps/Levels/MainLevel.MainLevel_C' with ClassGeneratedBy '/Game/StarterContent/Maps/Levels/MainLevel.MainLevel:PersistentLevel.MainLevel'
[2021.05.02-18.52.26:326][633]LogSlate: Updating window title bar state: overlay mode, drag disabled, window buttons hidden, title bar hidden
[2021.05.02-18.52.26:395][633]LogPlayLevel: Display: Shutting down PIE online subsystems
[2021.05.02-18.52.26:395][633]LogBlueprintUserMessages: Late EndPlayMap Detection: Level '/Game/StarterContent/Maps/Levels/MainLevel.MainLevel:PersistentLevel' has LevelScriptBlueprint '/Game/StarterContent/Maps/Levels/MainLevel.MainLevel:PersistentLevel.MainLevel' with GeneratedClass '/Game/StarterContent/Maps/Levels/MainLevel.MainLevel_C' with ClassGeneratedBy '/Game/StarterContent/Maps/Levels/MainLevel.MainLevel:PersistentLevel.MainLevel'
[2021.05.02-18.52.26:434][633]LogSlate: Updating window title bar state: overlay mode, drag disabled, window buttons hidden, title bar hidden
[2021.05.02-18.52.26:499][634]LogPlayLevel: Display: Destroying online subsystem :Context_8
[2021.05.02-18.52.47:954][ 40]LogSlate: FSceneViewport::OnFocusLost() reason 0
[2021.05.02-18.52.48:695][ 42]LogSavePackage: Moving '../../../../Projekty/BallRunner_W.Gawlik/BallRunner/Saved/MainLevelFE8FC60446CAD35CB772C4B5D86F3009.tmp' to '../../../../Projekty/BallRunner_W.Gawlik/BallRunner/Content/StarterContent/Maps/Levels/MainLevel.umap'
[2021.05.02-18.52.48:902][ 42]LogSavePackage: Moving '../../../../Projekty/BallRunner_W.Gawlik/BallRunner/Saved/MainLevel_BuiltDataDFC3DFE0447B3F3959C1FD97816E3434.tmp' to '../../../../Projekty/BallRunner_W.Gawlik/BallRunner/Content/StarterContent/Maps/Levels/MainLevel_BuiltData.uasset'
[2021.05.02-18.54.32:858][438]LogSavePackage: Moving '../../../../Projekty/BallRunner_W.Gawlik/BallRunner/Saved/MainLevel445959F84932051B118136A92425751C.tmp' to '../../../../Projekty/BallRunner_W.Gawlik/BallRunner/Content/StarterContent/Maps/Levels/MainLevel.umap'
[2021.05.02-18.54.33:052][438]LogSavePackage: Moving '../../../../Projekty/BallRunner_W.Gawlik/BallRunner/Saved/MainLevel_BuiltData0CA4F63947398AC48C6B57940B5CB2FE.tmp' to '../../../../Projekty/BallRunner_W.Gawlik/BallRunner/Content/StarterContent/Maps/Levels/MainLevel_BuiltData.uasset'
[2021.05.02-18.54.37:014][513]LogSlate: Window 'Save Content' being destroyed
[2021.05.02-18.54.37:137][513]LogSavePackage: Moving '../../../../Projekty/BallRunner_W.Gawlik/BallRunner/Saved/BP_Canon62C59C0E4FA46E86074BB8B921904DC8.tmp' to '../../../../Projekty/BallRunner_W.Gawlik/BallRunner/Content/StarterContent/Blueprints/Cannon/BP_Canon.uasset'
[2021.05.02-18.54.37:232][513]LogSlate: Window 'BP_Canon' being destroyed
[2021.05.02-18.54.37:308][513]LogSlate: Window 'BallRunner - Unreal Editor' being destroyed
[2021.05.02-18.54.37:311][513]LogWindowsTextInputMethodSystem: Display: IME system now deactivated.
[2021.05.02-18.54.37:553][514]Cmd: QUIT_EDITOR
[2021.05.02-18.54.37:775][514]LogExit: Preparing to exit.
[2021.05.02-18.54.38:839][514]LogExit: Editor shut down
[2021.05.02-18.54.38:840][514]LogExit: Transaction tracking system shut down
[2021.05.02-18.54.39:229][514]LogExit: Object subsystem successfully closed.
[2021.05.02-18.54.39:259][514]LogShaderCompilers: Display: Shaders left to compile 0
[2021.05.02-18.54.39:264][514]LogD3D11RHI: Shutdown
[2021.05.02-18.54.39:264][514]LogD3D11RHI: CleanupD3DDevice
[2021.05.02-18.54.39:267][514]LogD3D11RHI: ~FD3D11DynamicRHI
[2021.05.02-18.54.39:278][514]LogModuleManager: Shutting down and abandoning module MovieSceneCapture (618)
[2021.05.02-18.54.39:278][514]LogModuleManager: Shutting down and abandoning module Voice (616)
[2021.05.02-18.54.39:278][514]LogModuleManager: Shutting down and abandoning module BlueprintGraph (614)
[2021.05.02-18.54.39:278][514]LogModuleManager: Shutting down and abandoning module HierarchicalLODOutliner (612)
[2021.05.02-18.54.39:278][514]LogModuleManager: Shutting down and abandoning module ExternalImagePicker (610)
[2021.05.02-18.54.39:278][514]LogModuleManager: Shutting down and abandoning module SceneOutliner (608)
[2021.05.02-18.54.39:278][514]LogModuleManager: Shutting down and abandoning module AddContentDialog (606)
[2021.05.02-18.54.39:279][514]LogModuleManager: Shutting down and abandoning module WidgetCarousel (605)
[2021.05.02-18.54.39:279][514]LogModuleManager: Shutting down and abandoning module EditorWidgets (602)
[2021.05.02-18.54.39:279][514]LogModuleManager: Shutting down and abandoning module CollectionManager (600)
[2021.05.02-18.54.39:279][514]LogModuleManager: Shutting down and abandoning module StatsViewer (598)
[2021.05.02-18.54.39:279][514]LogModuleManager: Shutting down and abandoning module FoliageEdit (596)
[2021.05.02-18.54.39:279][514]LogModuleManager: Shutting down and abandoning module LandscapeEditor (594)
[2021.05.02-18.54.39:279][514]LogModuleManager: Shutting down and abandoning module MeshPaintMode (592)
[2021.05.02-18.54.39:279][514]LogModuleManager: Shutting down and abandoning module SceneDepthPickerMode (590)
[2021.05.02-18.54.39:279][514]LogModuleManager: Shutting down and abandoning module ActorPickerMode (588)
[2021.05.02-18.54.39:279][514]LogModuleManager: Shutting down and abandoning module GeometryMode (586)
[2021.05.02-18.54.39:279][514]LogModuleManager: Shutting down and abandoning module TextureAlignMode (584)
[2021.05.02-18.54.39:279][514]LogModuleManager: Shutting down and abandoning module BspMode (582)
[2021.05.02-18.54.39:279][514]LogModuleManager: Shutting down and abandoning module PIEPreviewDeviceProfileSelector (580)
[2021.05.02-18.54.39:279][514]LogModuleManager: Shutting down and abandoning module SequenceRecorderSections (578)
[2021.05.02-18.54.39:279][514]LogModuleManager: Shutting down and abandoning module AutomationWorker (576)
[2021.05.02-18.54.39:279][514]LogModuleManager: Shutting down and abandoning module AudioCaptureEditor (574)
[2021.05.02-18.54.39:279][514]LogModuleManager: Shutting down and abandoning module SequenceRecorder (573)
[2021.05.02-18.54.39:279][514]LogModuleManager: Shutting down and abandoning module MatineeToLevelSequence (570)
[2021.05.02-18.54.39:279][514]LogModuleManager: Shutting down and abandoning module LevelSequenceEditor (568)
[2021.05.02-18.54.39:280][514]LogModuleManager: Shutting down and abandoning module PlacementMode (567)
[2021.05.02-18.54.39:280][514]LogModuleManager: Shutting down and abandoning module MaterialEditor (566)
[2021.05.02-18.54.39:280][514]LogModuleManager: Shutting down and abandoning module WmfMediaFactory (562)
[2021.05.02-18.54.39:280][514]LogModuleManager: Shutting down and abandoning module WmfMediaEditor (560)
[2021.05.02-18.54.39:280][514]LogModuleManager: Shutting down and abandoning module MediaPlayerEditor (558)
[2021.05.02-18.54.39:280][514]LogModuleManager: Shutting down and abandoning module OpenExrWrapper (556)
[2021.05.02-18.54.39:280][514]LogModuleManager: Shutting down and abandoning module ImgMediaFactory (554)
[2021.05.02-18.54.39:280][514]LogModuleManager: Shutting down and abandoning module ImgMediaEditor (552)
[2021.05.02-18.54.39:280][514]LogModuleManager: Shutting down and abandoning module AvfMediaFactory (550)
[2021.05.02-18.54.39:280][514]LogModuleManager: Shutting down and abandoning module AvfMediaEditor (548)
[2021.05.02-18.54.39:280][514]LogModuleManager: Shutting down and abandoning module AndroidMediaFactory (546)
[2021.05.02-18.54.39:280][514]LogModuleManager: Shutting down and abandoning module AndroidMediaEditor (544)
[2021.05.02-18.54.39:280][514]LogModuleManager: Shutting down and abandoning module MagicLeapCameraPreviewFactory (542)
[2021.05.02-18.54.39:280][514]LogModuleManager: Shutting down and abandoning module MagicLeapMediaFactory (540)
[2021.05.02-18.54.39:280][514]LogModuleManager: Shutting down and abandoning module MagicLeapMediaEditor (538)
[2021.05.02-18.54.39:280][514]LogModuleManager: Shutting down and abandoning module CharacterAI (536)
[2021.05.02-18.54.39:280][514]LogModuleManager: Shutting down and abandoning module SmartSnapping (534)
[2021.05.02-18.54.39:280][514]LogModuleManager: Shutting down and abandoning module SessionServices (532)
[2021.05.02-18.54.39:280][514]LogModuleManager: Shutting down and abandoning module ViewportSnapping (530)
[2021.05.02-18.54.39:280][514]LogModuleManager: Shutting down and abandoning module ViewportInteraction (528)
[2021.05.02-18.54.39:280][514]LogModuleManager: Shutting down and abandoning module ClothPainter (526)
[2021.05.02-18.54.39:280][514]LogModuleManager: Shutting down and abandoning module SkeletalMeshEditor (525)
[2021.05.02-18.54.39:280][514]LogModuleManager: Shutting down and abandoning module LogVisualizer (522)
[2021.05.02-18.54.39:280][514]LogModuleManager: Shutting down and abandoning module IntroTutorials (520)
[2021.05.02-18.54.39:281][514]LogModuleManager: Shutting down and abandoning module GameProjectGeneration (519)
[2021.05.02-18.54.39:281][514]LogModuleManager: Shutting down and abandoning module LuminPlatformEditor (516)
[2021.05.02-18.54.39:281][514]LogModuleManager: Shutting down and abandoning module IOSPlatformEditor (514)
[2021.05.02-18.54.39:281][514]LogModuleManager: Shutting down and abandoning module HTML5PlatformEditor (512)
[2021.05.02-18.54.39:281][514]LogModuleManager: Shutting down and abandoning module AndroidPlatformEditor (510)
[2021.05.02-18.54.39:281][514]LogModuleManager: Shutting down and abandoning module AndroidDeviceDetection (509)
[2021.05.02-18.54.39:862][514]LogModuleManager: Shutting down and abandoning module WindowsPlatformEditor (506)
[2021.05.02-18.54.39:862][514]LogModuleManager: Shutting down and abandoning module LuminRuntimeSettings (504)
[2021.05.02-18.54.39:862][514]LogModuleManager: Shutting down and abandoning module IOSRuntimeSettings (502)
[2021.05.02-18.54.39:862][514]LogModuleManager: Shutting down and abandoning module AndroidRuntimeSettings (500)
[2021.05.02-18.54.39:862][514]LogModuleManager: Shutting down and abandoning module InputBindingEditor (498)
[2021.05.02-18.54.39:863][514]LogModuleManager: Shutting down and abandoning module MergeActors (496)
[2021.05.02-18.54.39:863][514]LogModuleManager: Shutting down and abandoning module LocalizationDashboard (494)
[2021.05.02-18.54.39:863][514]LogModuleManager: Shutting down and abandoning module LocalizationService (493)
[2021.05.02-18.54.39:863][514]LogModuleManager: Shutting down and abandoning module HardwareTargeting (490)
[2021.05.02-18.54.39:863][514]LogModuleManager: Shutting down and abandoning module DeviceProfileEditor (488)
[2021.05.02-18.54.39:863][514]LogModuleManager: Shutting down and abandoning module UndoHistory (486)
[2021.05.02-18.54.39:863][514]LogModuleManager: Shutting down and abandoning module XmlParser (484)
[2021.05.02-18.54.39:863][514]LogModuleManager: Shutting down and abandoning module Blutility (482)
[2021.05.02-18.54.39:863][514]LogModuleManager: Shutting down and abandoning module ProjectSettingsViewer (480)
[2021.05.02-18.54.39:863][514]LogModuleManager: Shutting down and abandoning module ProjectTargetPlatformEditor (479)
[2021.05.02-18.54.39:863][514]LogModuleManager: Shutting down and abandoning module EditorSettingsViewer (476)
[2021.05.02-18.54.39:863][514]LogModuleManager: Shutting down and abandoning module SettingsEditor (474)
[2021.05.02-18.54.39:863][514]LogModuleManager: Shutting down and abandoning module ProjectLauncher (472)
[2021.05.02-18.54.39:863][514]LogModuleManager: Shutting down and abandoning module SessionFrontend (470)
[2021.05.02-18.54.39:863][514]LogModuleManager: Shutting down and abandoning module ProfilerClient (468)
[2021.05.02-18.54.39:863][514]LogModuleManager: Shutting down and abandoning module DeviceManager (466)
[2021.05.02-18.54.39:863][514]LogModuleManager: Shutting down and abandoning module TargetDeviceServices (465)
[2021.05.02-18.54.39:908][514]LogModuleManager: Shutting down and abandoning module AutomationController (462)
[2021.05.02-18.54.39:908][514]LogModuleManager: Shutting down and abandoning module AutomationWindow (460)
[2021.05.02-18.54.39:908][514]LogModuleManager: Shutting down and abandoning module Layers (458)
[2021.05.02-18.54.39:908][514]LogModuleManager: Shutting down and abandoning module ComponentVisualizers (456)
[2021.05.02-18.54.39:908][514]LogModuleManager: Shutting down and abandoning module DetailCustomizations (454)
[2021.05.02-18.54.39:908][514]LogModuleManager: Shutting down and abandoning module PackagesDialog (452)
[2021.05.02-18.54.39:908][514]LogModuleManager: Shutting down and abandoning module Persona (450)
[2021.05.02-18.54.39:908][514]LogModuleManager: Shutting down and abandoning module AdvancedPreviewScene (449)
[2021.05.02-18.54.39:908][514]LogModuleManager: Shutting down and abandoning module AnimGraph (447)
[2021.05.02-18.54.39:908][514]LogModuleManager: Shutting down and abandoning module Kismet (444)
[2021.05.02-18.54.39:916][514]LogModuleManager: Shutting down and abandoning module GraphEditor (442)
[2021.05.02-18.54.39:917][514]LogModuleManager: Shutting down and abandoning module ClassViewer (440)
[2021.05.02-18.54.39:917][514]LogModuleManager: Shutting down and abandoning module Toolbox (438)
[2021.05.02-18.54.39:917][514]LogModuleManager: Shutting down and abandoning module ModuleUI (436)
[2021.05.02-18.54.39:917][514]LogModuleManager: Shutting down and abandoning module MovieSceneTools (434)
[2021.05.02-18.54.39:917][514]LogModuleManager: Shutting down and abandoning module OutputLog (432)
[2021.05.02-18.54.39:917][514]LogModuleManager: Shutting down and abandoning module GammaUI (430)
[2021.05.02-18.54.39:917][514]LogModuleManager: Shutting down and abandoning module Documentation (428)
[2021.05.02-18.54.39:917][514]LogModuleManager: Shutting down and abandoning module MovieSceneTracks (426)
[2021.05.02-18.54.39:917][514]LogModuleManager: Shutting down and abandoning module MovieScene (424)
[2021.05.02-18.54.39:917][514]LogModuleManager: Shutting down and abandoning module StreamingPauseRendering (422)
[2021.05.02-18.54.39:917][514]LogModuleManager: Shutting down and abandoning module LauncherPlatform (420)
[2021.05.02-18.54.39:917][514]LogModuleManager: Shutting down and abandoning module AnalyticsET (418)
[2021.05.02-18.54.39:917][514]LogModuleManager: Shutting down and abandoning module PortalServices (416)
[2021.05.02-18.54.39:917][514]LogModuleManager: Shutting down and abandoning module PortalRpc (414)
[2021.05.02-18.54.39:917][514]LogModuleManager: Shutting down and abandoning module MessagingRpc (412)
[2021.05.02-18.54.39:917][514]LogModuleManager: Shutting down and abandoning module AIModule (410)
[2021.05.02-18.54.39:918][514]LogModuleManager: Shutting down and abandoning module GameplayDebugger (409)
[2021.05.02-18.54.39:918][514]LogModuleManager: Shutting down and abandoning module AITestSuite (407)
[2021.05.02-18.54.39:918][514]LogModuleManager: Shutting down and abandoning module NavigationSystem (405)
[2021.05.02-18.54.39:918][514]LogModuleManager: Shutting down and abandoning module DesktopPlatform (402)
[2021.05.02-18.54.39:918][514]LogModuleManager: Shutting down and abandoning module ProfilerService (400)
[2021.05.02-18.54.40:112][514]LogModuleManager: Shutting down and abandoning module TaskGraph (398)
[2021.05.02-18.54.40:112][514]LogModuleManager: Shutting down and abandoning module SteamVRController (396)
[2021.05.02-18.54.40:112][514]LogModuleManager: Shutting down and abandoning module ProceduralMeshComponentEditor (394)
[2021.05.02-18.54.40:112][514]LogModuleManager: Shutting down and abandoning module ProceduralMeshComponent (392)
[2021.05.02-18.54.40:113][514]LogModuleManager: Shutting down and abandoning module OculusInput (390)
[2021.05.02-18.54.40:113][514]LogModuleManager: Shutting down and abandoning module MobilePatchingUtils (388)
[2021.05.02-18.54.40:113][514]LogModuleManager: Shutting down and abandoning module EditableMesh (386)
[2021.05.02-18.54.40:113][514]LogModuleManager: Shutting down and abandoning module CustomMeshComponent (384)
[2021.05.02-18.54.40:113][514]LogModuleManager: Shutting down and abandoning module CableComponent (382)
[2021.05.02-18.54.40:113][514]LogModuleManager: Shutting down and abandoning module AudioCapture (380)
[2021.05.02-18.54.40:113][514]LogModuleManager: Shutting down and abandoning module ArchVisCharacter (378)
[2021.05.02-18.54.40:113][514]LogModuleManager: Shutting down and abandoning module AndroidPermission (376)
[2021.05.02-18.54.40:113][514]LogModuleManager: Shutting down and abandoning module NUTUnrealEngine4 (374)
[2021.05.02-18.54.40:113][514]LogModuleManager: Shutting down and abandoning module NetcodeUnitTest (372)
[2021.05.02-18.54.40:113][514]LogModuleManager: Shutting down and abandoning module MediaCompositingEditor (370)
[2021.05.02-18.54.40:113][514]LogModuleManager: Shutting down and abandoning module MediaCompositing (368)
[2021.05.02-18.54.40:113][514]LogModuleManager: Shutting down and abandoning module LinearTimecode (366)
[2021.05.02-18.54.40:113][514]LogModuleManager: Shutting down and abandoning module ImgMedia (364)
[2021.05.02-18.54.40:117][514]LogModuleManager: Shutting down and abandoning module HTML5Networking (362)
[2021.05.02-18.54.40:117][514]LogModuleManager: Shutting down and abandoning module GeometryCacheTracks (360)
[2021.05.02-18.54.40:117][514]LogModuleManager: Shutting down and abandoning module GeometryCacheSequencer (358)
[2021.05.02-18.54.40:117][514]LogModuleManager: Shutting down and abandoning module BackChannel (356)
[2021.05.02-18.54.40:117][514]LogModuleManager: Shutting down and abandoning module AppleVision (354)
[2021.05.02-18.54.40:117][514]LogModuleManager: Shutting down and abandoning module AppleImageUtils (352)
[2021.05.02-18.54.40:117][514]LogModuleManager: Shutting down and abandoning module AlembicImporter (350)
[2021.05.02-18.54.40:117][514]LogModuleManager: Shutting down and abandoning module AlembicLibrary (349)
[2021.05.02-18.54.40:117][514]LogModuleManager: Shutting down and abandoning module GeometryCache (348)
[2021.05.02-18.54.40:117][514]LogModuleManager: Shutting down and abandoning module GeometryCacheEd (347)
[2021.05.02-18.54.40:117][514]LogModuleManager: Shutting down and abandoning module DatasmithContentEditor (342)
[2021.05.02-18.54.40:117][514]LogModuleManager: Shutting down and abandoning module DatasmithContent (340)
[2021.05.02-18.54.40:118][514]LogModuleManager: Shutting down and abandoning module SpeedTreeImporter (338)
[2021.05.02-18.54.40:118][514]LogModuleManager: Shutting down and abandoning module PluginBrowser (336)
[2021.05.02-18.54.40:118][514]LogModuleManager: Shutting down and abandoning module MobileLauncherProfileWizard (334)
[2021.05.02-18.54.40:118][514]LogModuleManager: Shutting down and abandoning module PolygonModeling (332)
[2021.05.02-18.54.40:118][514]LogModuleManager: Shutting down and abandoning module MeshEditor (330)
[2021.05.02-18.54.40:118][514]LogModuleManager: Shutting down and abandoning module CryptoKeysOpenSSL (328)
[2021.05.02-18.54.40:118][514]LogModuleManager: Shutting down and abandoning module CryptoKeys (326)
[2021.05.02-18.54.40:118][514]LogModuleManager: Shutting down and abandoning module VisualStudioSourceCodeAccess (324)
[2021.05.02-18.54.40:118][514]LogModuleManager: Shutting down and abandoning module VisualStudioCodeSourceCodeAccess (322)
[2021.05.02-18.54.40:118][514]LogModuleManager: Shutting down and abandoning module UObjectPlugin (320)
[2021.05.02-18.54.40:118][514]LogModuleManager: Shutting down and abandoning module SubversionSourceControl (318)
[2021.05.02-18.54.40:118][514]LogModuleManager: Shutting down and abandoning module PerforceSourceControl (316)
[2021.05.02-18.54.40:118][514]LogModuleManager: Shutting down and abandoning module GitSourceControl (314)
[2021.05.02-18.54.40:118][514]LogModuleManager: Shutting down and abandoning module SourceControl (313)
[2021.05.02-18.54.40:118][514]LogModuleManager: Shutting down and abandoning module CLionSourceCodeAccess (310)
[2021.05.02-18.54.40:118][514]LogModuleManager: Shutting down and abandoning module LightPropagationVolumeEditor (308)
[2021.05.02-18.54.40:118][514]LogModuleManager: Shutting down and abandoning module PaperTiledImporter (306)
[2021.05.02-18.54.40:118][514]LogModuleManager: Shutting down and abandoning module PaperSpriteSheetImporter (304)
[2021.05.02-18.54.40:118][514]LogModuleManager: Shutting down and abandoning module Paper2DEditor (302)
[2021.05.02-18.54.40:119][514]LogModuleManager: Shutting down and abandoning module MeshPaint (301)
[2021.05.02-18.54.40:119][514]LogModuleManager: Shutting down and abandoning module RuntimePhysXCooking (298)
[2021.05.02-18.54.40:119][514]LogModuleManager: Shutting down and abandoning module PhysXVehiclesEditor (296)
[2021.05.02-18.54.40:119][514]LogModuleManager: Shutting down and abandoning module PhysXVehicles (294)
[2021.05.02-18.54.40:119][514]LogModuleManager: Shutting down and abandoning module OculusEditor (292)
[2021.05.02-18.54.40:119][514]LogModuleManager: Shutting down and abandoning module LocationServicesBPLibrary (290)
[2021.05.02-18.54.40:119][514]LogModuleManager: Shutting down and abandoning module ImmediatePhysicsEditor (288)
[2021.05.02-18.54.40:119][514]LogModuleManager: Shutting down and abandoning module ImmediatePhysics (286)
[2021.05.02-18.54.40:119][514]LogModuleManager: Shutting down and abandoning module ActorSequence (284)
[2021.05.02-18.54.40:119][514]LogModuleManager: Shutting down and abandoning module UdpMessaging (282)
[2021.05.02-18.54.40:220][514]LogModuleManager: Shutting down and abandoning module TcpMessaging (280)
[2021.05.02-18.54.40:320][514]LogModuleManager: Shutting down and abandoning module MagicLeapAudio (278)
[2021.05.02-18.54.40:320][514]LogModuleManager: Shutting down and abandoning module GameplayTagsEditor (276)
[2021.05.02-18.54.40:320][514]LogModuleManager: Shutting down and abandoning module FacialAnimationEditor (274)
[2021.05.02-18.54.40:320][514]LogModuleManager: Shutting down and abandoning module FacialAnimation (272)
[2021.05.02-18.54.40:320][514]LogModuleManager: Shutting down and abandoning module DataValidation (270)
[2021.05.02-18.54.40:320][514]LogModuleManager: Shutting down and abandoning module AssetManagerEditor (268)
[2021.05.02-18.54.40:320][514]LogModuleManager: Shutting down and abandoning module LevelEditor (267)
[2021.05.02-18.54.40:321][514]LogModuleManager: Shutting down and abandoning module PixelInspectorModule (266)
[2021.05.02-18.54.40:321][514]LogModuleManager: Shutting down and abandoning module CommonMenuExtensions (264)
[2021.05.02-18.54.40:321][514]LogModuleManager: Shutting down and abandoning module MainFrame (262)
[2021.05.02-18.54.40:321][514]LogModuleManager: Shutting down and abandoning module HotReload (261)
[2021.05.02-18.54.40:321][514]LogModuleManager: Shutting down and abandoning module ContentBrowser (257)
[2021.05.02-18.54.40:322][514]LogModuleManager: Shutting down and abandoning module TreeMap (255)
[2021.05.02-18.54.40:323][514]LogModuleManager: Shutting down and abandoning module LightPropagationVolumeRuntime (252)
[2021.05.02-18.54.40:323][514]LogModuleManager: Shutting down and abandoning module AISupportModule (250)
[2021.05.02-18.54.40:323][514]LogModuleManager: Shutting down and abandoning module Paper2D (248)
[2021.05.02-18.54.40:323][514]LogModuleManager: Shutting down and abandoning module WindowsMoviePlayer (246)
[2021.05.02-18.54.40:323][514]LogModuleManager: Shutting down and abandoning module WmfMedia (244)
[2021.05.02-18.54.40:324][514]LogModuleManager: Shutting down and abandoning module Media (243)
[2021.05.02-18.54.40:330][514]LogModuleManager: Shutting down and abandoning module PacketHandler (240)
[2021.05.02-18.54.40:330][514]LogModuleManager: Shutting down and abandoning module ClothingSystemEditor (238)
[2021.05.02-18.54.40:330][514]LogModuleManager: Shutting down and abandoning module ClothingSystemRuntime (236)
[2021.05.02-18.54.40:331][514]LogModuleManager: Shutting down and abandoning module MediaAssets (234)
[2021.05.02-18.54.40:331][514]LogModuleManager: Shutting down and abandoning module Overlay (232)
[2021.05.02-18.54.40:331][514]LogModuleManager: Shutting down and abandoning module OverlayEditor (231)
[2021.05.02-18.54.40:331][514]LogModuleManager: Shutting down and abandoning module VREditor (228)
[2021.05.02-18.54.40:331][514]LogModuleManager: Shutting down and abandoning module StringTableEditor (226)
[2021.05.02-18.54.40:331][514]LogModuleManager: Shutting down and abandoning module GameplayTasksEditor (224)
[2021.05.02-18.54.40:331][514]LogModuleManager: Shutting down and abandoning module BehaviorTreeEditor (222)
[2021.05.02-18.54.40:331][514]LogModuleManager: Shutting down and abandoning module FunctionalTesting (220)
[2021.05.02-18.54.40:331][514]LogModuleManager: Shutting down and abandoning module CollisionAnalyzer (218)
[2021.05.02-18.54.40:331][514]LogModuleManager: Shutting down and abandoning module WorkspaceMenuStructure (217)
[2021.05.02-18.54.40:331][514]LogModuleManager: Shutting down and abandoning module UMG (214)
[2021.05.02-18.54.40:331][514]LogModuleManager: Shutting down and abandoning module UMGEditor (213)
[2021.05.02-18.54.40:331][514]LogModuleManager: Shutting down and abandoning module Sequencer (212)
[2021.05.02-18.54.40:331][514]LogModuleManager: Shutting down and abandoning module MessageLog (209)
[2021.05.02-18.54.40:331][514]LogModuleManager: Shutting down and abandoning module SlateReflector (204)
[2021.05.02-18.54.40:331][514]LogModuleManager: Shutting down and abandoning module Slate (202)
[2021.05.02-18.54.40:331][514]LogModuleManager: Shutting down and abandoning module EditorStyle (200)
[2021.05.02-18.54.40:333][514]LogModuleManager: Shutting down and abandoning module MRMesh (198)
[2021.05.02-18.54.40:333][514]LogModuleManager: Shutting down and abandoning module SourceCodeAccess (196)
[2021.05.02-18.54.40:333][514]LogModuleManager: Shutting down and abandoning module HeadMountedDisplay (194)
[2021.05.02-18.54.40:333][514]LogModuleManager: Shutting down and abandoning module XAudio2 (192)
[2021.05.02-18.54.40:333][514]LogModuleManager: Shutting down and abandoning module Networking (190)
[2021.05.02-18.54.40:333][514]LogModuleManager: Shutting down and abandoning module Core (188)
[2021.05.02-18.54.40:333][514]LogModuleManager: Shutting down and abandoning module LevelSequence (186)
[2021.05.02-18.54.40:333][514]LogModuleManager: Shutting down and abandoning module KismetCompiler (184)
[2021.05.02-18.54.40:333][514]LogModuleManager: Shutting down and abandoning module MeshUtilities (182)
[2021.05.02-18.54.40:333][514]LogModuleManager: Shutting down and abandoning module MeshMergeUtilities (181)
[2021.05.02-18.54.40:333][514]LogModuleManager: Shutting down and abandoning module MeshReductionInterface (180)
[2021.05.02-18.54.40:333][514]LogModuleManager: Shutting down and abandoning module SimplygonSwarm (179)
[2021.05.02-18.54.40:334][514]LogModuleManager: Shutting down and abandoning module ProxyLODMeshReduction (177)
[2021.05.02-18.54.40:334][514]LogModuleManager: Shutting down and abandoning module SimplygonMeshReduction (175)
[2021.05.02-18.54.40:334][514]LogModuleManager: Shutting down and abandoning module QuadricMeshReduction (173)
[2021.05.02-18.54.40:334][514]LogModuleManager: Shutting down and abandoning module MaterialBaking (169)
[2021.05.02-18.54.40:334][514]LogModuleManager: Shutting down and abandoning module DirectoryWatcher (165)
[2021.05.02-18.54.40:334][514]LogModuleManager: Shutting down and abandoning module DerivedDataCache (162)
[2021.05.02-18.54.40:376][514]LogDerivedDataCache: Shutdown
[2021.05.02-18.54.40:376][514]LogModuleManager: Shutting down and abandoning module XGEController (160)
[2021.05.02-18.54.40:376][514]LogModuleManager: Shutting down and abandoning module TargetPlatform (158)
[2021.05.02-18.54.40:376][514]LogModuleManager: Shutting down and abandoning module VulkanShaderFormat (157)
[2021.05.02-18.54.40:376][514]LogModuleManager: Shutting down and abandoning module ShaderFormatVectorVM (155)
[2021.05.02-18.54.40:376][514]LogModuleManager: Shutting down and abandoning module ShaderFormatOpenGL (153)
[2021.05.02-18.54.40:376][514]LogModuleManager: Shutting down and abandoning module ShaderFormatD3D (151)
[2021.05.02-18.54.40:376][514]LogModuleManager: Shutting down and abandoning module MetalShaderFormat (149)
[2021.05.02-18.54.40:376][514]LogModuleManager: Shutting down and abandoning module TextureFormatUncompressed (147)
[2021.05.02-18.54.40:376][514]LogModuleManager: Shutting down and abandoning module TextureFormatPVR (145)
[2021.05.02-18.54.40:376][514]LogModuleManager: Shutting down and abandoning module TextureFormatDXT (143)
[2021.05.02-18.54.40:376][514]LogModuleManager: Shutting down and abandoning module TextureFormatIntelISPCTexComp (141)
[2021.05.02-18.54.40:377][514]LogModuleManager: Shutting down and abandoning module TextureFormatASTC (139)
[2021.05.02-18.54.40:377][514]LogModuleManager: Shutting down and abandoning module ImageWrapper (138)
[2021.05.02-18.54.40:377][514]LogModuleManager: Shutting down and abandoning module TextureFormatAndroid (135)
[2021.05.02-18.54.40:377][514]LogModuleManager: Shutting down and abandoning module AudioFormatOpus (133)
[2021.05.02-18.54.40:377][514]LogModuleManager: Shutting down and abandoning module AudioFormatOgg (131)
[2021.05.02-18.54.40:377][514]LogModuleManager: Shutting down and abandoning module AudioFormatADPCM (129)
[2021.05.02-18.54.40:377][514]LogModuleManager: Shutting down and abandoning module LuminTargetPlatform (127)
[2021.05.02-18.54.40:377][514]LogModuleManager: Shutting down and abandoning module LinuxTargetPlatform (125)
[2021.05.02-18.54.40:377][514]LogModuleManager: Shutting down and abandoning module LinuxServerTargetPlatform (123)
[2021.05.02-18.54.40:377][514]LogModuleManager: Shutting down and abandoning module LinuxNoEditorTargetPlatform (121)
[2021.05.02-18.54.40:377][514]LogModuleManager: Shutting down and abandoning module LinuxClientTargetPlatform (119)
[2021.05.02-18.54.40:377][514]LogModuleManager: Shutting down and abandoning module TVOSTargetPlatform (117)
[2021.05.02-18.54.40:378][514]LogModuleManager: Shutting down and abandoning module Messaging (115)
[2021.05.02-18.54.40:378][514]LogModuleManager: Shutting down and abandoning module IOSTargetPlatform (113)
[2021.05.02-18.54.40:379][514]LogModuleManager: Shutting down and abandoning module HTML5TargetPlatform (111)
[2021.05.02-18.54.40:379][514]LogModuleManager: Shutting down and abandoning module AndroidTargetPlatform (109)
[2021.05.02-18.54.40:385][514]LogModuleManager: Shutting down and abandoning module WindowsTargetPlatform (107)
[2021.05.02-18.54.40:385][514]LogModuleManager: Shutting down and abandoning module WindowsServerTargetPlatform (105)
[2021.05.02-18.54.40:385][514]LogModuleManager: Shutting down and abandoning module WindowsNoEditorTargetPlatform (103)
[2021.05.02-18.54.40:385][514]LogModuleManager: Shutting down and abandoning module WindowsClientTargetPlatform (101)
[2021.05.02-18.54.40:385][514]LogModuleManager: Shutting down and abandoning module MacTargetPlatform (99)
[2021.05.02-18.54.40:385][514]LogModuleManager: Shutting down and abandoning module MacServerTargetPlatform (97)
[2021.05.02-18.54.40:385][514]LogModuleManager: Shutting down and abandoning module MacNoEditorTargetPlatform (95)
[2021.05.02-18.54.40:385][514]LogModuleManager: Shutting down and abandoning module MacClientTargetPlatform (93)
[2021.05.02-18.54.40:385][514]LogModuleManager: Shutting down and abandoning module AllDesktopTargetPlatform (91)
[2021.05.02-18.54.40:386][514]LogModuleManager: Shutting down and abandoning module InputCore (88)
[2021.05.02-18.54.40:386][514]LogModuleManager: Shutting down and abandoning module Settings (86)
[2021.05.02-18.54.40:386][514]LogModuleManager: Shutting down and abandoning module PhysXCooking (84)
[2021.05.02-18.54.40:386][514]LogModuleManager: Shutting down and abandoning module SteamVR (82)
[2021.05.02-18.54.40:386][514]LogModuleManager: Shutting down and abandoning module OculusHMD (80)
[2021.05.02-18.54.40:386][514]LogModuleManager: Shutting down and abandoning module ExampleDeviceProfileSelector (78)
[2021.05.02-18.54.40:386][514]LogModuleManager: Shutting down and abandoning module LauncherChunkInstaller (76)
[2021.05.02-18.54.40:386][514]LogModuleManager: Shutting down and abandoning module OnlineBlueprintSupport (74)
[2021.05.02-18.54.40:386][514]LogModuleManager: Shutting down and abandoning module OnlineSubsystem (70)
[2021.05.02-18.54.40:387][514]LogModuleManager: Shutting down and abandoning module XMPP (65)
[2021.05.02-18.54.40:387][514]LogModuleManager: Shutting down and abandoning module WebSockets (64)
[2021.05.02-18.54.40:417][514]LogModuleManager: Shutting down and abandoning module HTTP (61)
[2021.05.02-18.54.40:417][514]LogHttp: Display: Http module shutting down, but needs to wait on 1 outstanding Http requests:
[2021.05.02-18.54.40:417][514]LogHttp: Display: 	verb=[POST] url=[https://datarouter.ol.epicgames.com/datarouter/api/v1/public/data?SessionID=%7B8B55C600-4797-AD9C-C882-36A12F803EFB%7D&AppID=UEEditor.Rocket.Release&AppVersion=4.20.3-4369336%2B%2B%2BUE4%2BRelease-4.20&UserID=4a55da304b5a55eb6b8b118fb5fbf03c%7C323b72e8b67847799dafc345eb1072de%7C6f448ca3-c922-471a-b88d-eebc0e36d197&AppEnvironment=datacollector-binary&UploadType=eteventstream] status=Processing
[2021.05.02-18.54.40:437][514]LogModuleManager: Shutting down and abandoning module SSL (60)
[2021.05.02-18.54.40:438][514]LogModuleManager: Shutting down and abandoning module MagicLeapEmulator (56)
[2021.05.02-18.54.40:438][514]LogModuleManager: Shutting down and abandoning module MagicLeapPrivileges (54)
[2021.05.02-18.54.40:438][514]LogModuleManager: Shutting down and abandoning module MagicLeapIdentity (52)
[2021.05.02-18.54.40:438][514]LogModuleManager: Shutting down and abandoning module MagicLeapHelperVulkan (50)
[2021.05.02-18.54.40:438][514]LogModuleManager: Shutting down and abandoning module MagicLeapHelperOpenGL (48)
[2021.05.02-18.54.40:439][514]LogModuleManager: Shutting down and abandoning module MagicLeapSecureStorage (46)
[2021.05.02-18.54.40:439][514]LogModuleManager: Shutting down and abandoning module MagicLeapGestures (44)
[2021.05.02-18.54.40:439][514]LogModuleManager: Shutting down and abandoning module MagicLeapEyeTracker (42)
[2021.05.02-18.54.40:439][514]LogModuleManager: Shutting down and abandoning module MagicLeapController (40)
[2021.05.02-18.54.40:439][514]LogSlate: Slate User Destroyed.  User Index 0, Is Virtual User: 0
[2021.05.02-18.54.40:439][514]LogModuleManager: Shutting down and abandoning module MagicLeap (38)
[2021.05.02-18.54.40:439][514]LogModuleManager: Shutting down and abandoning module AnimationModifiers (36)
[2021.05.02-18.54.40:439][514]LogModuleManager: Shutting down and abandoning module PropertyEditor (35)
[2021.05.02-18.54.40:439][514]LogModuleManager: Shutting down and abandoning module AudioEditor (32)
[2021.05.02-18.54.40:439][514]LogModuleManager: Shutting down and abandoning module TextureCompressor (30)
[2021.05.02-18.54.40:439][514]LogModuleManager: Shutting down and abandoning module ShaderCore (28)
[2021.05.02-18.54.40:439][514]LogModuleManager: Shutting down and abandoning module Landscape (26)
[2021.05.02-18.54.40:439][514]LogModuleManager: Shutting down and abandoning module SlateRHIRenderer (24)
[2021.05.02-18.54.40:440][514]LogModuleManager: Shutting down and abandoning module OpenGLDrv (22)
[2021.05.02-18.54.40:440][514]LogModuleManager: Shutting down and abandoning module D3D11RHI (20)
[2021.05.02-18.54.40:440][514]LogModuleManager: Shutting down and abandoning module AnimGraphRuntime (18)
[2021.05.02-18.54.40:440][514]LogModuleManager: Shutting down and abandoning module Renderer (16)
[2021.05.02-18.54.40:440][514]LogModuleManager: Shutting down and abandoning module Engine (14)
[2021.05.02-18.54.40:440][514]LogModuleManager: Shutting down and abandoning module CoreUObject (12)
[2021.05.02-18.54.40:440][514]LogModuleManager: Shutting down and abandoning module NetworkFile (10)
[2021.05.02-18.54.40:440][514]LogModuleManager: Shutting down and abandoning module CookedIterativeFile (8)
[2021.05.02-18.54.40:440][514]LogModuleManager: Shutting down and abandoning module StreamingFile (6)
[2021.05.02-18.54.40:440][514]LogModuleManager: Shutting down and abandoning module SandboxFile (4)
[2021.05.02-18.54.40:440][514]LogModuleManager: Shutting down and abandoning module PakFile (2)
[2021.05.02-18.54.40:453][514]LogExit: Exiting.
[2021.05.02-18.54.40:458][514]Log file closed, 05/02/21 20:54:40
